[0.834s] DEBUG:colcon:Command line arguments: ['/usr/bin/colcon', 'build']
[0.834s] DEBUG:colcon:Parsed command line arguments: Namespace(log_base=None, log_level=None, verb_name='build', build_base='build', install_base='install', merge_install=False, symlink_install=False, test_result_base=None, continue_on_error=False, executor='parallel', parallel_workers=16, event_handlers=None, ignore_user_meta=False, metas=['./colcon.meta'], base_paths=['.'], packages_ignore=None, packages_ignore_regex=None, paths=None, packages_up_to=None, packages_up_to_regex=None, packages_above=None, packages_above_and_dependencies=None, packages_above_depth=None, packages_select_by_dep=None, packages_skip_by_dep=None, packages_skip_up_to=None, packages_select_build_failed=False, packages_skip_build_finished=False, packages_select_test_failures=False, packages_skip_test_passed=False, packages_select=None, packages_skip=None, packages_select_regex=None, packages_skip_regex=None, packages_start=None, packages_end=None, allow_overriding=[], cmake_args=None, cmake_target=None, cmake_target_skip_unavailable=False, cmake_clean_cache=False, cmake_clean_first=False, cmake_force_configure=False, ament_cmake_args=None, catkin_cmake_args=None, catkin_skip_building_tests=False, verb_parser=<colcon_defaults.argument_parser.defaults.DefaultArgumentsDecorator object at 0x7e8b5623f670>, verb_extension=<colcon_core.verb.build.BuildVerb object at 0x7e8b5623fb20>, main=<bound method BuildVerb.main of <colcon_core.verb.build.BuildVerb object at 0x7e8b5623fb20>>)
[0.873s] Level 1:colcon.colcon_core.package_discovery:discover_packages(colcon_meta) check parameters
[0.873s] Level 1:colcon.colcon_core.package_discovery:discover_packages(recursive) check parameters
[0.873s] Level 1:colcon.colcon_core.package_discovery:discover_packages(ignore) check parameters
[0.873s] Level 1:colcon.colcon_core.package_discovery:discover_packages(path) check parameters
[0.873s] Level 1:colcon.colcon_core.package_discovery:discover_packages(colcon_meta) discover
[0.873s] Level 1:colcon.colcon_core.package_discovery:discover_packages(recursive) discover
[0.873s] INFO:colcon.colcon_core.package_discovery:Crawling recursively for packages in '/home/upsilon/Desktop/fresh'
[0.873s] Level 1:colcon.colcon_core.package_identification:_identify(.) by extensions ['ignore', 'ignore_ament_install']
[0.873s] Level 1:colcon.colcon_core.package_identification:_identify(.) by extension 'ignore'
[0.873s] Level 1:colcon.colcon_core.package_identification:_identify(.) by extension 'ignore_ament_install'
[0.873s] Level 1:colcon.colcon_core.package_identification:_identify(.) by extensions ['colcon_pkg']
[0.873s] Level 1:colcon.colcon_core.package_identification:_identify(.) by extension 'colcon_pkg'
[0.873s] Level 1:colcon.colcon_core.package_identification:_identify(.) by extensions ['colcon_meta']
[0.873s] Level 1:colcon.colcon_core.package_identification:_identify(.) by extension 'colcon_meta'
[0.873s] Level 1:colcon.colcon_core.package_identification:_identify(.) by extensions ['ros']
[0.873s] Level 1:colcon.colcon_core.package_identification:_identify(.) by extension 'ros'
[0.881s] Level 1:colcon.colcon_core.package_identification:_identify(.) by extensions ['cmake', 'python']
[0.881s] Level 1:colcon.colcon_core.package_identification:_identify(.) by extension 'cmake'
[0.881s] Level 1:colcon.colcon_core.package_identification:_identify(.) by extension 'python'
[0.881s] Level 1:colcon.colcon_core.package_identification:_identify(.) by extensions ['python_setup_py']
[0.881s] Level 1:colcon.colcon_core.package_identification:_identify(.) by extension 'python_setup_py'
[0.881s] Level 1:colcon.colcon_core.package_identification:_identify(build) by extensions ['ignore', 'ignore_ament_install']
[0.881s] Level 1:colcon.colcon_core.package_identification:_identify(build) by extension 'ignore'
[0.881s] Level 1:colcon.colcon_core.package_identification:_identify(build) ignored
[0.882s] Level 1:colcon.colcon_core.package_identification:_identify(install) by extensions ['ignore', 'ignore_ament_install']
[0.882s] Level 1:colcon.colcon_core.package_identification:_identify(install) by extension 'ignore'
[0.882s] Level 1:colcon.colcon_core.package_identification:_identify(install) ignored
[0.882s] Level 1:colcon.colcon_core.package_identification:_identify(log) by extensions ['ignore', 'ignore_ament_install']
[0.882s] Level 1:colcon.colcon_core.package_identification:_identify(log) by extension 'ignore'
[0.882s] Level 1:colcon.colcon_core.package_identification:_identify(log) ignored
[0.882s] Level 1:colcon.colcon_core.package_identification:_identify(src) by extensions ['ignore', 'ignore_ament_install']
[0.882s] Level 1:colcon.colcon_core.package_identification:_identify(src) by extension 'ignore'
[0.882s] Level 1:colcon.colcon_core.package_identification:_identify(src) by extension 'ignore_ament_install'
[0.882s] Level 1:colcon.colcon_core.package_identification:_identify(src) by extensions ['colcon_pkg']
[0.882s] Level 1:colcon.colcon_core.package_identification:_identify(src) by extension 'colcon_pkg'
[0.882s] Level 1:colcon.colcon_core.package_identification:_identify(src) by extensions ['colcon_meta']
[0.882s] Level 1:colcon.colcon_core.package_identification:_identify(src) by extension 'colcon_meta'
[0.882s] Level 1:colcon.colcon_core.package_identification:_identify(src) by extensions ['ros']
[0.882s] Level 1:colcon.colcon_core.package_identification:_identify(src) by extension 'ros'
[0.882s] Level 1:colcon.colcon_core.package_identification:_identify(src) by extensions ['cmake', 'python']
[0.882s] Level 1:colcon.colcon_core.package_identification:_identify(src) by extension 'cmake'
[0.882s] Level 1:colcon.colcon_core.package_identification:_identify(src) by extension 'python'
[0.882s] Level 1:colcon.colcon_core.package_identification:_identify(src) by extensions ['python_setup_py']
[0.882s] Level 1:colcon.colcon_core.package_identification:_identify(src) by extension 'python_setup_py'
[0.883s] Level 1:colcon.colcon_core.package_identification:_identify(src/dis_tutorial3) by extensions ['ignore', 'ignore_ament_install']
[0.883s] Level 1:colcon.colcon_core.package_identification:_identify(src/dis_tutorial3) by extension 'ignore'
[0.883s] Level 1:colcon.colcon_core.package_identification:_identify(src/dis_tutorial3) by extension 'ignore_ament_install'
[0.883s] Level 1:colcon.colcon_core.package_identification:_identify(src/dis_tutorial3) by extensions ['colcon_pkg']
[0.883s] Level 1:colcon.colcon_core.package_identification:_identify(src/dis_tutorial3) by extension 'colcon_pkg'
[0.883s] Level 1:colcon.colcon_core.package_identification:_identify(src/dis_tutorial3) by extensions ['colcon_meta']
[0.883s] Level 1:colcon.colcon_core.package_identification:_identify(src/dis_tutorial3) by extension 'colcon_meta'
[0.883s] Level 1:colcon.colcon_core.package_identification:_identify(src/dis_tutorial3) by extensions ['ros']
[0.883s] Level 1:colcon.colcon_core.package_identification:_identify(src/dis_tutorial3) by extension 'ros'
[0.885s] DEBUG:colcon.colcon_core.package_identification:Package 'src/dis_tutorial3' with type 'ros.ament_cmake' and name 'dis_tutorial3'
[0.885s] Level 1:colcon.colcon_core.package_identification:_identify(src/dis_tutorial7) by extensions ['ignore', 'ignore_ament_install']
[0.885s] Level 1:colcon.colcon_core.package_identification:_identify(src/dis_tutorial7) by extension 'ignore'
[0.885s] Level 1:colcon.colcon_core.package_identification:_identify(src/dis_tutorial7) by extension 'ignore_ament_install'
[0.885s] Level 1:colcon.colcon_core.package_identification:_identify(src/dis_tutorial7) by extensions ['colcon_pkg']
[0.885s] Level 1:colcon.colcon_core.package_identification:_identify(src/dis_tutorial7) by extension 'colcon_pkg'
[0.885s] Level 1:colcon.colcon_core.package_identification:_identify(src/dis_tutorial7) by extensions ['colcon_meta']
[0.886s] Level 1:colcon.colcon_core.package_identification:_identify(src/dis_tutorial7) by extension 'colcon_meta'
[0.886s] Level 1:colcon.colcon_core.package_identification:_identify(src/dis_tutorial7) by extensions ['ros']
[0.886s] Level 1:colcon.colcon_core.package_identification:_identify(src/dis_tutorial7) by extension 'ros'
[0.886s] DEBUG:colcon.colcon_core.package_identification:Package 'src/dis_tutorial7' with type 'ros.ament_cmake' and name 'dis_tutorial7'
[0.886s] Level 1:colcon.colcon_core.package_discovery:discover_packages(recursive) using defaults
[0.886s] Level 1:colcon.colcon_core.package_discovery:discover_packages(ignore) discover
[0.886s] Level 1:colcon.colcon_core.package_discovery:discover_packages(ignore) using defaults
[0.886s] Level 1:colcon.colcon_core.package_discovery:discover_packages(path) discover
[0.886s] Level 1:colcon.colcon_core.package_discovery:discover_packages(path) using defaults
[0.963s] Level 1:colcon.colcon_core.package_discovery:discover_packages(prefix_path) check parameters
[0.963s] Level 1:colcon.colcon_core.package_discovery:discover_packages(prefix_path) discover
[0.989s] DEBUG:colcon.colcon_installed_package_information.package_discovery:Found 2 installed packages in /home/upsilon/Desktop/fresh/install
[1.001s] DEBUG:colcon.colcon_installed_package_information.package_discovery:Found 0 installed packages in /home/upsilon/colcon_ws/install
[1.015s] DEBUG:colcon.colcon_installed_package_information.package_discovery:Found 411 installed packages in /opt/ros/humble
[1.026s] Level 1:colcon.colcon_core.package_discovery:discover_packages(prefix_path) using defaults
[1.107s] Level 5:colcon.colcon_core.verb:set package 'dis_tutorial3' build argument 'cmake_args' from command line to 'None'
[1.107s] Level 5:colcon.colcon_core.verb:set package 'dis_tutorial3' build argument 'cmake_target' from command line to 'None'
[1.107s] Level 5:colcon.colcon_core.verb:set package 'dis_tutorial3' build argument 'cmake_target_skip_unavailable' from command line to 'False'
[1.107s] Level 5:colcon.colcon_core.verb:set package 'dis_tutorial3' build argument 'cmake_clean_cache' from command line to 'False'
[1.107s] Level 5:colcon.colcon_core.verb:set package 'dis_tutorial3' build argument 'cmake_clean_first' from command line to 'False'
[1.107s] Level 5:colcon.colcon_core.verb:set package 'dis_tutorial3' build argument 'cmake_force_configure' from command line to 'False'
[1.107s] Level 5:colcon.colcon_core.verb:set package 'dis_tutorial3' build argument 'ament_cmake_args' from command line to 'None'
[1.107s] Level 5:colcon.colcon_core.verb:set package 'dis_tutorial3' build argument 'catkin_cmake_args' from command line to 'None'
[1.107s] Level 5:colcon.colcon_core.verb:set package 'dis_tutorial3' build argument 'catkin_skip_building_tests' from command line to 'False'
[1.107s] DEBUG:colcon.colcon_core.verb:Building package 'dis_tutorial3' with the following arguments: {'ament_cmake_args': None, 'build_base': '/home/upsilon/Desktop/fresh/build/dis_tutorial3', 'catkin_cmake_args': None, 'catkin_skip_building_tests': False, 'cmake_args': None, 'cmake_clean_cache': False, 'cmake_clean_first': False, 'cmake_force_configure': False, 'cmake_target': None, 'cmake_target_skip_unavailable': False, 'install_base': '/home/upsilon/Desktop/fresh/install/dis_tutorial3', 'merge_install': False, 'path': '/home/upsilon/Desktop/fresh/src/dis_tutorial3', 'symlink_install': False, 'test_result_base': None}
[1.120s] Level 5:colcon.colcon_core.verb:set package 'dis_tutorial7' build argument 'cmake_args' from command line to 'None'
[1.120s] Level 5:colcon.colcon_core.verb:set package 'dis_tutorial7' build argument 'cmake_target' from command line to 'None'
[1.120s] Level 5:colcon.colcon_core.verb:set package 'dis_tutorial7' build argument 'cmake_target_skip_unavailable' from command line to 'False'
[1.120s] Level 5:colcon.colcon_core.verb:set package 'dis_tutorial7' build argument 'cmake_clean_cache' from command line to 'False'
[1.120s] Level 5:colcon.colcon_core.verb:set package 'dis_tutorial7' build argument 'cmake_clean_first' from command line to 'False'
[1.120s] Level 5:colcon.colcon_core.verb:set package 'dis_tutorial7' build argument 'cmake_force_configure' from command line to 'False'
[1.120s] Level 5:colcon.colcon_core.verb:set package 'dis_tutorial7' build argument 'ament_cmake_args' from command line to 'None'
[1.120s] Level 5:colcon.colcon_core.verb:set package 'dis_tutorial7' build argument 'catkin_cmake_args' from command line to 'None'
[1.120s] Level 5:colcon.colcon_core.verb:set package 'dis_tutorial7' build argument 'catkin_skip_building_tests' from command line to 'False'
[1.120s] DEBUG:colcon.colcon_core.verb:Building package 'dis_tutorial7' with the following arguments: {'ament_cmake_args': None, 'build_base': '/home/upsilon/Desktop/fresh/build/dis_tutorial7', 'catkin_cmake_args': None, 'catkin_skip_building_tests': False, 'cmake_args': None, 'cmake_clean_cache': False, 'cmake_clean_first': False, 'cmake_force_configure': False, 'cmake_target': None, 'cmake_target_skip_unavailable': False, 'install_base': '/home/upsilon/Desktop/fresh/install/dis_tutorial7', 'merge_install': False, 'path': '/home/upsilon/Desktop/fresh/src/dis_tutorial7', 'symlink_install': False, 'test_result_base': None}
[1.133s] INFO:colcon.colcon_core.executor:Executing jobs using 'parallel' executor
[1.146s] DEBUG:colcon.colcon_parallel_executor.executor.parallel:run_until_complete
[1.146s] INFO:colcon.colcon_ros.task.ament_cmake.build:Building ROS package in '/home/upsilon/Desktop/fresh/src/dis_tutorial3' with build type 'ament_cmake'
[1.146s] INFO:colcon.colcon_cmake.task.cmake.build:Building CMake package in '/home/upsilon/Desktop/fresh/src/dis_tutorial3'
[1.160s] INFO:colcon.colcon_core.plugin_system:Skipping extension 'colcon_core.shell.bat': Not used on non-Windows systems
[1.160s] INFO:colcon.colcon_core.shell:Skip shell extension 'powershell' for command environment: Not usable outside of PowerShell
[1.160s] DEBUG:colcon.colcon_core.shell:Skip shell extension 'dsv' for command environment
[1.212s] INFO:colcon.colcon_ros.task.ament_cmake.build:Building ROS package in '/home/upsilon/Desktop/fresh/src/dis_tutorial7' with build type 'ament_cmake'
[1.212s] INFO:colcon.colcon_cmake.task.cmake.build:Building CMake package in '/home/upsilon/Desktop/fresh/src/dis_tutorial7'
[1.225s] INFO:colcon.colcon_core.shell:Skip shell extension 'powershell' for command environment: Not usable outside of PowerShell
[1.225s] DEBUG:colcon.colcon_core.shell:Skip shell extension 'dsv' for command environment
[1.281s] DEBUG:colcon.colcon_core.event_handler.log_command:Invoking command in '/home/upsilon/Desktop/fresh/build/dis_tutorial3': CMAKE_PREFIX_PATH=${CMAKE_PREFIX_PATH}:/opt/ros/humble /usr/bin/cmake --build /home/upsilon/Desktop/fresh/build/dis_tutorial3 -- -j16 -l16
[1.284s] DEBUG:colcon.colcon_core.event_handler.log_command:Invoking command in '/home/upsilon/Desktop/fresh/build/dis_tutorial7': CMAKE_PREFIX_PATH=${CMAKE_PREFIX_PATH}:/opt/ros/humble /usr/bin/cmake --build /home/upsilon/Desktop/fresh/build/dis_tutorial7 -- -j16 -l16
[1.316s] DEBUG:colcon.colcon_core.event_handler.log_command:Invoked command in '/home/upsilon/Desktop/fresh/build/dis_tutorial7' returned '0': CMAKE_PREFIX_PATH=${CMAKE_PREFIX_PATH}:/opt/ros/humble /usr/bin/cmake --build /home/upsilon/Desktop/fresh/build/dis_tutorial7 -- -j16 -l16
[1.342s] DEBUG:colcon.colcon_core.event_handler.log_command:Invoking command in '/home/upsilon/Desktop/fresh/build/dis_tutorial7': CMAKE_PREFIX_PATH=${CMAKE_PREFIX_PATH}:/opt/ros/humble /usr/bin/cmake --install /home/upsilon/Desktop/fresh/build/dis_tutorial7
[1.346s] DEBUG:colcon.colcon_core.event_handler.log_command:Invoked command in '/home/upsilon/Desktop/fresh/build/dis_tutorial3' returned '0': CMAKE_PREFIX_PATH=${CMAKE_PREFIX_PATH}:/opt/ros/humble /usr/bin/cmake --build /home/upsilon/Desktop/fresh/build/dis_tutorial3 -- -j16 -l16
[1.362s] Level 1:colcon.colcon_core.environment:create_environment_scripts_only(dis_tutorial7)
[1.363s] DEBUG:colcon.colcon_core.event_handler.log_command:Invoked command in '/home/upsilon/Desktop/fresh/build/dis_tutorial7' returned '0': CMAKE_PREFIX_PATH=${CMAKE_PREFIX_PATH}:/opt/ros/humble /usr/bin/cmake --install /home/upsilon/Desktop/fresh/build/dis_tutorial7
[1.378s] Level 1:colcon.colcon_core.environment:checking '/home/upsilon/Desktop/fresh/install/dis_tutorial7' for CMake module files
[1.378s] Level 1:colcon.colcon_core.environment:checking '/home/upsilon/Desktop/fresh/install/dis_tutorial7' for CMake config files
[1.378s] Level 1:colcon.colcon_core.shell:create_environment_hook('dis_tutorial7', 'cmake_prefix_path')
[1.391s] INFO:colcon.colcon_core.shell:Creating environment hook '/home/upsilon/Desktop/fresh/install/dis_tutorial7/share/dis_tutorial7/hook/cmake_prefix_path.ps1'
[1.392s] INFO:colcon.colcon_core.shell:Creating environment descriptor '/home/upsilon/Desktop/fresh/install/dis_tutorial7/share/dis_tutorial7/hook/cmake_prefix_path.dsv'
[1.392s] INFO:colcon.colcon_core.shell:Creating environment hook '/home/upsilon/Desktop/fresh/install/dis_tutorial7/share/dis_tutorial7/hook/cmake_prefix_path.sh'
[1.393s] Level 1:colcon.colcon_core.environment:checking '/home/upsilon/Desktop/fresh/install/dis_tutorial7/lib'
[1.393s] Level 1:colcon.colcon_core.environment:checking '/home/upsilon/Desktop/fresh/install/dis_tutorial7/bin'
[1.393s] Level 1:colcon.colcon_core.environment:checking '/home/upsilon/Desktop/fresh/install/dis_tutorial7/lib/pkgconfig/dis_tutorial7.pc'
[1.393s] Level 1:colcon.colcon_core.environment:checking '/home/upsilon/Desktop/fresh/install/dis_tutorial7/lib/python3.10/site-packages'
[1.393s] Level 1:colcon.colcon_core.environment:checking '/home/upsilon/Desktop/fresh/install/dis_tutorial7/bin'
[1.406s] INFO:colcon.colcon_core.shell:Creating package script '/home/upsilon/Desktop/fresh/install/dis_tutorial7/share/dis_tutorial7/package.ps1'
[1.407s] INFO:colcon.colcon_core.shell:Creating package descriptor '/home/upsilon/Desktop/fresh/install/dis_tutorial7/share/dis_tutorial7/package.dsv'
[1.407s] INFO:colcon.colcon_core.shell:Creating package script '/home/upsilon/Desktop/fresh/install/dis_tutorial7/share/dis_tutorial7/package.sh'
[1.408s] INFO:colcon.colcon_core.shell:Creating package script '/home/upsilon/Desktop/fresh/install/dis_tutorial7/share/dis_tutorial7/package.bash'
[1.408s] INFO:colcon.colcon_core.shell:Creating package script '/home/upsilon/Desktop/fresh/install/dis_tutorial7/share/dis_tutorial7/package.zsh'
[1.409s] Level 1:colcon.colcon_core.environment:create_file_with_runtime_dependencies(/home/upsilon/Desktop/fresh/install/dis_tutorial7/share/colcon-core/packages/dis_tutorial7)
[1.411s] DEBUG:colcon.colcon_core.event_handler.log_command:Invoking command in '/home/upsilon/Desktop/fresh/build/dis_tutorial3': CMAKE_PREFIX_PATH=${CMAKE_PREFIX_PATH}:/opt/ros/humble /usr/bin/cmake --install /home/upsilon/Desktop/fresh/build/dis_tutorial3
[1.442s] Level 1:colcon.colcon_core.environment:create_environment_scripts_only(dis_tutorial7)
[1.455s] Level 1:colcon.colcon_core.environment:checking '/home/upsilon/Desktop/fresh/install/dis_tutorial7' for CMake module files
[1.455s] Level 1:colcon.colcon_core.environment:checking '/home/upsilon/Desktop/fresh/install/dis_tutorial7' for CMake config files
[1.456s] Level 1:colcon.colcon_core.shell:create_environment_hook('dis_tutorial7', 'cmake_prefix_path')
[1.468s] INFO:colcon.colcon_core.shell:Creating environment hook '/home/upsilon/Desktop/fresh/install/dis_tutorial7/share/dis_tutorial7/hook/cmake_prefix_path.ps1'
[1.469s] INFO:colcon.colcon_core.shell:Creating environment descriptor '/home/upsilon/Desktop/fresh/install/dis_tutorial7/share/dis_tutorial7/hook/cmake_prefix_path.dsv'
[1.469s] INFO:colcon.colcon_core.shell:Creating environment hook '/home/upsilon/Desktop/fresh/install/dis_tutorial7/share/dis_tutorial7/hook/cmake_prefix_path.sh'
[1.469s] Level 1:colcon.colcon_core.environment:checking '/home/upsilon/Desktop/fresh/install/dis_tutorial7/lib'
[1.469s] Level 1:colcon.colcon_core.environment:checking '/home/upsilon/Desktop/fresh/install/dis_tutorial7/bin'
[1.469s] Level 1:colcon.colcon_core.environment:checking '/home/upsilon/Desktop/fresh/install/dis_tutorial7/lib/pkgconfig/dis_tutorial7.pc'
[1.470s] Level 1:colcon.colcon_core.environment:checking '/home/upsilon/Desktop/fresh/install/dis_tutorial7/lib/python3.10/site-packages'
[1.470s] Level 1:colcon.colcon_core.environment:checking '/home/upsilon/Desktop/fresh/install/dis_tutorial7/bin'
[1.483s] INFO:colcon.colcon_core.shell:Creating package script '/home/upsilon/Desktop/fresh/install/dis_tutorial7/share/dis_tutorial7/package.ps1'
[1.483s] INFO:colcon.colcon_core.shell:Creating package descriptor '/home/upsilon/Desktop/fresh/install/dis_tutorial7/share/dis_tutorial7/package.dsv'
[1.483s] INFO:colcon.colcon_core.shell:Creating package script '/home/upsilon/Desktop/fresh/install/dis_tutorial7/share/dis_tutorial7/package.sh'
[1.484s] INFO:colcon.colcon_core.shell:Creating package script '/home/upsilon/Desktop/fresh/install/dis_tutorial7/share/dis_tutorial7/package.bash'
[1.484s] INFO:colcon.colcon_core.shell:Creating package script '/home/upsilon/Desktop/fresh/install/dis_tutorial7/share/dis_tutorial7/package.zsh'
[1.484s] Level 1:colcon.colcon_core.environment:create_file_with_runtime_dependencies(/home/upsilon/Desktop/fresh/install/dis_tutorial7/share/colcon-core/packages/dis_tutorial7)
[1.485s] Level 1:colcon.colcon_core.environment:create_environment_scripts_only(dis_tutorial3)
[1.486s] DEBUG:colcon.colcon_core.event_handler.log_command:Invoked command in '/home/upsilon/Desktop/fresh/build/dis_tutorial3' returned '0': CMAKE_PREFIX_PATH=${CMAKE_PREFIX_PATH}:/opt/ros/humble /usr/bin/cmake --install /home/upsilon/Desktop/fresh/build/dis_tutorial3
[1.498s] Level 1:colcon.colcon_core.environment:checking '/home/upsilon/Desktop/fresh/install/dis_tutorial3' for CMake module files
[1.499s] Level 1:colcon.colcon_core.environment:checking '/home/upsilon/Desktop/fresh/install/dis_tutorial3' for CMake config files
[1.499s] Level 1:colcon.colcon_core.shell:create_environment_hook('dis_tutorial3', 'cmake_prefix_path')
[1.512s] INFO:colcon.colcon_core.shell:Creating environment hook '/home/upsilon/Desktop/fresh/install/dis_tutorial3/share/dis_tutorial3/hook/cmake_prefix_path.ps1'
[1.512s] INFO:colcon.colcon_core.shell:Creating environment descriptor '/home/upsilon/Desktop/fresh/install/dis_tutorial3/share/dis_tutorial3/hook/cmake_prefix_path.dsv'
[1.513s] INFO:colcon.colcon_core.shell:Creating environment hook '/home/upsilon/Desktop/fresh/install/dis_tutorial3/share/dis_tutorial3/hook/cmake_prefix_path.sh'
[1.513s] Level 1:colcon.colcon_core.environment:checking '/home/upsilon/Desktop/fresh/install/dis_tutorial3/lib'
[1.513s] Level 1:colcon.colcon_core.environment:checking '/home/upsilon/Desktop/fresh/install/dis_tutorial3/bin'
[1.513s] Level 1:colcon.colcon_core.environment:checking '/home/upsilon/Desktop/fresh/install/dis_tutorial3/lib/pkgconfig/dis_tutorial3.pc'
[1.513s] Level 1:colcon.colcon_core.environment:checking '/home/upsilon/Desktop/fresh/install/dis_tutorial3/lib/python3.10/site-packages'
[1.513s] Level 1:colcon.colcon_core.environment:checking '/home/upsilon/Desktop/fresh/install/dis_tutorial3/bin'
[1.526s] INFO:colcon.colcon_core.shell:Creating package script '/home/upsilon/Desktop/fresh/install/dis_tutorial3/share/dis_tutorial3/package.ps1'
[1.527s] INFO:colcon.colcon_core.shell:Creating package descriptor '/home/upsilon/Desktop/fresh/install/dis_tutorial3/share/dis_tutorial3/package.dsv'
[1.527s] INFO:colcon.colcon_core.shell:Creating package script '/home/upsilon/Desktop/fresh/install/dis_tutorial3/share/dis_tutorial3/package.sh'
[1.527s] INFO:colcon.colcon_core.shell:Creating package script '/home/upsilon/Desktop/fresh/install/dis_tutorial3/share/dis_tutorial3/package.bash'
[1.527s] INFO:colcon.colcon_core.shell:Creating package script '/home/upsilon/Desktop/fresh/install/dis_tutorial3/share/dis_tutorial3/package.zsh'
[1.528s] Level 1:colcon.colcon_core.environment:create_file_with_runtime_dependencies(/home/upsilon/Desktop/fresh/install/dis_tutorial3/share/colcon-core/packages/dis_tutorial3)
[1.570s] Level 1:colcon.colcon_core.environment:create_environment_scripts_only(dis_tutorial3)
[1.583s] Level 1:colcon.colcon_core.environment:checking '/home/upsilon/Desktop/fresh/install/dis_tutorial3' for CMake module files
[1.583s] Level 1:colcon.colcon_core.environment:checking '/home/upsilon/Desktop/fresh/install/dis_tutorial3' for CMake config files
[1.584s] Level 1:colcon.colcon_core.shell:create_environment_hook('dis_tutorial3', 'cmake_prefix_path')
[1.596s] INFO:colcon.colcon_core.shell:Creating environment hook '/home/upsilon/Desktop/fresh/install/dis_tutorial3/share/dis_tutorial3/hook/cmake_prefix_path.ps1'
[1.596s] INFO:colcon.colcon_core.shell:Creating environment descriptor '/home/upsilon/Desktop/fresh/install/dis_tutorial3/share/dis_tutorial3/hook/cmake_prefix_path.dsv'
[1.597s] INFO:colcon.colcon_core.shell:Creating environment hook '/home/upsilon/Desktop/fresh/install/dis_tutorial3/share/dis_tutorial3/hook/cmake_prefix_path.sh'
[1.597s] Level 1:colcon.colcon_core.environment:checking '/home/upsilon/Desktop/fresh/install/dis_tutorial3/lib'
[1.597s] Level 1:colcon.colcon_core.environment:checking '/home/upsilon/Desktop/fresh/install/dis_tutorial3/bin'
[1.597s] Level 1:colcon.colcon_core.environment:checking '/home/upsilon/Desktop/fresh/install/dis_tutorial3/lib/pkgconfig/dis_tutorial3.pc'
[1.597s] Level 1:colcon.colcon_core.environment:checking '/home/upsilon/Desktop/fresh/install/dis_tutorial3/lib/python3.10/site-packages'
[1.598s] Level 1:colcon.colcon_core.environment:checking '/home/upsilon/Desktop/fresh/install/dis_tutorial3/bin'
[1.610s] INFO:colcon.colcon_core.shell:Creating package script '/home/upsilon/Desktop/fresh/install/dis_tutorial3/share/dis_tutorial3/package.ps1'
[1.611s] INFO:colcon.colcon_core.shell:Creating package descriptor '/home/upsilon/Desktop/fresh/install/dis_tutorial3/share/dis_tutorial3/package.dsv'
[1.611s] INFO:colcon.colcon_core.shell:Creating package script '/home/upsilon/Desktop/fresh/install/dis_tutorial3/share/dis_tutorial3/package.sh'
[1.611s] INFO:colcon.colcon_core.shell:Creating package script '/home/upsilon/Desktop/fresh/install/dis_tutorial3/share/dis_tutorial3/package.bash'
[1.612s] INFO:colcon.colcon_core.shell:Creating package script '/home/upsilon/Desktop/fresh/install/dis_tutorial3/share/dis_tutorial3/package.zsh'
[1.612s] Level 1:colcon.colcon_core.environment:create_file_with_runtime_dependencies(/home/upsilon/Desktop/fresh/install/dis_tutorial3/share/colcon-core/packages/dis_tutorial3)
[1.612s] DEBUG:colcon.colcon_parallel_executor.executor.parallel:closing loop
[1.612s] DEBUG:colcon.colcon_parallel_executor.executor.parallel:loop closed
[1.612s] DEBUG:colcon.colcon_parallel_executor.executor.parallel:run_until_complete finished with '0'
[1.613s] DEBUG:colcon.colcon_core.event_reactor:joining thread
[1.629s] INFO:colcon.colcon_core.plugin_system:Skipping extension 'colcon_notification.desktop_notification.notify_send': Could not find 'notify-send'
[1.629s] INFO:colcon.colcon_core.plugin_system:Skipping extension 'colcon_notification.desktop_notification.terminal_notifier': Not used on non-Darwin systems
[1.629s] INFO:colcon.colcon_core.plugin_system:Skipping extension 'colcon_notification.desktop_notification.win32': Not used on non-Windows systems
[1.629s] INFO:colcon.colcon_notification.desktop_notification:Sending desktop notification using 'notify2'
[1.644s] DEBUG:colcon.colcon_core.event_reactor:joined thread
[1.657s] INFO:colcon.colcon_core.shell:Creating prefix script '/home/upsilon/Desktop/fresh/install/local_setup.ps1'
[1.658s] INFO:colcon.colcon_core.shell:Creating prefix util module '/home/upsilon/Desktop/fresh/install/_local_setup_util_ps1.py'
[1.659s] INFO:colcon.colcon_core.shell:Creating prefix chain script '/home/upsilon/Desktop/fresh/install/setup.ps1'
[1.674s] INFO:colcon.colcon_core.shell:Creating prefix script '/home/upsilon/Desktop/fresh/install/local_setup.sh'
[1.674s] INFO:colcon.colcon_core.shell:Creating prefix util module '/home/upsilon/Desktop/fresh/install/_local_setup_util_sh.py'
[1.674s] INFO:colcon.colcon_core.shell:Creating prefix chain script '/home/upsilon/Desktop/fresh/install/setup.sh'
[1.688s] INFO:colcon.colcon_core.shell:Creating prefix script '/home/upsilon/Desktop/fresh/install/local_setup.bash'
[1.688s] INFO:colcon.colcon_core.shell:Creating prefix chain script '/home/upsilon/Desktop/fresh/install/setup.bash'
[1.701s] INFO:colcon.colcon_core.shell:Creating prefix script '/home/upsilon/Desktop/fresh/install/local_setup.zsh'
[1.702s] INFO:colcon.colcon_core.shell:Creating prefix chain script '/home/upsilon/Desktop/fresh/install/setup.zsh'
