[0.875s] DEBUG:colcon:Command line arguments: ['/usr/bin/colcon', 'build']
[0.875s] DEBUG:colcon:Parsed command line arguments: Namespace(log_base=None, log_level=None, verb_name='build', build_base='build', install_base='install', merge_install=False, symlink_install=False, test_result_base=None, continue_on_error=False, executor='parallel', parallel_workers=16, event_handlers=None, ignore_user_meta=False, metas=['./colcon.meta'], base_paths=['.'], packages_ignore=None, packages_ignore_regex=None, paths=None, packages_up_to=None, packages_up_to_regex=None, packages_above=None, packages_above_and_dependencies=None, packages_above_depth=None, packages_select_by_dep=None, packages_skip_by_dep=None, packages_skip_up_to=None, packages_select_build_failed=False, packages_skip_build_finished=False, packages_select_test_failures=False, packages_skip_test_passed=False, packages_select=None, packages_skip=None, packages_select_regex=None, packages_skip_regex=None, packages_start=None, packages_end=None, allow_overriding=[], cmake_args=None, cmake_target=None, cmake_target_skip_unavailable=False, cmake_clean_cache=False, cmake_clean_first=False, cmake_force_configure=False, ament_cmake_args=None, catkin_cmake_args=None, catkin_skip_building_tests=False, verb_parser=<colcon_defaults.argument_parser.defaults.DefaultArgumentsDecorator object at 0x7aea0773f370>, verb_extension=<colcon_core.verb.build.BuildVerb object at 0x7aea0773dea0>, main=<bound method BuildVerb.main of <colcon_core.verb.build.BuildVerb object at 0x7aea0773dea0>>)
[0.913s] Level 1:colcon.colcon_core.package_discovery:discover_packages(colcon_meta) check parameters
[0.913s] Level 1:colcon.colcon_core.package_discovery:discover_packages(recursive) check parameters
[0.913s] Level 1:colcon.colcon_core.package_discovery:discover_packages(ignore) check parameters
[0.913s] Level 1:colcon.colcon_core.package_discovery:discover_packages(path) check parameters
[0.913s] Level 1:colcon.colcon_core.package_discovery:discover_packages(colcon_meta) discover
[0.913s] Level 1:colcon.colcon_core.package_discovery:discover_packages(recursive) discover
[0.913s] INFO:colcon.colcon_core.package_discovery:Crawling recursively for packages in '/home/upsilon/Desktop/fresh'
[0.914s] Level 1:colcon.colcon_core.package_identification:_identify(.) by extensions ['ignore', 'ignore_ament_install']
[0.914s] Level 1:colcon.colcon_core.package_identification:_identify(.) by extension 'ignore'
[0.914s] Level 1:colcon.colcon_core.package_identification:_identify(.) by extension 'ignore_ament_install'
[0.914s] Level 1:colcon.colcon_core.package_identification:_identify(.) by extensions ['colcon_pkg']
[0.914s] Level 1:colcon.colcon_core.package_identification:_identify(.) by extension 'colcon_pkg'
[0.914s] Level 1:colcon.colcon_core.package_identification:_identify(.) by extensions ['colcon_meta']
[0.914s] Level 1:colcon.colcon_core.package_identification:_identify(.) by extension 'colcon_meta'
[0.914s] Level 1:colcon.colcon_core.package_identification:_identify(.) by extensions ['ros']
[0.914s] Level 1:colcon.colcon_core.package_identification:_identify(.) by extension 'ros'
[0.921s] Level 1:colcon.colcon_core.package_identification:_identify(.) by extensions ['cmake', 'python']
[0.921s] Level 1:colcon.colcon_core.package_identification:_identify(.) by extension 'cmake'
[0.921s] Level 1:colcon.colcon_core.package_identification:_identify(.) by extension 'python'
[0.922s] Level 1:colcon.colcon_core.package_identification:_identify(.) by extensions ['python_setup_py']
[0.922s] Level 1:colcon.colcon_core.package_identification:_identify(.) by extension 'python_setup_py'
[0.922s] Level 1:colcon.colcon_core.package_identification:_identify(build) by extensions ['ignore', 'ignore_ament_install']
[0.922s] Level 1:colcon.colcon_core.package_identification:_identify(build) by extension 'ignore'
[0.922s] Level 1:colcon.colcon_core.package_identification:_identify(build) ignored
[0.922s] Level 1:colcon.colcon_core.package_identification:_identify(install) by extensions ['ignore', 'ignore_ament_install']
[0.922s] Level 1:colcon.colcon_core.package_identification:_identify(install) by extension 'ignore'
[0.922s] Level 1:colcon.colcon_core.package_identification:_identify(install) ignored
[0.922s] Level 1:colcon.colcon_core.package_identification:_identify(log) by extensions ['ignore', 'ignore_ament_install']
[0.922s] Level 1:colcon.colcon_core.package_identification:_identify(log) by extension 'ignore'
[0.922s] Level 1:colcon.colcon_core.package_identification:_identify(log) ignored
[0.922s] Level 1:colcon.colcon_core.package_identification:_identify(src) by extensions ['ignore', 'ignore_ament_install']
[0.923s] Level 1:colcon.colcon_core.package_identification:_identify(src) by extension 'ignore'
[0.923s] Level 1:colcon.colcon_core.package_identification:_identify(src) by extension 'ignore_ament_install'
[0.923s] Level 1:colcon.colcon_core.package_identification:_identify(src) by extensions ['colcon_pkg']
[0.923s] Level 1:colcon.colcon_core.package_identification:_identify(src) by extension 'colcon_pkg'
[0.923s] Level 1:colcon.colcon_core.package_identification:_identify(src) by extensions ['colcon_meta']
[0.923s] Level 1:colcon.colcon_core.package_identification:_identify(src) by extension 'colcon_meta'
[0.923s] Level 1:colcon.colcon_core.package_identification:_identify(src) by extensions ['ros']
[0.923s] Level 1:colcon.colcon_core.package_identification:_identify(src) by extension 'ros'
[0.923s] Level 1:colcon.colcon_core.package_identification:_identify(src) by extensions ['cmake', 'python']
[0.923s] Level 1:colcon.colcon_core.package_identification:_identify(src) by extension 'cmake'
[0.923s] Level 1:colcon.colcon_core.package_identification:_identify(src) by extension 'python'
[0.923s] Level 1:colcon.colcon_core.package_identification:_identify(src) by extensions ['python_setup_py']
[0.923s] Level 1:colcon.colcon_core.package_identification:_identify(src) by extension 'python_setup_py'
[0.923s] Level 1:colcon.colcon_core.package_identification:_identify(src/dis_tutorial3) by extensions ['ignore', 'ignore_ament_install']
[0.923s] Level 1:colcon.colcon_core.package_identification:_identify(src/dis_tutorial3) by extension 'ignore'
[0.923s] Level 1:colcon.colcon_core.package_identification:_identify(src/dis_tutorial3) by extension 'ignore_ament_install'
[0.923s] Level 1:colcon.colcon_core.package_identification:_identify(src/dis_tutorial3) by extensions ['colcon_pkg']
[0.923s] Level 1:colcon.colcon_core.package_identification:_identify(src/dis_tutorial3) by extension 'colcon_pkg'
[0.923s] Level 1:colcon.colcon_core.package_identification:_identify(src/dis_tutorial3) by extensions ['colcon_meta']
[0.923s] Level 1:colcon.colcon_core.package_identification:_identify(src/dis_tutorial3) by extension 'colcon_meta'
[0.923s] Level 1:colcon.colcon_core.package_identification:_identify(src/dis_tutorial3) by extensions ['ros']
[0.923s] Level 1:colcon.colcon_core.package_identification:_identify(src/dis_tutorial3) by extension 'ros'
[0.926s] DEBUG:colcon.colcon_core.package_identification:Package 'src/dis_tutorial3' with type 'ros.ament_cmake' and name 'dis_tutorial3'
[0.926s] Level 1:colcon.colcon_core.package_identification:_identify(src/dis_tutorial7) by extensions ['ignore', 'ignore_ament_install']
[0.926s] Level 1:colcon.colcon_core.package_identification:_identify(src/dis_tutorial7) by extension 'ignore'
[0.926s] Level 1:colcon.colcon_core.package_identification:_identify(src/dis_tutorial7) by extension 'ignore_ament_install'
[0.926s] Level 1:colcon.colcon_core.package_identification:_identify(src/dis_tutorial7) by extensions ['colcon_pkg']
[0.926s] Level 1:colcon.colcon_core.package_identification:_identify(src/dis_tutorial7) by extension 'colcon_pkg'
[0.926s] Level 1:colcon.colcon_core.package_identification:_identify(src/dis_tutorial7) by extensions ['colcon_meta']
[0.926s] Level 1:colcon.colcon_core.package_identification:_identify(src/dis_tutorial7) by extension 'colcon_meta'
[0.926s] Level 1:colcon.colcon_core.package_identification:_identify(src/dis_tutorial7) by extensions ['ros']
[0.926s] Level 1:colcon.colcon_core.package_identification:_identify(src/dis_tutorial7) by extension 'ros'
[0.927s] DEBUG:colcon.colcon_core.package_identification:Package 'src/dis_tutorial7' with type 'ros.ament_cmake' and name 'dis_tutorial7'
[0.927s] Level 1:colcon.colcon_core.package_discovery:discover_packages(recursive) using defaults
[0.927s] Level 1:colcon.colcon_core.package_discovery:discover_packages(ignore) discover
[0.927s] Level 1:colcon.colcon_core.package_discovery:discover_packages(ignore) using defaults
[0.927s] Level 1:colcon.colcon_core.package_discovery:discover_packages(path) discover
[0.927s] Level 1:colcon.colcon_core.package_discovery:discover_packages(path) using defaults
[1.002s] Level 1:colcon.colcon_core.package_discovery:discover_packages(prefix_path) check parameters
[1.002s] Level 1:colcon.colcon_core.package_discovery:discover_packages(prefix_path) discover
[1.028s] DEBUG:colcon.colcon_installed_package_information.package_discovery:Found 2 installed packages in /home/upsilon/Desktop/fresh/install
[1.040s] DEBUG:colcon.colcon_installed_package_information.package_discovery:Found 0 installed packages in /home/upsilon/colcon_ws/install
[1.054s] DEBUG:colcon.colcon_installed_package_information.package_discovery:Found 411 installed packages in /opt/ros/humble
[1.064s] Level 1:colcon.colcon_core.package_discovery:discover_packages(prefix_path) using defaults
[1.144s] Level 5:colcon.colcon_core.verb:set package 'dis_tutorial3' build argument 'cmake_args' from command line to 'None'
[1.144s] Level 5:colcon.colcon_core.verb:set package 'dis_tutorial3' build argument 'cmake_target' from command line to 'None'
[1.144s] Level 5:colcon.colcon_core.verb:set package 'dis_tutorial3' build argument 'cmake_target_skip_unavailable' from command line to 'False'
[1.144s] Level 5:colcon.colcon_core.verb:set package 'dis_tutorial3' build argument 'cmake_clean_cache' from command line to 'False'
[1.144s] Level 5:colcon.colcon_core.verb:set package 'dis_tutorial3' build argument 'cmake_clean_first' from command line to 'False'
[1.144s] Level 5:colcon.colcon_core.verb:set package 'dis_tutorial3' build argument 'cmake_force_configure' from command line to 'False'
[1.144s] Level 5:colcon.colcon_core.verb:set package 'dis_tutorial3' build argument 'ament_cmake_args' from command line to 'None'
[1.144s] Level 5:colcon.colcon_core.verb:set package 'dis_tutorial3' build argument 'catkin_cmake_args' from command line to 'None'
[1.144s] Level 5:colcon.colcon_core.verb:set package 'dis_tutorial3' build argument 'catkin_skip_building_tests' from command line to 'False'
[1.144s] DEBUG:colcon.colcon_core.verb:Building package 'dis_tutorial3' with the following arguments: {'ament_cmake_args': None, 'build_base': '/home/upsilon/Desktop/fresh/build/dis_tutorial3', 'catkin_cmake_args': None, 'catkin_skip_building_tests': False, 'cmake_args': None, 'cmake_clean_cache': False, 'cmake_clean_first': False, 'cmake_force_configure': False, 'cmake_target': None, 'cmake_target_skip_unavailable': False, 'install_base': '/home/upsilon/Desktop/fresh/install/dis_tutorial3', 'merge_install': False, 'path': '/home/upsilon/Desktop/fresh/src/dis_tutorial3', 'symlink_install': False, 'test_result_base': None}
[1.157s] Level 5:colcon.colcon_core.verb:set package 'dis_tutorial7' build argument 'cmake_args' from command line to 'None'
[1.157s] Level 5:colcon.colcon_core.verb:set package 'dis_tutorial7' build argument 'cmake_target' from command line to 'None'
[1.157s] Level 5:colcon.colcon_core.verb:set package 'dis_tutorial7' build argument 'cmake_target_skip_unavailable' from command line to 'False'
[1.157s] Level 5:colcon.colcon_core.verb:set package 'dis_tutorial7' build argument 'cmake_clean_cache' from command line to 'False'
[1.157s] Level 5:colcon.colcon_core.verb:set package 'dis_tutorial7' build argument 'cmake_clean_first' from command line to 'False'
[1.157s] Level 5:colcon.colcon_core.verb:set package 'dis_tutorial7' build argument 'cmake_force_configure' from command line to 'False'
[1.157s] Level 5:colcon.colcon_core.verb:set package 'dis_tutorial7' build argument 'ament_cmake_args' from command line to 'None'
[1.157s] Level 5:colcon.colcon_core.verb:set package 'dis_tutorial7' build argument 'catkin_cmake_args' from command line to 'None'
[1.157s] Level 5:colcon.colcon_core.verb:set package 'dis_tutorial7' build argument 'catkin_skip_building_tests' from command line to 'False'
[1.157s] DEBUG:colcon.colcon_core.verb:Building package 'dis_tutorial7' with the following arguments: {'ament_cmake_args': None, 'build_base': '/home/upsilon/Desktop/fresh/build/dis_tutorial7', 'catkin_cmake_args': None, 'catkin_skip_building_tests': False, 'cmake_args': None, 'cmake_clean_cache': False, 'cmake_clean_first': False, 'cmake_force_configure': False, 'cmake_target': None, 'cmake_target_skip_unavailable': False, 'install_base': '/home/upsilon/Desktop/fresh/install/dis_tutorial7', 'merge_install': False, 'path': '/home/upsilon/Desktop/fresh/src/dis_tutorial7', 'symlink_install': False, 'test_result_base': None}
[1.169s] INFO:colcon.colcon_core.executor:Executing jobs using 'parallel' executor
[1.182s] DEBUG:colcon.colcon_parallel_executor.executor.parallel:run_until_complete
[1.182s] INFO:colcon.colcon_ros.task.ament_cmake.build:Building ROS package in '/home/upsilon/Desktop/fresh/src/dis_tutorial3' with build type 'ament_cmake'
[1.182s] INFO:colcon.colcon_cmake.task.cmake.build:Building CMake package in '/home/upsilon/Desktop/fresh/src/dis_tutorial3'
[1.202s] INFO:colcon.colcon_core.plugin_system:Skipping extension 'colcon_core.shell.bat': Not used on non-Windows systems
[1.203s] INFO:colcon.colcon_core.shell:Skip shell extension 'powershell' for command environment: Not usable outside of PowerShell
[1.203s] DEBUG:colcon.colcon_core.shell:Skip shell extension 'dsv' for command environment
[1.254s] INFO:colcon.colcon_ros.task.ament_cmake.build:Building ROS package in '/home/upsilon/Desktop/fresh/src/dis_tutorial7' with build type 'ament_cmake'
[1.254s] INFO:colcon.colcon_cmake.task.cmake.build:Building CMake package in '/home/upsilon/Desktop/fresh/src/dis_tutorial7'
[1.266s] INFO:colcon.colcon_core.shell:Skip shell extension 'powershell' for command environment: Not usable outside of PowerShell
[1.266s] DEBUG:colcon.colcon_core.shell:Skip shell extension 'dsv' for command environment
[1.321s] DEBUG:colcon.colcon_core.event_handler.log_command:Invoking command in '/home/upsilon/Desktop/fresh/build/dis_tutorial3': CMAKE_PREFIX_PATH=${CMAKE_PREFIX_PATH}:/opt/ros/humble /usr/bin/cmake /home/upsilon/Desktop/fresh/src/dis_tutorial3 -DCMAKE_INSTALL_PREFIX=/home/upsilon/Desktop/fresh/install/dis_tutorial3
[1.324s] DEBUG:colcon.colcon_core.event_handler.log_command:Invoking command in '/home/upsilon/Desktop/fresh/build/dis_tutorial7': CMAKE_PREFIX_PATH=${CMAKE_PREFIX_PATH}:/opt/ros/humble /usr/bin/cmake /home/upsilon/Desktop/fresh/src/dis_tutorial7 -DCMAKE_INSTALL_PREFIX=/home/upsilon/Desktop/fresh/install/dis_tutorial7
[1.835s] DEBUG:colcon.colcon_core.event_handler.log_command:Invoked command in '/home/upsilon/Desktop/fresh/build/dis_tutorial7' returned '0': CMAKE_PREFIX_PATH=${CMAKE_PREFIX_PATH}:/opt/ros/humble /usr/bin/cmake /home/upsilon/Desktop/fresh/src/dis_tutorial7 -DCMAKE_INSTALL_PREFIX=/home/upsilon/Desktop/fresh/install/dis_tutorial7
[1.837s] DEBUG:colcon.colcon_core.event_handler.log_command:Invoking command in '/home/upsilon/Desktop/fresh/build/dis_tutorial7': CMAKE_PREFIX_PATH=${CMAKE_PREFIX_PATH}:/opt/ros/humble /usr/bin/cmake --build /home/upsilon/Desktop/fresh/build/dis_tutorial7 -- -j16 -l16
[1.870s] DEBUG:colcon.colcon_core.event_handler.log_command:Invoked command in '/home/upsilon/Desktop/fresh/build/dis_tutorial7' returned '0': CMAKE_PREFIX_PATH=${CMAKE_PREFIX_PATH}:/opt/ros/humble /usr/bin/cmake --build /home/upsilon/Desktop/fresh/build/dis_tutorial7 -- -j16 -l16
[1.897s] DEBUG:colcon.colcon_core.event_handler.log_command:Invoking command in '/home/upsilon/Desktop/fresh/build/dis_tutorial7': CMAKE_PREFIX_PATH=${CMAKE_PREFIX_PATH}:/opt/ros/humble /usr/bin/cmake --install /home/upsilon/Desktop/fresh/build/dis_tutorial7
[1.920s] Level 1:colcon.colcon_core.environment:create_environment_scripts_only(dis_tutorial7)
[1.920s] DEBUG:colcon.colcon_core.event_handler.log_command:Invoked command in '/home/upsilon/Desktop/fresh/build/dis_tutorial7' returned '0': CMAKE_PREFIX_PATH=${CMAKE_PREFIX_PATH}:/opt/ros/humble /usr/bin/cmake --install /home/upsilon/Desktop/fresh/build/dis_tutorial7
[1.935s] Level 1:colcon.colcon_core.environment:checking '/home/upsilon/Desktop/fresh/install/dis_tutorial7' for CMake module files
[1.936s] Level 1:colcon.colcon_core.environment:checking '/home/upsilon/Desktop/fresh/install/dis_tutorial7' for CMake config files
[1.937s] Level 1:colcon.colcon_core.shell:create_environment_hook('dis_tutorial7', 'cmake_prefix_path')
[1.949s] INFO:colcon.colcon_core.shell:Creating environment hook '/home/upsilon/Desktop/fresh/install/dis_tutorial7/share/dis_tutorial7/hook/cmake_prefix_path.ps1'
[1.950s] INFO:colcon.colcon_core.shell:Creating environment descriptor '/home/upsilon/Desktop/fresh/install/dis_tutorial7/share/dis_tutorial7/hook/cmake_prefix_path.dsv'
[1.950s] INFO:colcon.colcon_core.shell:Creating environment hook '/home/upsilon/Desktop/fresh/install/dis_tutorial7/share/dis_tutorial7/hook/cmake_prefix_path.sh'
[1.950s] Level 1:colcon.colcon_core.environment:checking '/home/upsilon/Desktop/fresh/install/dis_tutorial7/lib'
[1.951s] Level 1:colcon.colcon_core.environment:checking '/home/upsilon/Desktop/fresh/install/dis_tutorial7/bin'
[1.951s] Level 1:colcon.colcon_core.environment:checking '/home/upsilon/Desktop/fresh/install/dis_tutorial7/lib/pkgconfig/dis_tutorial7.pc'
[1.951s] Level 1:colcon.colcon_core.environment:checking '/home/upsilon/Desktop/fresh/install/dis_tutorial7/lib/python3.10/site-packages'
[1.951s] Level 1:colcon.colcon_core.environment:checking '/home/upsilon/Desktop/fresh/install/dis_tutorial7/bin'
[1.964s] INFO:colcon.colcon_core.shell:Creating package script '/home/upsilon/Desktop/fresh/install/dis_tutorial7/share/dis_tutorial7/package.ps1'
[1.965s] INFO:colcon.colcon_core.shell:Creating package descriptor '/home/upsilon/Desktop/fresh/install/dis_tutorial7/share/dis_tutorial7/package.dsv'
[1.965s] INFO:colcon.colcon_core.shell:Creating package script '/home/upsilon/Desktop/fresh/install/dis_tutorial7/share/dis_tutorial7/package.sh'
[1.966s] INFO:colcon.colcon_core.shell:Creating package script '/home/upsilon/Desktop/fresh/install/dis_tutorial7/share/dis_tutorial7/package.bash'
[1.966s] INFO:colcon.colcon_core.shell:Creating package script '/home/upsilon/Desktop/fresh/install/dis_tutorial7/share/dis_tutorial7/package.zsh'
[1.967s] Level 1:colcon.colcon_core.environment:create_file_with_runtime_dependencies(/home/upsilon/Desktop/fresh/install/dis_tutorial7/share/colcon-core/packages/dis_tutorial7)
[2.000s] Level 1:colcon.colcon_core.environment:create_environment_scripts_only(dis_tutorial7)
[2.012s] Level 1:colcon.colcon_core.environment:checking '/home/upsilon/Desktop/fresh/install/dis_tutorial7' for CMake module files
[2.013s] Level 1:colcon.colcon_core.environment:checking '/home/upsilon/Desktop/fresh/install/dis_tutorial7' for CMake config files
[2.013s] Level 1:colcon.colcon_core.shell:create_environment_hook('dis_tutorial7', 'cmake_prefix_path')
[2.026s] INFO:colcon.colcon_core.shell:Creating environment hook '/home/upsilon/Desktop/fresh/install/dis_tutorial7/share/dis_tutorial7/hook/cmake_prefix_path.ps1'
[2.026s] INFO:colcon.colcon_core.shell:Creating environment descriptor '/home/upsilon/Desktop/fresh/install/dis_tutorial7/share/dis_tutorial7/hook/cmake_prefix_path.dsv'
[2.027s] INFO:colcon.colcon_core.shell:Creating environment hook '/home/upsilon/Desktop/fresh/install/dis_tutorial7/share/dis_tutorial7/hook/cmake_prefix_path.sh'
[2.027s] Level 1:colcon.colcon_core.environment:checking '/home/upsilon/Desktop/fresh/install/dis_tutorial7/lib'
[2.027s] Level 1:colcon.colcon_core.environment:checking '/home/upsilon/Desktop/fresh/install/dis_tutorial7/bin'
[2.027s] Level 1:colcon.colcon_core.environment:checking '/home/upsilon/Desktop/fresh/install/dis_tutorial7/lib/pkgconfig/dis_tutorial7.pc'
[2.027s] Level 1:colcon.colcon_core.environment:checking '/home/upsilon/Desktop/fresh/install/dis_tutorial7/lib/python3.10/site-packages'
[2.028s] Level 1:colcon.colcon_core.environment:checking '/home/upsilon/Desktop/fresh/install/dis_tutorial7/bin'
[2.040s] INFO:colcon.colcon_core.shell:Creating package script '/home/upsilon/Desktop/fresh/install/dis_tutorial7/share/dis_tutorial7/package.ps1'
[2.041s] INFO:colcon.colcon_core.shell:Creating package descriptor '/home/upsilon/Desktop/fresh/install/dis_tutorial7/share/dis_tutorial7/package.dsv'
[2.041s] INFO:colcon.colcon_core.shell:Creating package script '/home/upsilon/Desktop/fresh/install/dis_tutorial7/share/dis_tutorial7/package.sh'
[2.041s] INFO:colcon.colcon_core.shell:Creating package script '/home/upsilon/Desktop/fresh/install/dis_tutorial7/share/dis_tutorial7/package.bash'
[2.042s] INFO:colcon.colcon_core.shell:Creating package script '/home/upsilon/Desktop/fresh/install/dis_tutorial7/share/dis_tutorial7/package.zsh'
[2.042s] Level 1:colcon.colcon_core.environment:create_file_with_runtime_dependencies(/home/upsilon/Desktop/fresh/install/dis_tutorial7/share/colcon-core/packages/dis_tutorial7)
[3.273s] DEBUG:colcon.colcon_core.event_handler.log_command:Invoked command in '/home/upsilon/Desktop/fresh/build/dis_tutorial3' returned '0': CMAKE_PREFIX_PATH=${CMAKE_PREFIX_PATH}:/opt/ros/humble /usr/bin/cmake /home/upsilon/Desktop/fresh/src/dis_tutorial3 -DCMAKE_INSTALL_PREFIX=/home/upsilon/Desktop/fresh/install/dis_tutorial3
[3.275s] DEBUG:colcon.colcon_core.event_handler.log_command:Invoking command in '/home/upsilon/Desktop/fresh/build/dis_tutorial3': CMAKE_PREFIX_PATH=${CMAKE_PREFIX_PATH}:/opt/ros/humble /usr/bin/cmake --build /home/upsilon/Desktop/fresh/build/dis_tutorial3 -- -j16 -l16
[3.356s] DEBUG:colcon.colcon_core.event_handler.log_command:Invoked command in '/home/upsilon/Desktop/fresh/build/dis_tutorial3' returned '0': CMAKE_PREFIX_PATH=${CMAKE_PREFIX_PATH}:/opt/ros/humble /usr/bin/cmake --build /home/upsilon/Desktop/fresh/build/dis_tutorial3 -- -j16 -l16
[3.385s] DEBUG:colcon.colcon_core.event_handler.log_command:Invoking command in '/home/upsilon/Desktop/fresh/build/dis_tutorial3': CMAKE_PREFIX_PATH=${CMAKE_PREFIX_PATH}:/opt/ros/humble /usr/bin/cmake --install /home/upsilon/Desktop/fresh/build/dis_tutorial3
[3.411s] Level 1:colcon.colcon_core.environment:create_environment_scripts_only(dis_tutorial3)
[3.411s] DEBUG:colcon.colcon_core.event_handler.log_command:Invoked command in '/home/upsilon/Desktop/fresh/build/dis_tutorial3' returned '0': CMAKE_PREFIX_PATH=${CMAKE_PREFIX_PATH}:/opt/ros/humble /usr/bin/cmake --install /home/upsilon/Desktop/fresh/build/dis_tutorial3
[3.424s] Level 1:colcon.colcon_core.environment:checking '/home/upsilon/Desktop/fresh/install/dis_tutorial3' for CMake module files
[3.425s] Level 1:colcon.colcon_core.environment:checking '/home/upsilon/Desktop/fresh/install/dis_tutorial3' for CMake config files
[3.426s] Level 1:colcon.colcon_core.shell:create_environment_hook('dis_tutorial3', 'cmake_prefix_path')
[3.439s] INFO:colcon.colcon_core.shell:Creating environment hook '/home/upsilon/Desktop/fresh/install/dis_tutorial3/share/dis_tutorial3/hook/cmake_prefix_path.ps1'
[3.439s] INFO:colcon.colcon_core.shell:Creating environment descriptor '/home/upsilon/Desktop/fresh/install/dis_tutorial3/share/dis_tutorial3/hook/cmake_prefix_path.dsv'
[3.439s] INFO:colcon.colcon_core.shell:Creating environment hook '/home/upsilon/Desktop/fresh/install/dis_tutorial3/share/dis_tutorial3/hook/cmake_prefix_path.sh'
[3.440s] Level 1:colcon.colcon_core.environment:checking '/home/upsilon/Desktop/fresh/install/dis_tutorial3/lib'
[3.440s] Level 1:colcon.colcon_core.environment:checking '/home/upsilon/Desktop/fresh/install/dis_tutorial3/bin'
[3.440s] Level 1:colcon.colcon_core.environment:checking '/home/upsilon/Desktop/fresh/install/dis_tutorial3/lib/pkgconfig/dis_tutorial3.pc'
[3.440s] Level 1:colcon.colcon_core.environment:checking '/home/upsilon/Desktop/fresh/install/dis_tutorial3/lib/python3.10/site-packages'
[3.440s] Level 1:colcon.colcon_core.environment:checking '/home/upsilon/Desktop/fresh/install/dis_tutorial3/bin'
[3.452s] INFO:colcon.colcon_core.shell:Creating package script '/home/upsilon/Desktop/fresh/install/dis_tutorial3/share/dis_tutorial3/package.ps1'
[3.453s] INFO:colcon.colcon_core.shell:Creating package descriptor '/home/upsilon/Desktop/fresh/install/dis_tutorial3/share/dis_tutorial3/package.dsv'
[3.453s] INFO:colcon.colcon_core.shell:Creating package script '/home/upsilon/Desktop/fresh/install/dis_tutorial3/share/dis_tutorial3/package.sh'
[3.453s] INFO:colcon.colcon_core.shell:Creating package script '/home/upsilon/Desktop/fresh/install/dis_tutorial3/share/dis_tutorial3/package.bash'
[3.453s] INFO:colcon.colcon_core.shell:Creating package script '/home/upsilon/Desktop/fresh/install/dis_tutorial3/share/dis_tutorial3/package.zsh'
[3.454s] Level 1:colcon.colcon_core.environment:create_file_with_runtime_dependencies(/home/upsilon/Desktop/fresh/install/dis_tutorial3/share/colcon-core/packages/dis_tutorial3)
[3.496s] Level 1:colcon.colcon_core.environment:create_environment_scripts_only(dis_tutorial3)
[3.508s] Level 1:colcon.colcon_core.environment:checking '/home/upsilon/Desktop/fresh/install/dis_tutorial3' for CMake module files
[3.508s] Level 1:colcon.colcon_core.environment:checking '/home/upsilon/Desktop/fresh/install/dis_tutorial3' for CMake config files
[3.509s] Level 1:colcon.colcon_core.shell:create_environment_hook('dis_tutorial3', 'cmake_prefix_path')
[3.521s] INFO:colcon.colcon_core.shell:Creating environment hook '/home/upsilon/Desktop/fresh/install/dis_tutorial3/share/dis_tutorial3/hook/cmake_prefix_path.ps1'
[3.521s] INFO:colcon.colcon_core.shell:Creating environment descriptor '/home/upsilon/Desktop/fresh/install/dis_tutorial3/share/dis_tutorial3/hook/cmake_prefix_path.dsv'
[3.522s] INFO:colcon.colcon_core.shell:Creating environment hook '/home/upsilon/Desktop/fresh/install/dis_tutorial3/share/dis_tutorial3/hook/cmake_prefix_path.sh'
[3.522s] Level 1:colcon.colcon_core.environment:checking '/home/upsilon/Desktop/fresh/install/dis_tutorial3/lib'
[3.522s] Level 1:colcon.colcon_core.environment:checking '/home/upsilon/Desktop/fresh/install/dis_tutorial3/bin'
[3.522s] Level 1:colcon.colcon_core.environment:checking '/home/upsilon/Desktop/fresh/install/dis_tutorial3/lib/pkgconfig/dis_tutorial3.pc'
[3.522s] Level 1:colcon.colcon_core.environment:checking '/home/upsilon/Desktop/fresh/install/dis_tutorial3/lib/python3.10/site-packages'
[3.523s] Level 1:colcon.colcon_core.environment:checking '/home/upsilon/Desktop/fresh/install/dis_tutorial3/bin'
[3.535s] INFO:colcon.colcon_core.shell:Creating package script '/home/upsilon/Desktop/fresh/install/dis_tutorial3/share/dis_tutorial3/package.ps1'
[3.535s] INFO:colcon.colcon_core.shell:Creating package descriptor '/home/upsilon/Desktop/fresh/install/dis_tutorial3/share/dis_tutorial3/package.dsv'
[3.535s] INFO:colcon.colcon_core.shell:Creating package script '/home/upsilon/Desktop/fresh/install/dis_tutorial3/share/dis_tutorial3/package.sh'
[3.536s] INFO:colcon.colcon_core.shell:Creating package script '/home/upsilon/Desktop/fresh/install/dis_tutorial3/share/dis_tutorial3/package.bash'
[3.536s] INFO:colcon.colcon_core.shell:Creating package script '/home/upsilon/Desktop/fresh/install/dis_tutorial3/share/dis_tutorial3/package.zsh'
[3.536s] Level 1:colcon.colcon_core.environment:create_file_with_runtime_dependencies(/home/upsilon/Desktop/fresh/install/dis_tutorial3/share/colcon-core/packages/dis_tutorial3)
[3.537s] DEBUG:colcon.colcon_parallel_executor.executor.parallel:closing loop
[3.537s] DEBUG:colcon.colcon_parallel_executor.executor.parallel:loop closed
[3.537s] DEBUG:colcon.colcon_parallel_executor.executor.parallel:run_until_complete finished with '0'
[3.537s] DEBUG:colcon.colcon_core.event_reactor:joining thread
[3.555s] INFO:colcon.colcon_core.plugin_system:Skipping extension 'colcon_notification.desktop_notification.notify_send': Could not find 'notify-send'
[3.555s] INFO:colcon.colcon_core.plugin_system:Skipping extension 'colcon_notification.desktop_notification.terminal_notifier': Not used on non-Darwin systems
[3.555s] INFO:colcon.colcon_core.plugin_system:Skipping extension 'colcon_notification.desktop_notification.win32': Not used on non-Windows systems
[3.555s] INFO:colcon.colcon_notification.desktop_notification:Sending desktop notification using 'notify2'
[3.571s] DEBUG:colcon.colcon_core.event_reactor:joined thread
[3.584s] INFO:colcon.colcon_core.shell:Creating prefix script '/home/upsilon/Desktop/fresh/install/local_setup.ps1'
[3.585s] INFO:colcon.colcon_core.shell:Creating prefix util module '/home/upsilon/Desktop/fresh/install/_local_setup_util_ps1.py'
[3.586s] INFO:colcon.colcon_core.shell:Creating prefix chain script '/home/upsilon/Desktop/fresh/install/setup.ps1'
[3.600s] INFO:colcon.colcon_core.shell:Creating prefix script '/home/upsilon/Desktop/fresh/install/local_setup.sh'
[3.600s] INFO:colcon.colcon_core.shell:Creating prefix util module '/home/upsilon/Desktop/fresh/install/_local_setup_util_sh.py'
[3.600s] INFO:colcon.colcon_core.shell:Creating prefix chain script '/home/upsilon/Desktop/fresh/install/setup.sh'
[3.615s] INFO:colcon.colcon_core.shell:Creating prefix script '/home/upsilon/Desktop/fresh/install/local_setup.bash'
[3.615s] INFO:colcon.colcon_core.shell:Creating prefix chain script '/home/upsilon/Desktop/fresh/install/setup.bash'
[3.628s] INFO:colcon.colcon_core.shell:Creating prefix script '/home/upsilon/Desktop/fresh/install/local_setup.zsh'
[3.629s] INFO:colcon.colcon_core.shell:Creating prefix chain script '/home/upsilon/Desktop/fresh/install/setup.zsh'
