-- The C compiler identification is GNU 11.4.0
-- The CXX compiler identification is GNU 11.4.0
-- Detecting C compiler ABI info
-- Detecting C compiler ABI info - done
-- Check for working C compiler: /usr/bin/cc - skipped
-- Detecting C compile features
-- Detecting C compile features - done
-- Detecting CXX compiler ABI info
-- Detecting CXX compiler ABI info - done
-- Check for working CXX compiler: /usr/bin/c++ - skipped
-- Detecting CXX compile features
-- Detecting CXX compile features - done
-- Found ament_cmake: 1.3.8 (/opt/ros/humble/share/ament_cmake/cmake)
-- Found Python3: /usr/bin/python3 (found version "3.10.12") found components: Interpreter 
-- Override CMake install command with custom implementation using symlinks instead of copying resources
-- Found rclcpp: 16.0.8 (/opt/ros/humble/share/rclcpp/cmake)
-- Found rosidl_generator_c: 3.1.5 (/opt/ros/humble/share/rosidl_generator_c/cmake)
-- Found rosidl_adapter: 3.1.5 (/opt/ros/humble/share/rosidl_adapter/cmake)
-- Found rosidl_generator_cpp: 3.1.5 (/opt/ros/humble/share/rosidl_generator_cpp/cmake)
-- Using all available rosidl_typesupport_c: rosidl_typesupport_fastrtps_c;rosidl_typesupport_introspection_c
-- Using all available rosidl_typesupport_cpp: rosidl_typesupport_fastrtps_cpp;rosidl_typesupport_introspection_cpp
-- Found rmw_implementation_cmake: 6.1.1 (/opt/ros/humble/share/rmw_implementation_cmake/cmake)
-- Found rmw_fastrtps_cpp: 6.2.6 (/opt/ros/humble/share/rmw_fastrtps_cpp/cmake)
-- Found OpenSSL: /usr/lib/x86_64-linux-gnu/libcrypto.so (found version "3.0.2")  
-- Found FastRTPS: /opt/ros/humble/include  
-- Using RMW implementation 'rmw_fastrtps_cpp' as default
-- Looking for pthread.h
-- Looking for pthread.h - found
-- Performing Test CMAKE_HAVE_LIBC_PTHREAD
-- Performing Test CMAKE_HAVE_LIBC_PTHREAD - Success
-- Found Threads: TRUE  
-- Found rclpy: 3.3.12 (/opt/ros/humble/share/rclpy/cmake)
-- Found std_srvs: 4.2.3 (/opt/ros/humble/share/std_srvs/cmake)
-- Found geometry_msgs: 4.2.3 (/opt/ros/humble/share/geometry_msgs/cmake)
-- Found visualization_msgs: 4.2.3 (/opt/ros/humble/share/visualization_msgs/cmake)
-- Found tf2: 0.25.6 (/opt/ros/humble/share/tf2/cmake)
-- Found tf2_geometry_msgs: 0.25.6 (/opt/ros/humble/share/tf2_geometry_msgs/cmake)
-- Found eigen3_cmake_module: 0.1.1 (/opt/ros/humble/share/eigen3_cmake_module/cmake)
-- Found Eigen3: TRUE (found version "3.4.0") 
-- Ensuring Eigen3 include directory is part of orocos-kdl CMake target
-- Found pcl_conversions: 2.4.0 (/opt/ros/humble/share/pcl_conversions/cmake)
-- Checking for module 'eigen3'
--   Found eigen3, version 3.4.0
-- Found Eigen: /usr/include/eigen3 (Required is at least version "3.1") 
-- Eigen found (include: /usr/include/eigen3, version: 3.4.0)
-- Found Boost: /usr/lib/x86_64-linux-gnu/cmake/Boost-1.74.0/BoostConfig.cmake (found suitable version "1.74.0", minimum required is "1.65.0") found components: system filesystem date_time iostreams serialization 
-- Checking for module 'flann'
--   Found flann, version 1.9.1
-- Found FLANN: /usr/lib/x86_64-linux-gnu/libflann_cpp.so  
-- FLANN found (include: /usr/include, lib: /usr/lib/x86_64-linux-gnu/libflann_cpp.so)
-- Found GLEW: /usr/lib/x86_64-linux-gnu/libGLEW.so  
-- Found OpenGL: /usr/lib/x86_64-linux-gnu/libOpenGL.so  found components: OpenGL GLX 
-- Found MPI_C: /usr/lib/x86_64-linux-gnu/libmpi.so (found version "3.1") 
-- Found MPI: TRUE (found version "3.1") found components: C 
-- Found JsonCpp: /usr/lib/x86_64-linux-gnu/libjsoncpp.so (found suitable version "1.9.5", minimum required is "0.7.0") 
-- Found ZLIB: /usr/lib/x86_64-linux-gnu/libz.so (found version "1.2.11") 
-- Found PNG: /usr/lib/x86_64-linux-gnu/libpng.so (found version "1.6.37") 
-- Found Eigen3: /usr/include/eigen3 (found version "3.4.0") 
-- Found X11: /usr/include   
-- Looking for XOpenDisplay in /usr/lib/x86_64-linux-gnu/libX11.so;/usr/lib/x86_64-linux-gnu/libXext.so
-- Looking for XOpenDisplay in /usr/lib/x86_64-linux-gnu/libX11.so;/usr/lib/x86_64-linux-gnu/libXext.so - found
-- Looking for gethostbyname
-- Looking for gethostbyname - found
-- Looking for connect
-- Looking for connect - found
-- Looking for remove
-- Looking for remove - found
-- Looking for shmat
-- Looking for shmat - found
-- Looking for IceConnectionNumber in ICE
-- Looking for IceConnectionNumber in ICE - found
-- Found EXPAT: /usr/lib/x86_64-linux-gnu/libexpat.so (found version "2.4.7") 
-- Found double-conversion: /usr/lib/x86_64-linux-gnu/libdouble-conversion.so  
-- Found LZ4: /usr/lib/x86_64-linux-gnu/liblz4.so (found version "1.9.3") 
-- Found LZMA: /usr/lib/x86_64-linux-gnu/liblzma.so (found version "5.2.5") 
-- Found JPEG: /usr/lib/x86_64-linux-gnu/libjpeg.so (found version "80") 
-- Found TIFF: /usr/lib/x86_64-linux-gnu/libtiff.so (found version "4.3.0")  
-- Found Freetype: /usr/lib/x86_64-linux-gnu/libfreetype.so (found version "2.11.1") 
-- Found utf8cpp: /usr/include/utf8cpp  
-- Checking for module 'libusb-1.0'
--   Found libusb-1.0, version 1.0.25
-- Found libusb: /usr/lib/x86_64-linux-gnu/libusb-1.0.so  
-- Found OpenNI: /usr/lib/libOpenNI.so;libusb::libusb (found version "1.5.4.0") 
-- OpenNI found (version: 1.5.4.0, include: /usr/include/ni, lib: /usr/lib/libOpenNI.so;libusb::libusb)
-- Found OpenNI2: /usr/lib/x86_64-linux-gnu/libOpenNI2.so;libusb::libusb (found version "2.2.0.33") 
-- OpenNI2 found (version: 2.2.0.33, include: /usr/include/openni2, lib: /usr/lib/x86_64-linux-gnu/libOpenNI2.so;libusb::libusb)
[0m** WARNING ** io features related to pcap will be disabled[0m
-- Eigen found (include: /usr/include/eigen3, version: 3.4.0)
-- OpenNI found (version: 1.5.4.0, include: /usr/include/ni, lib: /usr/lib/libOpenNI.so;libusb::libusb)
-- OpenNI2 found (version: 2.2.0.33, include: /usr/include/openni2, lib: /usr/lib/x86_64-linux-gnu/libOpenNI2.so;libusb::libusb)
-- Found Qhull version 8.0.2
-- OpenNI found (version: 1.5.4.0, include: /usr/include/ni, lib: /usr/lib/libOpenNI.so;libusb::libusb)
-- looking for PCL_COMMON
-- Found PCL_COMMON: /usr/lib/x86_64-linux-gnu/libpcl_common.so  
-- looking for PCL_KDTREE
-- Found PCL_KDTREE: /usr/lib/x86_64-linux-gnu/libpcl_kdtree.so  
-- looking for PCL_OCTREE
-- Found PCL_OCTREE: /usr/lib/x86_64-linux-gnu/libpcl_octree.so  
-- looking for PCL_SEARCH
-- Found PCL_SEARCH: /usr/lib/x86_64-linux-gnu/libpcl_search.so  
-- looking for PCL_SAMPLE_CONSENSUS
-- Found PCL_SAMPLE_CONSENSUS: /usr/lib/x86_64-linux-gnu/libpcl_sample_consensus.so  
-- looking for PCL_FILTERS
-- Found PCL_FILTERS: /usr/lib/x86_64-linux-gnu/libpcl_filters.so  
-- looking for PCL_2D
-- Found PCL_2D: /usr/include/pcl-1.12  
-- looking for PCL_GEOMETRY
-- Found PCL_GEOMETRY: /usr/include/pcl-1.12  
-- looking for PCL_IO
-- Found PCL_IO: /usr/lib/x86_64-linux-gnu/libpcl_io.so  
-- looking for PCL_FEATURES
-- Found PCL_FEATURES: /usr/lib/x86_64-linux-gnu/libpcl_features.so  
-- looking for PCL_ML
-- Found PCL_ML: /usr/lib/x86_64-linux-gnu/libpcl_ml.so  
-- looking for PCL_SEGMENTATION
-- Found PCL_SEGMENTATION: /usr/lib/x86_64-linux-gnu/libpcl_segmentation.so  
-- looking for PCL_VISUALIZATION
-- Found PCL_VISUALIZATION: /usr/lib/x86_64-linux-gnu/libpcl_visualization.so  
-- looking for PCL_SURFACE
-- Found PCL_SURFACE: /usr/lib/x86_64-linux-gnu/libpcl_surface.so  
-- looking for PCL_REGISTRATION
-- Found PCL_REGISTRATION: /usr/lib/x86_64-linux-gnu/libpcl_registration.so  
-- looking for PCL_KEYPOINTS
-- Found PCL_KEYPOINTS: /usr/lib/x86_64-linux-gnu/libpcl_keypoints.so  
-- looking for PCL_TRACKING
-- Found PCL_TRACKING: /usr/lib/x86_64-linux-gnu/libpcl_tracking.so  
-- looking for PCL_RECOGNITION
-- Found PCL_RECOGNITION: /usr/lib/x86_64-linux-gnu/libpcl_recognition.so  
-- looking for PCL_STEREO
-- Found PCL_STEREO: /usr/lib/x86_64-linux-gnu/libpcl_stereo.so  
-- looking for PCL_APPS
-- Found PCL_APPS: /usr/lib/x86_64-linux-gnu/libpcl_apps.so  
-- looking for PCL_IN_HAND_SCANNER
-- Found PCL_IN_HAND_SCANNER: /usr/include/pcl-1.12  
-- looking for PCL_MODELER
-- Found PCL_MODELER: /usr/include/pcl-1.12  
-- looking for PCL_POINT_CLOUD_EDITOR
-- Found PCL_POINT_CLOUD_EDITOR: /usr/include/pcl-1.12  
-- looking for PCL_OUTOFCORE
-- Found PCL_OUTOFCORE: /usr/lib/x86_64-linux-gnu/libpcl_outofcore.so  
-- looking for PCL_PEOPLE
-- Found PCL_PEOPLE: /usr/lib/x86_64-linux-gnu/libpcl_people.so  
-- Found PCL: pcl_common;pcl_kdtree;pcl_octree;pcl_search;pcl_sample_consensus;pcl_filters;pcl_io;pcl_features;pcl_ml;pcl_segmentation;pcl_visualization;pcl_surface;pcl_registration;pcl_keypoints;pcl_tracking;pcl_recognition;pcl_stereo;pcl_apps;pcl_outofcore;pcl_people;Boost::system;Boost::filesystem;Boost::date_time;Boost::iostreams;Boost::serialization;/usr/lib/libOpenNI.so;libusb::libusb;/usr/lib/x86_64-linux-gnu/libOpenNI2.so;libusb::libusb;VTK::ChartsCore;VTK::CommonColor;VTK::CommonComputationalGeometry;VTK::CommonCore;VTK::CommonDataModel;VTK::CommonExecutionModel;VTK::CommonMath;VTK::CommonMisc;VTK::CommonTransforms;VTK::FiltersCore;VTK::FiltersExtraction;VTK::FiltersGeneral;VTK::FiltersGeometry;VTK::FiltersModeling;VTK::FiltersSources;VTK::ImagingCore;VTK::ImagingSources;VTK::InteractionImage;VTK::InteractionStyle;VTK::InteractionWidgets;VTK::IOCore;VTK::IOGeometry;VTK::IOImage;VTK::IOLegacy;VTK::IOPLY;VTK::RenderingAnnotation;VTK::RenderingCore;VTK::RenderingContext2D;VTK::RenderingLOD;VTK::RenderingFreeType;VTK::ViewsCore;VTK::ViewsContext2D;VTK::RenderingOpenGL2;VTK::GUISupportQt;FLANN::FLANN;QHULL::QHULL (Required is at least version "1.10") 
-- Configuring done
-- Generating done
-- Build files have been written to: /home/sienna/Desktop/combine_test/task2_src/build/dis_tutorial3
[ 50%] [32mBuilding CXX object CMakeFiles/pcl_forwarder.dir/src/forwarder.cpp.o[0m
[ 50%] [32mBuilding CXX object CMakeFiles/planes.dir/src/planes.cpp.o[0m
[ 50%] [32mBuilding CXX object CMakeFiles/cylinder_segmentation.dir/src/cylinder_segmentation.cpp.o[0m
[ 66%] [32m[1mLinking CXX executable pcl_forwarder[0m
[ 83%] [32m[1mLinking CXX executable planes[0m
[ 83%] Built target pcl_forwarder
[ 83%] Built target planes
[100%] [32m[1mLinking CXX executable cylinder_segmentation[0m
[100%] Built target cylinder_segmentation
-- Install configuration: ""
-- Execute custom install script
-- Symlinking: /home/sienna/Desktop/combine_test/task2_src/install/dis_tutorial3/lib/dis_tutorial3/pcl_forwarder
-- Symlinking: /home/sienna/Desktop/combine_test/task2_src/install/dis_tutorial3/lib/dis_tutorial3/planes
-- Symlinking: /home/sienna/Desktop/combine_test/task2_src/install/dis_tutorial3/lib/dis_tutorial3/cylinder_segmentation
-- Symlinking: /home/sienna/Desktop/combine_test/task2_src/install/dis_tutorial3/share/dis_tutorial3//launch/create3_nodes.launch.py
-- Symlinking: /home/sienna/Desktop/combine_test/task2_src/install/dis_tutorial3/share/dis_tutorial3//launch/dis_sim.launch.py
-- Symlinking: /home/sienna/Desktop/combine_test/task2_src/install/dis_tutorial3/share/dis_tutorial3//launch/ignition.launch.py
-- Symlinking: /home/sienna/Desktop/combine_test/task2_src/install/dis_tutorial3/share/dis_tutorial3//launch/localization.launch.py
-- Symlinking: /home/sienna/Desktop/combine_test/task2_src/install/dis_tutorial3/share/dis_tutorial3//launch/nav2.launch.py
-- Symlinking: /home/sienna/Desktop/combine_test/task2_src/install/dis_tutorial3/share/dis_tutorial3//launch/sim_turtlebot_nav.launch.py
-- Symlinking: /home/sienna/Desktop/combine_test/task2_src/install/dis_tutorial3/share/dis_tutorial3//launch/sim_turtlebot_slam.launch.py
-- Symlinking: /home/sienna/Desktop/combine_test/task2_src/install/dis_tutorial3/share/dis_tutorial3//launch/slam.launch.py
-- Symlinking: /home/sienna/Desktop/combine_test/task2_src/install/dis_tutorial3/share/dis_tutorial3//launch/turtlebot4_spawn.launch.py
-- Symlinking: /home/sienna/Desktop/combine_test/task2_src/install/dis_tutorial3/share/dis_tutorial3//launch/turtlebot4_spawn_nav.launch.py
-- Symlinking: /home/sienna/Desktop/combine_test/task2_src/install/dis_tutorial3/share/dis_tutorial3//config/laser_filter_chain.yaml
-- Symlinking: /home/sienna/Desktop/combine_test/task2_src/install/dis_tutorial3/share/dis_tutorial3//config/localization.yaml
-- Symlinking: /home/sienna/Desktop/combine_test/task2_src/install/dis_tutorial3/share/dis_tutorial3//config/nav2.yaml
-- Symlinking: /home/sienna/Desktop/combine_test/task2_src/install/dis_tutorial3/share/dis_tutorial3//config/slam.yaml
-- Symlinking: /home/sienna/Desktop/combine_test/task2_src/install/dis_tutorial3/share/dis_tutorial3//worlds/demo1.sdf
-- Symlinking: /home/sienna/Desktop/combine_test/task2_src/install/dis_tutorial3/share/dis_tutorial3//worlds/demo1_meshes/cylinders.jpg
-- Symlinking: /home/sienna/Desktop/combine_test/task2_src/install/dis_tutorial3/share/dis_tutorial3//worlds/demo1_meshes/fakering1.jpg
-- Symlinking: /home/sienna/Desktop/combine_test/task2_src/install/dis_tutorial3/share/dis_tutorial3//worlds/demo1_meshes/fakering2.jpg
-- Symlinking: /home/sienna/Desktop/combine_test/task2_src/install/dis_tutorial3/share/dis_tutorial3//worlds/demo1_meshes/fakering3.jpg
-- Symlinking: /home/sienna/Desktop/combine_test/task2_src/install/dis_tutorial3/share/dis_tutorial3//worlds/demo1_meshes/ground.jpg
-- Symlinking: /home/sienna/Desktop/combine_test/task2_src/install/dis_tutorial3/share/dis_tutorial3//worlds/demo1_meshes/map.dae
-- Symlinking: /home/sienna/Desktop/combine_test/task2_src/install/dis_tutorial3/share/dis_tutorial3//worlds/demo1_meshes/map_colliders.dae
-- Symlinking: /home/sienna/Desktop/combine_test/task2_src/install/dis_tutorial3/share/dis_tutorial3//worlds/demo1_meshes/objects.jpg
-- Symlinking: /home/sienna/Desktop/combine_test/task2_src/install/dis_tutorial3/share/dis_tutorial3//worlds/demo1_meshes/parking_space.jpg
-- Symlinking: /home/sienna/Desktop/combine_test/task2_src/install/dis_tutorial3/share/dis_tutorial3//worlds/demo1_meshes/person1.png
-- Symlinking: /home/sienna/Desktop/combine_test/task2_src/install/dis_tutorial3/share/dis_tutorial3//worlds/demo1_meshes/person11.png
-- Symlinking: /home/sienna/Desktop/combine_test/task2_src/install/dis_tutorial3/share/dis_tutorial3//worlds/demo1_meshes/person2.png
-- Symlinking: /home/sienna/Desktop/combine_test/task2_src/install/dis_tutorial3/share/dis_tutorial3//worlds/demo1_meshes/person3.png
-- Symlinking: /home/sienna/Desktop/combine_test/task2_src/install/dis_tutorial3/share/dis_tutorial3//worlds/demo1_meshes/person4.png
-- Symlinking: /home/sienna/Desktop/combine_test/task2_src/install/dis_tutorial3/share/dis_tutorial3//worlds/demo1_meshes/person5.png
-- Symlinking: /home/sienna/Desktop/combine_test/task2_src/install/dis_tutorial3/share/dis_tutorial3//worlds/demo1_meshes/qr1.jpg
-- Symlinking: /home/sienna/Desktop/combine_test/task2_src/install/dis_tutorial3/share/dis_tutorial3//worlds/demo1_meshes/qr2.jpg
-- Symlinking: /home/sienna/Desktop/combine_test/task2_src/install/dis_tutorial3/share/dis_tutorial3//worlds/demo2.sdf
-- Symlinking: /home/sienna/Desktop/combine_test/task2_src/install/dis_tutorial3/share/dis_tutorial3//worlds/demo2_meshes/cylinders.jpg
-- Symlinking: /home/sienna/Desktop/combine_test/task2_src/install/dis_tutorial3/share/dis_tutorial3//worlds/demo2_meshes/fakering1.jpg
-- Symlinking: /home/sienna/Desktop/combine_test/task2_src/install/dis_tutorial3/share/dis_tutorial3//worlds/demo2_meshes/fakering2.jpg
-- Symlinking: /home/sienna/Desktop/combine_test/task2_src/install/dis_tutorial3/share/dis_tutorial3//worlds/demo2_meshes/fakering3.jpg
-- Symlinking: /home/sienna/Desktop/combine_test/task2_src/install/dis_tutorial3/share/dis_tutorial3//worlds/demo2_meshes/ground.jpg
-- Symlinking: /home/sienna/Desktop/combine_test/task2_src/install/dis_tutorial3/share/dis_tutorial3//worlds/demo2_meshes/map.dae
-- Symlinking: /home/sienna/Desktop/combine_test/task2_src/install/dis_tutorial3/share/dis_tutorial3//worlds/demo2_meshes/map_colliders.dae
-- Symlinking: /home/sienna/Desktop/combine_test/task2_src/install/dis_tutorial3/share/dis_tutorial3//worlds/demo2_meshes/objects.jpg
-- Symlinking: /home/sienna/Desktop/combine_test/task2_src/install/dis_tutorial3/share/dis_tutorial3//worlds/demo2_meshes/parking_space.jpg
-- Symlinking: /home/sienna/Desktop/combine_test/task2_src/install/dis_tutorial3/share/dis_tutorial3//worlds/demo2_meshes/person18.png
-- Symlinking: /home/sienna/Desktop/combine_test/task2_src/install/dis_tutorial3/share/dis_tutorial3//worlds/demo2_meshes/person20.png
-- Symlinking: /home/sienna/Desktop/combine_test/task2_src/install/dis_tutorial3/share/dis_tutorial3//worlds/demo2_meshes/person6.png
-- Symlinking: /home/sienna/Desktop/combine_test/task2_src/install/dis_tutorial3/share/dis_tutorial3//worlds/demo2_meshes/person7.png
-- Symlinking: /home/sienna/Desktop/combine_test/task2_src/install/dis_tutorial3/share/dis_tutorial3//worlds/demo2_meshes/person8.png
-- Symlinking: /home/sienna/Desktop/combine_test/task2_src/install/dis_tutorial3/share/dis_tutorial3//worlds/demo2_meshes/person9.png
-- Symlinking: /home/sienna/Desktop/combine_test/task2_src/install/dis_tutorial3/share/dis_tutorial3//worlds/demo2_meshes/qr1.jpg
-- Symlinking: /home/sienna/Desktop/combine_test/task2_src/install/dis_tutorial3/share/dis_tutorial3//worlds/demo2_meshes/qr2.jpg
-- Symlinking: /home/sienna/Desktop/combine_test/task2_src/install/dis_tutorial3/share/dis_tutorial3//worlds/dis.sdf
-- Symlinking: /home/sienna/Desktop/combine_test/task2_src/install/dis_tutorial3/share/dis_tutorial3//worlds/dis_meshes/cylinders.jpg
-- Symlinking: /home/sienna/Desktop/combine_test/task2_src/install/dis_tutorial3/share/dis_tutorial3//worlds/dis_meshes/davinci.jpg
-- Symlinking: /home/sienna/Desktop/combine_test/task2_src/install/dis_tutorial3/share/dis_tutorial3//worlds/dis_meshes/fakering1.jpg
-- Symlinking: /home/sienna/Desktop/combine_test/task2_src/install/dis_tutorial3/share/dis_tutorial3//worlds/dis_meshes/fakering2.jpg
-- Symlinking: /home/sienna/Desktop/combine_test/task2_src/install/dis_tutorial3/share/dis_tutorial3//worlds/dis_meshes/fakering3.jpg
-- Symlinking: /home/sienna/Desktop/combine_test/task2_src/install/dis_tutorial3/share/dis_tutorial3//worlds/dis_meshes/ground.jpg
-- Symlinking: /home/sienna/Desktop/combine_test/task2_src/install/dis_tutorial3/share/dis_tutorial3//worlds/dis_meshes/map.dae
-- Symlinking: /home/sienna/Desktop/combine_test/task2_src/install/dis_tutorial3/share/dis_tutorial3//worlds/dis_meshes/map_colliders.dae
-- Symlinking: /home/sienna/Desktop/combine_test/task2_src/install/dis_tutorial3/share/dis_tutorial3//worlds/dis_meshes/mona1.jpg
-- Symlinking: /home/sienna/Desktop/combine_test/task2_src/install/dis_tutorial3/share/dis_tutorial3//worlds/dis_meshes/objects.jpg
-- Symlinking: /home/sienna/Desktop/combine_test/task2_src/install/dis_tutorial3/share/dis_tutorial3//worlds/dis_meshes/parking_space.jpg
-- Symlinking: /home/sienna/Desktop/combine_test/task2_src/install/dis_tutorial3/share/dis_tutorial3//worlds/dis_meshes/person1.jpg
-- Symlinking: /home/sienna/Desktop/combine_test/task2_src/install/dis_tutorial3/share/dis_tutorial3//worlds/dis_meshes/person2.jpg
-- Symlinking: /home/sienna/Desktop/combine_test/task2_src/install/dis_tutorial3/share/dis_tutorial3//worlds/dis_meshes/person3.jpg
-- Symlinking: /home/sienna/Desktop/combine_test/task2_src/install/dis_tutorial3/share/dis_tutorial3//worlds/dis_meshes/person4.jpg
-- Symlinking: /home/sienna/Desktop/combine_test/task2_src/install/dis_tutorial3/share/dis_tutorial3//worlds/dis_meshes/person5.jpg
-- Symlinking: /home/sienna/Desktop/combine_test/task2_src/install/dis_tutorial3/share/dis_tutorial3//worlds/dis_meshes/qr1.jpg
-- Symlinking: /home/sienna/Desktop/combine_test/task2_src/install/dis_tutorial3/share/dis_tutorial3//worlds/dis_meshes/qr2.jpg
-- Symlinking: /home/sienna/Desktop/combine_test/task2_src/install/dis_tutorial3/share/dis_tutorial3//worlds/dis_meshes/wood.jpg
-- Symlinking: /home/sienna/Desktop/combine_test/task2_src/install/dis_tutorial3/share/dis_tutorial3//worlds/empty.sdf
-- Symlinking: /home/sienna/Desktop/combine_test/task2_src/install/dis_tutorial3/share/dis_tutorial3//worlds/task2_demo1.sdf
-- Symlinking: /home/sienna/Desktop/combine_test/task2_src/install/dis_tutorial3/share/dis_tutorial3//worlds/task2_demo1_meshes/cylinders.jpg
-- Symlinking: /home/sienna/Desktop/combine_test/task2_src/install/dis_tutorial3/share/dis_tutorial3//worlds/task2_demo1_meshes/fakering1.jpg
-- Symlinking: /home/sienna/Desktop/combine_test/task2_src/install/dis_tutorial3/share/dis_tutorial3//worlds/task2_demo1_meshes/fakering2.jpg
-- Symlinking: /home/sienna/Desktop/combine_test/task2_src/install/dis_tutorial3/share/dis_tutorial3//worlds/task2_demo1_meshes/fakering3.jpg
-- Symlinking: /home/sienna/Desktop/combine_test/task2_src/install/dis_tutorial3/share/dis_tutorial3//worlds/task2_demo1_meshes/ground.jpg
-- Symlinking: /home/sienna/Desktop/combine_test/task2_src/install/dis_tutorial3/share/dis_tutorial3//worlds/task2_demo1_meshes/map.dae
-- Symlinking: /home/sienna/Desktop/combine_test/task2_src/install/dis_tutorial3/share/dis_tutorial3//worlds/task2_demo1_meshes/map_colliders.dae
-- Symlinking: /home/sienna/Desktop/combine_test/task2_src/install/dis_tutorial3/share/dis_tutorial3//worlds/task2_demo1_meshes/objects.jpg
-- Symlinking: /home/sienna/Desktop/combine_test/task2_src/install/dis_tutorial3/share/dis_tutorial3//worlds/task2_demo1_meshes/parking_space.jpg
-- Symlinking: /home/sienna/Desktop/combine_test/task2_src/install/dis_tutorial3/share/dis_tutorial3//worlds/task2_demo2.sdf
-- Symlinking: /home/sienna/Desktop/combine_test/task2_src/install/dis_tutorial3/share/dis_tutorial3//worlds/task2_demo2_meshes/cylinders.jpg
-- Symlinking: /home/sienna/Desktop/combine_test/task2_src/install/dis_tutorial3/share/dis_tutorial3//worlds/task2_demo2_meshes/fakering1.jpg
-- Symlinking: /home/sienna/Desktop/combine_test/task2_src/install/dis_tutorial3/share/dis_tutorial3//worlds/task2_demo2_meshes/fakering2.jpg
-- Symlinking: /home/sienna/Desktop/combine_test/task2_src/install/dis_tutorial3/share/dis_tutorial3//worlds/task2_demo2_meshes/fakering3.jpg
-- Symlinking: /home/sienna/Desktop/combine_test/task2_src/install/dis_tutorial3/share/dis_tutorial3//worlds/task2_demo2_meshes/ground.jpg
-- Symlinking: /home/sienna/Desktop/combine_test/task2_src/install/dis_tutorial3/share/dis_tutorial3//worlds/task2_demo2_meshes/map.dae
-- Symlinking: /home/sienna/Desktop/combine_test/task2_src/install/dis_tutorial3/share/dis_tutorial3//worlds/task2_demo2_meshes/map_colliders.dae
-- Symlinking: /home/sienna/Desktop/combine_test/task2_src/install/dis_tutorial3/share/dis_tutorial3//worlds/task2_demo2_meshes/objects.jpg
-- Symlinking: /home/sienna/Desktop/combine_test/task2_src/install/dis_tutorial3/share/dis_tutorial3//worlds/task2_demo2_meshes/parking_space.jpg
-- Symlinking: /home/sienna/Desktop/combine_test/task2_src/install/dis_tutorial3/share/dis_tutorial3//maps/map.pgm
-- Symlinking: /home/sienna/Desktop/combine_test/task2_src/install/dis_tutorial3/share/dis_tutorial3//maps/map.yaml
-- Symlinking: /home/sienna/Desktop/combine_test/task2_src/install/dis_tutorial3/lib/dis_tutorial3/detect_people.py
-- Symlinking: /home/sienna/Desktop/combine_test/task2_src/install/dis_tutorial3/lib/dis_tutorial3/robot_commander.py
-- Symlinking: /home/sienna/Desktop/combine_test/task2_src/install/dis_tutorial3/lib/dis_tutorial3/detect_rings.py
-- Symlinking: /home/sienna/Desktop/combine_test/task2_src/install/dis_tutorial3/share/ament_index/resource_index/package_run_dependencies/dis_tutorial3
-- Symlinking: /home/sienna/Desktop/combine_test/task2_src/install/dis_tutorial3/share/ament_index/resource_index/parent_prefix_path/dis_tutorial3
-- Symlinking: /home/sienna/Desktop/combine_test/task2_src/install/dis_tutorial3/share/dis_tutorial3/environment/ament_prefix_path.sh
-- Symlinking: /home/sienna/Desktop/combine_test/task2_src/install/dis_tutorial3/share/dis_tutorial3/environment/ament_prefix_path.dsv
-- Symlinking: /home/sienna/Desktop/combine_test/task2_src/install/dis_tutorial3/share/dis_tutorial3/environment/path.sh
-- Symlinking: /home/sienna/Desktop/combine_test/task2_src/install/dis_tutorial3/share/dis_tutorial3/environment/path.dsv
-- Symlinking: /home/sienna/Desktop/combine_test/task2_src/install/dis_tutorial3/share/dis_tutorial3/local_setup.bash
-- Symlinking: /home/sienna/Desktop/combine_test/task2_src/install/dis_tutorial3/share/dis_tutorial3/local_setup.sh
-- Symlinking: /home/sienna/Desktop/combine_test/task2_src/install/dis_tutorial3/share/dis_tutorial3/local_setup.zsh
-- Symlinking: /home/sienna/Desktop/combine_test/task2_src/install/dis_tutorial3/share/dis_tutorial3/local_setup.dsv
-- Symlinking: /home/sienna/Desktop/combine_test/task2_src/install/dis_tutorial3/share/dis_tutorial3/package.dsv
-- Symlinking: /home/sienna/Desktop/combine_test/task2_src/install/dis_tutorial3/share/ament_index/resource_index/packages/dis_tutorial3
-- Symlinking: /home/sienna/Desktop/combine_test/task2_src/install/dis_tutorial3/share/dis_tutorial3/cmake/dis_tutorial3Config.cmake
-- Symlinking: /home/sienna/Desktop/combine_test/task2_src/install/dis_tutorial3/share/dis_tutorial3/cmake/dis_tutorial3Config-version.cmake
-- Symlinking: /home/sienna/Desktop/combine_test/task2_src/install/dis_tutorial3/share/dis_tutorial3/package.xml
