[0.092s] Invoking command in '/home/sienna/Desktop/combine_test/task2_src/build/dis_tutorial3': CMAKE_PREFIX_PATH=/opt/ros/humble /usr/bin/cmake /home/sienna/Desktop/combine_test/task2_src/RInS_Teamproject-task2/dis_tutorial3-main -DAMENT_CMAKE_SYMLINK_INSTALL=1 -DCMAKE_INSTALL_PREFIX=/home/sienna/Desktop/combine_test/task2_src/install/dis_tutorial3
[0.176s] -- The C compiler identification is GNU 11.4.0
[0.249s] -- The CXX compiler identification is GNU 11.4.0
[0.257s] -- Detecting C compiler ABI info
[0.318s] -- Detecting C compiler ABI info - done
[0.324s] -- Check for working C compiler: /usr/bin/cc - skipped
[0.324s] -- Detecting C compile features
[0.325s] -- Detecting C compile features - done
[0.329s] -- Detecting CXX compiler ABI info
[0.396s] -- Detecting CXX compiler ABI info - done
[0.403s] -- Check for working CXX compiler: /usr/bin/c++ - skipped
[0.403s] -- Detecting CXX compile features
[0.404s] -- Detecting CXX compile features - done
[0.408s] -- Found ament_cmake: 1.3.8 (/opt/ros/humble/share/ament_cmake/cmake)
[0.545s] -- Found Python3: /usr/bin/python3 (found version "3.10.12") found components: Interpreter 
[0.606s] -- Override CMake install command with custom implementation using symlinks instead of copying resources
[0.636s] -- Found rclcpp: 16.0.8 (/opt/ros/humble/share/rclcpp/cmake)
[0.683s] -- Found rosidl_generator_c: 3.1.5 (/opt/ros/humble/share/rosidl_generator_c/cmake)
[0.688s] -- Found rosidl_adapter: 3.1.5 (/opt/ros/humble/share/rosidl_adapter/cmake)
[0.698s] -- Found rosidl_generator_cpp: 3.1.5 (/opt/ros/humble/share/rosidl_generator_cpp/cmake)
[0.713s] -- Using all available rosidl_typesupport_c: rosidl_typesupport_fastrtps_c;rosidl_typesupport_introspection_c
[0.734s] -- Using all available rosidl_typesupport_cpp: rosidl_typesupport_fastrtps_cpp;rosidl_typesupport_introspection_cpp
[0.800s] -- Found rmw_implementation_cmake: 6.1.1 (/opt/ros/humble/share/rmw_implementation_cmake/cmake)
[0.803s] -- Found rmw_fastrtps_cpp: 6.2.6 (/opt/ros/humble/share/rmw_fastrtps_cpp/cmake)
[0.896s] -- Found OpenSSL: /usr/lib/x86_64-linux-gnu/libcrypto.so (found version "3.0.2")  
[0.922s] -- Found FastRTPS: /opt/ros/humble/include  
[0.965s] -- Using RMW implementation 'rmw_fastrtps_cpp' as default
[0.975s] -- Looking for pthread.h
[1.042s] -- Looking for pthread.h - found
[1.042s] -- Performing Test CMAKE_HAVE_LIBC_PTHREAD
[1.108s] -- Performing Test CMAKE_HAVE_LIBC_PTHREAD - Success
[1.109s] -- Found Threads: TRUE  
[1.250s] -- Found rclpy: 3.3.12 (/opt/ros/humble/share/rclpy/cmake)
[1.252s] -- Found std_srvs: 4.2.3 (/opt/ros/humble/share/std_srvs/cmake)
[1.270s] -- Found geometry_msgs: 4.2.3 (/opt/ros/humble/share/geometry_msgs/cmake)
[1.312s] -- Found visualization_msgs: 4.2.3 (/opt/ros/humble/share/visualization_msgs/cmake)
[1.529s] -- Found tf2: 0.25.6 (/opt/ros/humble/share/tf2/cmake)
[1.544s] -- Found tf2_geometry_msgs: 0.25.6 (/opt/ros/humble/share/tf2_geometry_msgs/cmake)
[1.560s] -- Found eigen3_cmake_module: 0.1.1 (/opt/ros/humble/share/eigen3_cmake_module/cmake)
[1.561s] -- Found Eigen3: TRUE (found version "3.4.0") 
[1.562s] -- Ensuring Eigen3 include directory is part of orocos-kdl CMake target
[1.901s] -- Found pcl_conversions: 2.4.0 (/opt/ros/humble/share/pcl_conversions/cmake)
[2.022s] -- Checking for module 'eigen3'
[2.034s] --   Found eigen3, version 3.4.0
[2.065s] -- Found Eigen: /usr/include/eigen3 (Required is at least version "3.1") 
[2.065s] -- Eigen found (include: /usr/include/eigen3, version: 3.4.0)
[2.090s] -- Found Boost: /usr/lib/x86_64-linux-gnu/cmake/Boost-1.74.0/BoostConfig.cmake (found suitable version "1.74.0", minimum required is "1.65.0") found components: system filesystem date_time iostreams serialization 
[2.105s] -- Checking for module 'flann'
[2.116s] --   Found flann, version 1.9.1
[2.150s] -- Found FLANN: /usr/lib/x86_64-linux-gnu/libflann_cpp.so  
[2.150s] -- FLANN found (include: /usr/include, lib: /usr/lib/x86_64-linux-gnu/libflann_cpp.so)
[2.182s] -- Found GLEW: /usr/lib/x86_64-linux-gnu/libGLEW.so  
[2.187s] -- Found OpenGL: /usr/lib/x86_64-linux-gnu/libOpenGL.so  found components: OpenGL GLX 
[2.325s] -- Found MPI_C: /usr/lib/x86_64-linux-gnu/libmpi.so (found version "3.1") 
[2.325s] -- Found MPI: TRUE (found version "3.1") found components: C 
[2.328s] -- Found JsonCpp: /usr/lib/x86_64-linux-gnu/libjsoncpp.so (found suitable version "1.9.5", minimum required is "0.7.0") 
[2.336s] -- Found ZLIB: /usr/lib/x86_64-linux-gnu/libz.so (found version "1.2.11") 
[2.351s] -- Found PNG: /usr/lib/x86_64-linux-gnu/libpng.so (found version "1.6.37") 
[2.370s] -- Found Eigen3: /usr/include/eigen3 (found version "3.4.0") 
[2.448s] -- Found X11: /usr/include   
[2.448s] -- Looking for XOpenDisplay in /usr/lib/x86_64-linux-gnu/libX11.so;/usr/lib/x86_64-linux-gnu/libXext.so
[2.512s] -- Looking for XOpenDisplay in /usr/lib/x86_64-linux-gnu/libX11.so;/usr/lib/x86_64-linux-gnu/libXext.so - found
[2.512s] -- Looking for gethostbyname
[2.574s] -- Looking for gethostbyname - found
[2.574s] -- Looking for connect
[2.632s] -- Looking for connect - found
[2.632s] -- Looking for remove
[2.691s] -- Looking for remove - found
[2.691s] -- Looking for shmat
[2.754s] -- Looking for shmat - found
[2.754s] -- Looking for IceConnectionNumber in ICE
[2.812s] -- Looking for IceConnectionNumber in ICE - found
[2.878s] -- Found EXPAT: /usr/lib/x86_64-linux-gnu/libexpat.so (found version "2.4.7") 
[2.880s] -- Found double-conversion: /usr/lib/x86_64-linux-gnu/libdouble-conversion.so  
[2.882s] -- Found LZ4: /usr/lib/x86_64-linux-gnu/liblz4.so (found version "1.9.3") 
[2.884s] -- Found LZMA: /usr/lib/x86_64-linux-gnu/liblzma.so (found version "5.2.5") 
[2.922s] -- Found JPEG: /usr/lib/x86_64-linux-gnu/libjpeg.so (found version "80") 
[2.927s] -- Found TIFF: /usr/lib/x86_64-linux-gnu/libtiff.so (found version "4.3.0")  
[2.931s] -- Found Freetype: /usr/lib/x86_64-linux-gnu/libfreetype.so (found version "2.11.1") 
[2.937s] -- Found utf8cpp: /usr/include/utf8cpp  
[3.010s] -- Checking for module 'libusb-1.0'
[3.021s] --   Found libusb-1.0, version 1.0.25
[3.054s] -- Found libusb: /usr/lib/x86_64-linux-gnu/libusb-1.0.so  
[3.055s] -- Found OpenNI: /usr/lib/libOpenNI.so;libusb::libusb (found version "1.5.4.0") 
[3.056s] -- OpenNI found (version: 1.5.4.0, include: /usr/include/ni, lib: /usr/lib/libOpenNI.so;libusb::libusb)
[3.104s] -- Found OpenNI2: /usr/lib/x86_64-linux-gnu/libOpenNI2.so;libusb::libusb (found version "2.2.0.33") 
[3.104s] -- OpenNI2 found (version: 2.2.0.33, include: /usr/include/openni2, lib: /usr/lib/x86_64-linux-gnu/libOpenNI2.so;libusb::libusb)
[3.104s] [0m** WARNING ** io features related to pcap will be disabled[0m
[3.233s] -- Eigen found (include: /usr/include/eigen3, version: 3.4.0)
[3.239s] -- OpenNI found (version: 1.5.4.0, include: /usr/include/ni, lib: /usr/lib/libOpenNI.so;libusb::libusb)
[3.245s] -- OpenNI2 found (version: 2.2.0.33, include: /usr/include/openni2, lib: /usr/lib/x86_64-linux-gnu/libOpenNI2.so;libusb::libusb)
[3.375s] -- Found Qhull version 8.0.2
[3.503s] -- OpenNI found (version: 1.5.4.0, include: /usr/include/ni, lib: /usr/lib/libOpenNI.so;libusb::libusb)
[3.626s] -- looking for PCL_COMMON
[3.635s] -- Found PCL_COMMON: /usr/lib/x86_64-linux-gnu/libpcl_common.so  
[3.635s] -- looking for PCL_KDTREE
[3.636s] -- Found PCL_KDTREE: /usr/lib/x86_64-linux-gnu/libpcl_kdtree.so  
[3.636s] -- looking for PCL_OCTREE
[3.637s] -- Found PCL_OCTREE: /usr/lib/x86_64-linux-gnu/libpcl_octree.so  
[3.637s] -- looking for PCL_SEARCH
[3.637s] -- Found PCL_SEARCH: /usr/lib/x86_64-linux-gnu/libpcl_search.so  
[3.638s] -- looking for PCL_SAMPLE_CONSENSUS
[3.638s] -- Found PCL_SAMPLE_CONSENSUS: /usr/lib/x86_64-linux-gnu/libpcl_sample_consensus.so  
[3.638s] -- looking for PCL_FILTERS
[3.639s] -- Found PCL_FILTERS: /usr/lib/x86_64-linux-gnu/libpcl_filters.so  
[3.639s] -- looking for PCL_2D
[3.639s] -- Found PCL_2D: /usr/include/pcl-1.12  
[3.640s] -- looking for PCL_GEOMETRY
[3.640s] -- Found PCL_GEOMETRY: /usr/include/pcl-1.12  
[3.640s] -- looking for PCL_IO
[3.640s] -- Found PCL_IO: /usr/lib/x86_64-linux-gnu/libpcl_io.so  
[3.641s] -- looking for PCL_FEATURES
[3.641s] -- Found PCL_FEATURES: /usr/lib/x86_64-linux-gnu/libpcl_features.so  
[3.642s] -- looking for PCL_ML
[3.643s] -- Found PCL_ML: /usr/lib/x86_64-linux-gnu/libpcl_ml.so  
[3.643s] -- looking for PCL_SEGMENTATION
[3.644s] -- Found PCL_SEGMENTATION: /usr/lib/x86_64-linux-gnu/libpcl_segmentation.so  
[3.644s] -- looking for PCL_VISUALIZATION
[3.645s] -- Found PCL_VISUALIZATION: /usr/lib/x86_64-linux-gnu/libpcl_visualization.so  
[3.645s] -- looking for PCL_SURFACE
[3.646s] -- Found PCL_SURFACE: /usr/lib/x86_64-linux-gnu/libpcl_surface.so  
[3.646s] -- looking for PCL_REGISTRATION
[3.647s] -- Found PCL_REGISTRATION: /usr/lib/x86_64-linux-gnu/libpcl_registration.so  
[3.647s] -- looking for PCL_KEYPOINTS
[3.647s] -- Found PCL_KEYPOINTS: /usr/lib/x86_64-linux-gnu/libpcl_keypoints.so  
[3.648s] -- looking for PCL_TRACKING
[3.649s] -- Found PCL_TRACKING: /usr/lib/x86_64-linux-gnu/libpcl_tracking.so  
[3.649s] -- looking for PCL_RECOGNITION
[3.649s] -- Found PCL_RECOGNITION: /usr/lib/x86_64-linux-gnu/libpcl_recognition.so  
[3.650s] -- looking for PCL_STEREO
[3.651s] -- Found PCL_STEREO: /usr/lib/x86_64-linux-gnu/libpcl_stereo.so  
[3.651s] -- looking for PCL_APPS
[3.652s] -- Found PCL_APPS: /usr/lib/x86_64-linux-gnu/libpcl_apps.so  
[3.652s] -- looking for PCL_IN_HAND_SCANNER
[3.652s] -- Found PCL_IN_HAND_SCANNER: /usr/include/pcl-1.12  
[3.652s] -- looking for PCL_MODELER
[3.653s] -- Found PCL_MODELER: /usr/include/pcl-1.12  
[3.653s] -- looking for PCL_POINT_CLOUD_EDITOR
[3.653s] -- Found PCL_POINT_CLOUD_EDITOR: /usr/include/pcl-1.12  
[3.653s] -- looking for PCL_OUTOFCORE
[3.654s] -- Found PCL_OUTOFCORE: /usr/lib/x86_64-linux-gnu/libpcl_outofcore.so  
[3.654s] -- looking for PCL_PEOPLE
[3.655s] -- Found PCL_PEOPLE: /usr/lib/x86_64-linux-gnu/libpcl_people.so  
[3.656s] -- Found PCL: pcl_common;pcl_kdtree;pcl_octree;pcl_search;pcl_sample_consensus;pcl_filters;pcl_io;pcl_features;pcl_ml;pcl_segmentation;pcl_visualization;pcl_surface;pcl_registration;pcl_keypoints;pcl_tracking;pcl_recognition;pcl_stereo;pcl_apps;pcl_outofcore;pcl_people;Boost::system;Boost::filesystem;Boost::date_time;Boost::iostreams;Boost::serialization;/usr/lib/libOpenNI.so;libusb::libusb;/usr/lib/x86_64-linux-gnu/libOpenNI2.so;libusb::libusb;VTK::ChartsCore;VTK::CommonColor;VTK::CommonComputationalGeometry;VTK::CommonCore;VTK::CommonDataModel;VTK::CommonExecutionModel;VTK::CommonMath;VTK::CommonMisc;VTK::CommonTransforms;VTK::FiltersCore;VTK::FiltersExtraction;VTK::FiltersGeneral;VTK::FiltersGeometry;VTK::FiltersModeling;VTK::FiltersSources;VTK::ImagingCore;VTK::ImagingSources;VTK::InteractionImage;VTK::InteractionStyle;VTK::InteractionWidgets;VTK::IOCore;VTK::IOGeometry;VTK::IOImage;VTK::IOLegacy;VTK::IOPLY;VTK::RenderingAnnotation;VTK::RenderingCore;VTK::RenderingContext2D;VTK::RenderingLOD;VTK::RenderingFreeType;VTK::ViewsCore;VTK::ViewsContext2D;VTK::RenderingOpenGL2;VTK::GUISupportQt;FLANN::FLANN;QHULL::QHULL (Required is at least version "1.10") 
[3.856s] -- Configuring done
[3.935s] -- Generating done
[3.938s] -- Build files have been written to: /home/sienna/Desktop/combine_test/task2_src/build/dis_tutorial3
[3.957s] Invoked command in '/home/sienna/Desktop/combine_test/task2_src/build/dis_tutorial3' returned '0': CMAKE_PREFIX_PATH=/opt/ros/humble /usr/bin/cmake /home/sienna/Desktop/combine_test/task2_src/RInS_Teamproject-task2/dis_tutorial3-main -DAMENT_CMAKE_SYMLINK_INSTALL=1 -DCMAKE_INSTALL_PREFIX=/home/sienna/Desktop/combine_test/task2_src/install/dis_tutorial3
[3.960s] Invoking command in '/home/sienna/Desktop/combine_test/task2_src/build/dis_tutorial3': CMAKE_PREFIX_PATH=/opt/ros/humble /usr/bin/cmake --build /home/sienna/Desktop/combine_test/task2_src/build/dis_tutorial3 -- -j8 -l8
[4.005s] [ 50%] [32mBuilding CXX object CMakeFiles/pcl_forwarder.dir/src/forwarder.cpp.o[0m
[4.005s] [ 50%] [32mBuilding CXX object CMakeFiles/planes.dir/src/planes.cpp.o[0m
[4.006s] [ 50%] [32mBuilding CXX object CMakeFiles/cylinder_segmentation.dir/src/cylinder_segmentation.cpp.o[0m
[15.172s] [ 66%] [32m[1mLinking CXX executable pcl_forwarder[0m
[16.123s] [ 83%] [32m[1mLinking CXX executable planes[0m
[16.151s] [ 83%] Built target pcl_forwarder
[17.583s] [ 83%] Built target planes
[19.092s] [100%] [32m[1mLinking CXX executable cylinder_segmentation[0m
[21.399s] [100%] Built target cylinder_segmentation
[21.410s] Invoked command in '/home/sienna/Desktop/combine_test/task2_src/build/dis_tutorial3' returned '0': CMAKE_PREFIX_PATH=/opt/ros/humble /usr/bin/cmake --build /home/sienna/Desktop/combine_test/task2_src/build/dis_tutorial3 -- -j8 -l8
[21.438s] Invoking command in '/home/sienna/Desktop/combine_test/task2_src/build/dis_tutorial3': CMAKE_PREFIX_PATH=/opt/ros/humble /usr/bin/cmake --install /home/sienna/Desktop/combine_test/task2_src/build/dis_tutorial3
[21.444s] -- Install configuration: ""
[21.444s] -- Execute custom install script
[21.445s] -- Symlinking: /home/sienna/Desktop/combine_test/task2_src/install/dis_tutorial3/lib/dis_tutorial3/pcl_forwarder
[21.453s] -- Symlinking: /home/sienna/Desktop/combine_test/task2_src/install/dis_tutorial3/lib/dis_tutorial3/planes
[21.462s] -- Symlinking: /home/sienna/Desktop/combine_test/task2_src/install/dis_tutorial3/lib/dis_tutorial3/cylinder_segmentation
[21.470s] -- Symlinking: /home/sienna/Desktop/combine_test/task2_src/install/dis_tutorial3/share/dis_tutorial3//launch/create3_nodes.launch.py
[21.478s] -- Symlinking: /home/sienna/Desktop/combine_test/task2_src/install/dis_tutorial3/share/dis_tutorial3//launch/dis_sim.launch.py
[21.486s] -- Symlinking: /home/sienna/Desktop/combine_test/task2_src/install/dis_tutorial3/share/dis_tutorial3//launch/ignition.launch.py
[21.494s] -- Symlinking: /home/sienna/Desktop/combine_test/task2_src/install/dis_tutorial3/share/dis_tutorial3//launch/localization.launch.py
[21.503s] -- Symlinking: /home/sienna/Desktop/combine_test/task2_src/install/dis_tutorial3/share/dis_tutorial3//launch/nav2.launch.py
[21.511s] -- Symlinking: /home/sienna/Desktop/combine_test/task2_src/install/dis_tutorial3/share/dis_tutorial3//launch/sim_turtlebot_nav.launch.py
[21.519s] -- Symlinking: /home/sienna/Desktop/combine_test/task2_src/install/dis_tutorial3/share/dis_tutorial3//launch/sim_turtlebot_slam.launch.py
[21.526s] -- Symlinking: /home/sienna/Desktop/combine_test/task2_src/install/dis_tutorial3/share/dis_tutorial3//launch/slam.launch.py
[21.533s] -- Symlinking: /home/sienna/Desktop/combine_test/task2_src/install/dis_tutorial3/share/dis_tutorial3//launch/turtlebot4_spawn.launch.py
[21.541s] -- Symlinking: /home/sienna/Desktop/combine_test/task2_src/install/dis_tutorial3/share/dis_tutorial3//launch/turtlebot4_spawn_nav.launch.py
[21.548s] -- Symlinking: /home/sienna/Desktop/combine_test/task2_src/install/dis_tutorial3/share/dis_tutorial3//config/laser_filter_chain.yaml
[21.556s] -- Symlinking: /home/sienna/Desktop/combine_test/task2_src/install/dis_tutorial3/share/dis_tutorial3//config/localization.yaml
[21.564s] -- Symlinking: /home/sienna/Desktop/combine_test/task2_src/install/dis_tutorial3/share/dis_tutorial3//config/nav2.yaml
[21.572s] -- Symlinking: /home/sienna/Desktop/combine_test/task2_src/install/dis_tutorial3/share/dis_tutorial3//config/slam.yaml
[21.580s] -- Symlinking: /home/sienna/Desktop/combine_test/task2_src/install/dis_tutorial3/share/dis_tutorial3//worlds/demo1.sdf
[21.589s] -- Symlinking: /home/sienna/Desktop/combine_test/task2_src/install/dis_tutorial3/share/dis_tutorial3//worlds/demo1_meshes/cylinders.jpg
[21.596s] -- Symlinking: /home/sienna/Desktop/combine_test/task2_src/install/dis_tutorial3/share/dis_tutorial3//worlds/demo1_meshes/fakering1.jpg
[21.605s] -- Symlinking: /home/sienna/Desktop/combine_test/task2_src/install/dis_tutorial3/share/dis_tutorial3//worlds/demo1_meshes/fakering2.jpg
[21.612s] -- Symlinking: /home/sienna/Desktop/combine_test/task2_src/install/dis_tutorial3/share/dis_tutorial3//worlds/demo1_meshes/fakering3.jpg
[21.620s] -- Symlinking: /home/sienna/Desktop/combine_test/task2_src/install/dis_tutorial3/share/dis_tutorial3//worlds/demo1_meshes/ground.jpg
[21.627s] -- Symlinking: /home/sienna/Desktop/combine_test/task2_src/install/dis_tutorial3/share/dis_tutorial3//worlds/demo1_meshes/map.dae
[21.635s] -- Symlinking: /home/sienna/Desktop/combine_test/task2_src/install/dis_tutorial3/share/dis_tutorial3//worlds/demo1_meshes/map_colliders.dae
[21.643s] -- Symlinking: /home/sienna/Desktop/combine_test/task2_src/install/dis_tutorial3/share/dis_tutorial3//worlds/demo1_meshes/objects.jpg
[21.651s] -- Symlinking: /home/sienna/Desktop/combine_test/task2_src/install/dis_tutorial3/share/dis_tutorial3//worlds/demo1_meshes/parking_space.jpg
[21.659s] -- Symlinking: /home/sienna/Desktop/combine_test/task2_src/install/dis_tutorial3/share/dis_tutorial3//worlds/demo1_meshes/person1.png
[21.667s] -- Symlinking: /home/sienna/Desktop/combine_test/task2_src/install/dis_tutorial3/share/dis_tutorial3//worlds/demo1_meshes/person11.png
[21.675s] -- Symlinking: /home/sienna/Desktop/combine_test/task2_src/install/dis_tutorial3/share/dis_tutorial3//worlds/demo1_meshes/person2.png
[21.683s] -- Symlinking: /home/sienna/Desktop/combine_test/task2_src/install/dis_tutorial3/share/dis_tutorial3//worlds/demo1_meshes/person3.png
[21.691s] -- Symlinking: /home/sienna/Desktop/combine_test/task2_src/install/dis_tutorial3/share/dis_tutorial3//worlds/demo1_meshes/person4.png
[21.699s] -- Symlinking: /home/sienna/Desktop/combine_test/task2_src/install/dis_tutorial3/share/dis_tutorial3//worlds/demo1_meshes/person5.png
[21.708s] -- Symlinking: /home/sienna/Desktop/combine_test/task2_src/install/dis_tutorial3/share/dis_tutorial3//worlds/demo1_meshes/qr1.jpg
[21.716s] -- Symlinking: /home/sienna/Desktop/combine_test/task2_src/install/dis_tutorial3/share/dis_tutorial3//worlds/demo1_meshes/qr2.jpg
[21.723s] -- Symlinking: /home/sienna/Desktop/combine_test/task2_src/install/dis_tutorial3/share/dis_tutorial3//worlds/demo2.sdf
[21.731s] -- Symlinking: /home/sienna/Desktop/combine_test/task2_src/install/dis_tutorial3/share/dis_tutorial3//worlds/demo2_meshes/cylinders.jpg
[21.738s] -- Symlinking: /home/sienna/Desktop/combine_test/task2_src/install/dis_tutorial3/share/dis_tutorial3//worlds/demo2_meshes/fakering1.jpg
[21.746s] -- Symlinking: /home/sienna/Desktop/combine_test/task2_src/install/dis_tutorial3/share/dis_tutorial3//worlds/demo2_meshes/fakering2.jpg
[21.753s] -- Symlinking: /home/sienna/Desktop/combine_test/task2_src/install/dis_tutorial3/share/dis_tutorial3//worlds/demo2_meshes/fakering3.jpg
[21.763s] -- Symlinking: /home/sienna/Desktop/combine_test/task2_src/install/dis_tutorial3/share/dis_tutorial3//worlds/demo2_meshes/ground.jpg
[21.771s] -- Symlinking: /home/sienna/Desktop/combine_test/task2_src/install/dis_tutorial3/share/dis_tutorial3//worlds/demo2_meshes/map.dae
[21.779s] -- Symlinking: /home/sienna/Desktop/combine_test/task2_src/install/dis_tutorial3/share/dis_tutorial3//worlds/demo2_meshes/map_colliders.dae
[21.787s] -- Symlinking: /home/sienna/Desktop/combine_test/task2_src/install/dis_tutorial3/share/dis_tutorial3//worlds/demo2_meshes/objects.jpg
[21.795s] -- Symlinking: /home/sienna/Desktop/combine_test/task2_src/install/dis_tutorial3/share/dis_tutorial3//worlds/demo2_meshes/parking_space.jpg
[21.803s] -- Symlinking: /home/sienna/Desktop/combine_test/task2_src/install/dis_tutorial3/share/dis_tutorial3//worlds/demo2_meshes/person18.png
[21.811s] -- Symlinking: /home/sienna/Desktop/combine_test/task2_src/install/dis_tutorial3/share/dis_tutorial3//worlds/demo2_meshes/person20.png
[21.819s] -- Symlinking: /home/sienna/Desktop/combine_test/task2_src/install/dis_tutorial3/share/dis_tutorial3//worlds/demo2_meshes/person6.png
[21.826s] -- Symlinking: /home/sienna/Desktop/combine_test/task2_src/install/dis_tutorial3/share/dis_tutorial3//worlds/demo2_meshes/person7.png
[21.833s] -- Symlinking: /home/sienna/Desktop/combine_test/task2_src/install/dis_tutorial3/share/dis_tutorial3//worlds/demo2_meshes/person8.png
[21.841s] -- Symlinking: /home/sienna/Desktop/combine_test/task2_src/install/dis_tutorial3/share/dis_tutorial3//worlds/demo2_meshes/person9.png
[21.848s] -- Symlinking: /home/sienna/Desktop/combine_test/task2_src/install/dis_tutorial3/share/dis_tutorial3//worlds/demo2_meshes/qr1.jpg
[21.856s] -- Symlinking: /home/sienna/Desktop/combine_test/task2_src/install/dis_tutorial3/share/dis_tutorial3//worlds/demo2_meshes/qr2.jpg
[21.864s] -- Symlinking: /home/sienna/Desktop/combine_test/task2_src/install/dis_tutorial3/share/dis_tutorial3//worlds/dis.sdf
[21.872s] -- Symlinking: /home/sienna/Desktop/combine_test/task2_src/install/dis_tutorial3/share/dis_tutorial3//worlds/dis_meshes/cylinders.jpg
[21.880s] -- Symlinking: /home/sienna/Desktop/combine_test/task2_src/install/dis_tutorial3/share/dis_tutorial3//worlds/dis_meshes/davinci.jpg
[21.888s] -- Symlinking: /home/sienna/Desktop/combine_test/task2_src/install/dis_tutorial3/share/dis_tutorial3//worlds/dis_meshes/fakering1.jpg
[21.896s] -- Symlinking: /home/sienna/Desktop/combine_test/task2_src/install/dis_tutorial3/share/dis_tutorial3//worlds/dis_meshes/fakering2.jpg
[21.906s] -- Symlinking: /home/sienna/Desktop/combine_test/task2_src/install/dis_tutorial3/share/dis_tutorial3//worlds/dis_meshes/fakering3.jpg
[21.914s] -- Symlinking: /home/sienna/Desktop/combine_test/task2_src/install/dis_tutorial3/share/dis_tutorial3//worlds/dis_meshes/ground.jpg
[21.922s] -- Symlinking: /home/sienna/Desktop/combine_test/task2_src/install/dis_tutorial3/share/dis_tutorial3//worlds/dis_meshes/map.dae
[21.929s] -- Symlinking: /home/sienna/Desktop/combine_test/task2_src/install/dis_tutorial3/share/dis_tutorial3//worlds/dis_meshes/map_colliders.dae
[21.938s] -- Symlinking: /home/sienna/Desktop/combine_test/task2_src/install/dis_tutorial3/share/dis_tutorial3//worlds/dis_meshes/mona1.jpg
[21.947s] -- Symlinking: /home/sienna/Desktop/combine_test/task2_src/install/dis_tutorial3/share/dis_tutorial3//worlds/dis_meshes/objects.jpg
[21.956s] -- Symlinking: /home/sienna/Desktop/combine_test/task2_src/install/dis_tutorial3/share/dis_tutorial3//worlds/dis_meshes/parking_space.jpg
[21.963s] -- Symlinking: /home/sienna/Desktop/combine_test/task2_src/install/dis_tutorial3/share/dis_tutorial3//worlds/dis_meshes/person1.jpg
[21.971s] -- Symlinking: /home/sienna/Desktop/combine_test/task2_src/install/dis_tutorial3/share/dis_tutorial3//worlds/dis_meshes/person2.jpg
[21.978s] -- Symlinking: /home/sienna/Desktop/combine_test/task2_src/install/dis_tutorial3/share/dis_tutorial3//worlds/dis_meshes/person3.jpg
[21.986s] -- Symlinking: /home/sienna/Desktop/combine_test/task2_src/install/dis_tutorial3/share/dis_tutorial3//worlds/dis_meshes/person4.jpg
[21.994s] -- Symlinking: /home/sienna/Desktop/combine_test/task2_src/install/dis_tutorial3/share/dis_tutorial3//worlds/dis_meshes/person5.jpg
[22.002s] -- Symlinking: /home/sienna/Desktop/combine_test/task2_src/install/dis_tutorial3/share/dis_tutorial3//worlds/dis_meshes/qr1.jpg
[22.010s] -- Symlinking: /home/sienna/Desktop/combine_test/task2_src/install/dis_tutorial3/share/dis_tutorial3//worlds/dis_meshes/qr2.jpg
[22.017s] -- Symlinking: /home/sienna/Desktop/combine_test/task2_src/install/dis_tutorial3/share/dis_tutorial3//worlds/dis_meshes/wood.jpg
[22.025s] -- Symlinking: /home/sienna/Desktop/combine_test/task2_src/install/dis_tutorial3/share/dis_tutorial3//worlds/empty.sdf
[22.032s] -- Symlinking: /home/sienna/Desktop/combine_test/task2_src/install/dis_tutorial3/share/dis_tutorial3//worlds/task2_demo1.sdf
[22.040s] -- Symlinking: /home/sienna/Desktop/combine_test/task2_src/install/dis_tutorial3/share/dis_tutorial3//worlds/task2_demo1_meshes/cylinders.jpg
[22.048s] -- Symlinking: /home/sienna/Desktop/combine_test/task2_src/install/dis_tutorial3/share/dis_tutorial3//worlds/task2_demo1_meshes/fakering1.jpg
[22.055s] -- Symlinking: /home/sienna/Desktop/combine_test/task2_src/install/dis_tutorial3/share/dis_tutorial3//worlds/task2_demo1_meshes/fakering2.jpg
[22.063s] -- Symlinking: /home/sienna/Desktop/combine_test/task2_src/install/dis_tutorial3/share/dis_tutorial3//worlds/task2_demo1_meshes/fakering3.jpg
[22.070s] -- Symlinking: /home/sienna/Desktop/combine_test/task2_src/install/dis_tutorial3/share/dis_tutorial3//worlds/task2_demo1_meshes/ground.jpg
[22.078s] -- Symlinking: /home/sienna/Desktop/combine_test/task2_src/install/dis_tutorial3/share/dis_tutorial3//worlds/task2_demo1_meshes/map.dae
[22.085s] -- Symlinking: /home/sienna/Desktop/combine_test/task2_src/install/dis_tutorial3/share/dis_tutorial3//worlds/task2_demo1_meshes/map_colliders.dae
[22.093s] -- Symlinking: /home/sienna/Desktop/combine_test/task2_src/install/dis_tutorial3/share/dis_tutorial3//worlds/task2_demo1_meshes/objects.jpg
[22.102s] -- Symlinking: /home/sienna/Desktop/combine_test/task2_src/install/dis_tutorial3/share/dis_tutorial3//worlds/task2_demo1_meshes/parking_space.jpg
[22.109s] -- Symlinking: /home/sienna/Desktop/combine_test/task2_src/install/dis_tutorial3/share/dis_tutorial3//worlds/task2_demo2.sdf
[22.117s] -- Symlinking: /home/sienna/Desktop/combine_test/task2_src/install/dis_tutorial3/share/dis_tutorial3//worlds/task2_demo2_meshes/cylinders.jpg
[22.124s] -- Symlinking: /home/sienna/Desktop/combine_test/task2_src/install/dis_tutorial3/share/dis_tutorial3//worlds/task2_demo2_meshes/fakering1.jpg
[22.132s] -- Symlinking: /home/sienna/Desktop/combine_test/task2_src/install/dis_tutorial3/share/dis_tutorial3//worlds/task2_demo2_meshes/fakering2.jpg
[22.139s] -- Symlinking: /home/sienna/Desktop/combine_test/task2_src/install/dis_tutorial3/share/dis_tutorial3//worlds/task2_demo2_meshes/fakering3.jpg
[22.147s] -- Symlinking: /home/sienna/Desktop/combine_test/task2_src/install/dis_tutorial3/share/dis_tutorial3//worlds/task2_demo2_meshes/ground.jpg
[22.154s] -- Symlinking: /home/sienna/Desktop/combine_test/task2_src/install/dis_tutorial3/share/dis_tutorial3//worlds/task2_demo2_meshes/map.dae
[22.162s] -- Symlinking: /home/sienna/Desktop/combine_test/task2_src/install/dis_tutorial3/share/dis_tutorial3//worlds/task2_demo2_meshes/map_colliders.dae
[22.169s] -- Symlinking: /home/sienna/Desktop/combine_test/task2_src/install/dis_tutorial3/share/dis_tutorial3//worlds/task2_demo2_meshes/objects.jpg
[22.176s] -- Symlinking: /home/sienna/Desktop/combine_test/task2_src/install/dis_tutorial3/share/dis_tutorial3//worlds/task2_demo2_meshes/parking_space.jpg
[22.184s] -- Symlinking: /home/sienna/Desktop/combine_test/task2_src/install/dis_tutorial3/share/dis_tutorial3//maps/map.pgm
[22.191s] -- Symlinking: /home/sienna/Desktop/combine_test/task2_src/install/dis_tutorial3/share/dis_tutorial3//maps/map.yaml
[22.200s] -- Symlinking: /home/sienna/Desktop/combine_test/task2_src/install/dis_tutorial3/lib/dis_tutorial3/detect_people.py
[22.209s] -- Symlinking: /home/sienna/Desktop/combine_test/task2_src/install/dis_tutorial3/lib/dis_tutorial3/robot_commander.py
[22.217s] -- Symlinking: /home/sienna/Desktop/combine_test/task2_src/install/dis_tutorial3/lib/dis_tutorial3/detect_rings.py
[22.225s] -- Symlinking: /home/sienna/Desktop/combine_test/task2_src/install/dis_tutorial3/share/ament_index/resource_index/package_run_dependencies/dis_tutorial3
[22.232s] -- Symlinking: /home/sienna/Desktop/combine_test/task2_src/install/dis_tutorial3/share/ament_index/resource_index/parent_prefix_path/dis_tutorial3
[22.240s] -- Symlinking: /home/sienna/Desktop/combine_test/task2_src/install/dis_tutorial3/share/dis_tutorial3/environment/ament_prefix_path.sh
[22.247s] -- Symlinking: /home/sienna/Desktop/combine_test/task2_src/install/dis_tutorial3/share/dis_tutorial3/environment/ament_prefix_path.dsv
[22.255s] -- Symlinking: /home/sienna/Desktop/combine_test/task2_src/install/dis_tutorial3/share/dis_tutorial3/environment/path.sh
[22.263s] -- Symlinking: /home/sienna/Desktop/combine_test/task2_src/install/dis_tutorial3/share/dis_tutorial3/environment/path.dsv
[22.270s] -- Symlinking: /home/sienna/Desktop/combine_test/task2_src/install/dis_tutorial3/share/dis_tutorial3/local_setup.bash
[22.279s] -- Symlinking: /home/sienna/Desktop/combine_test/task2_src/install/dis_tutorial3/share/dis_tutorial3/local_setup.sh
[22.286s] -- Symlinking: /home/sienna/Desktop/combine_test/task2_src/install/dis_tutorial3/share/dis_tutorial3/local_setup.zsh
[22.295s] -- Symlinking: /home/sienna/Desktop/combine_test/task2_src/install/dis_tutorial3/share/dis_tutorial3/local_setup.dsv
[22.303s] -- Symlinking: /home/sienna/Desktop/combine_test/task2_src/install/dis_tutorial3/share/dis_tutorial3/package.dsv
[22.312s] -- Symlinking: /home/sienna/Desktop/combine_test/task2_src/install/dis_tutorial3/share/ament_index/resource_index/packages/dis_tutorial3
[22.320s] -- Symlinking: /home/sienna/Desktop/combine_test/task2_src/install/dis_tutorial3/share/dis_tutorial3/cmake/dis_tutorial3Config.cmake
[22.328s] -- Symlinking: /home/sienna/Desktop/combine_test/task2_src/install/dis_tutorial3/share/dis_tutorial3/cmake/dis_tutorial3Config-version.cmake
[22.336s] -- Symlinking: /home/sienna/Desktop/combine_test/task2_src/install/dis_tutorial3/share/dis_tutorial3/package.xml
[22.345s] Invoked command in '/home/sienna/Desktop/combine_test/task2_src/build/dis_tutorial3' returned '0': CMAKE_PREFIX_PATH=/opt/ros/humble /usr/bin/cmake --install /home/sienna/Desktop/combine_test/task2_src/build/dis_tutorial3
