[0.138s] Invoking command in '/home/upsilon/Desktop/fresh/build/dis_tutorial3': CMAKE_PREFIX_PATH=${CMAKE_PREFIX_PATH}:/opt/ros/humble /usr/bin/cmake /home/upsilon/Desktop/fresh/src/dis_tutorial3 -DCMAKE_INSTALL_PREFIX=/home/upsilon/Desktop/fresh/install/dis_tutorial3
[0.151s] -- Found ament_cmake: 1.3.8 (/opt/ros/humble/share/ament_cmake/cmake)
[0.236s] -- Override CMake install command with custom implementation using symlinks instead of copying resources
[0.241s] -- Found rclcpp: 16.0.8 (/opt/ros/humble/share/rclcpp/cmake)
[0.299s] -- Found rosidl_generator_c: 3.1.5 (/opt/ros/humble/share/rosidl_generator_c/cmake)
[0.302s] -- Found rosidl_adapter: 3.1.5 (/opt/ros/humble/share/rosidl_adapter/cmake)
[0.306s] -- Found rosidl_generator_cpp: 3.1.5 (/opt/ros/humble/share/rosidl_generator_cpp/cmake)
[0.315s] -- Using all available rosidl_typesupport_c: rosidl_typesupport_fastrtps_c;rosidl_typesupport_introspection_c
[0.326s] -- Using all available rosidl_typesupport_cpp: rosidl_typesupport_fastrtps_cpp;rosidl_typesupport_introspection_cpp
[0.366s] -- Found rmw_implementation_cmake: 6.1.1 (/opt/ros/humble/share/rmw_implementation_cmake/cmake)
[0.367s] -- Found rmw_fastrtps_cpp: 6.2.6 (/opt/ros/humble/share/rmw_fastrtps_cpp/cmake)
[0.473s] -- Using RMW implementation 'rmw_fastrtps_cpp' as default
[0.581s] -- Found rclpy: 3.3.12 (/opt/ros/humble/share/rclpy/cmake)
[0.582s] -- Found std_srvs: 4.2.3 (/opt/ros/humble/share/std_srvs/cmake)
[0.593s] -- Found geometry_msgs: 4.2.3 (/opt/ros/humble/share/geometry_msgs/cmake)
[0.623s] -- Found visualization_msgs: 4.2.3 (/opt/ros/humble/share/visualization_msgs/cmake)
[0.775s] -- Found tf2: 0.25.6 (/opt/ros/humble/share/tf2/cmake)
[0.780s] -- Found tf2_geometry_msgs: 0.25.6 (/opt/ros/humble/share/tf2_geometry_msgs/cmake)
[0.783s] -- Found eigen3_cmake_module: 0.1.1 (/opt/ros/humble/share/eigen3_cmake_module/cmake)
[0.784s] -- Found Eigen3: TRUE (found version "3.4.0") 
[0.784s] -- Ensuring Eigen3 include directory is part of orocos-kdl CMake target
[1.019s] -- Found pcl_conversions: 2.4.0 (/opt/ros/humble/share/pcl_conversions/cmake)
[1.113s] -- Eigen found (include: /usr/include/eigen3, version: 3.4.0)
[1.139s] -- FLANN found (include: /usr/include, lib: /usr/lib/x86_64-linux-gnu/libflann_cpp.so)
[1.276s] -- Found Eigen3: /usr/include/eigen3 (found version "3.4.0") 
[1.391s] -- OpenNI found (version: 1.5.4.0, include: /usr/include/ni, lib: /usr/lib/libOpenNI.so;libusb::libusb)
[1.396s] -- OpenNI2 found (version: 2.2.0.33, include: /usr/include/openni2, lib: /usr/lib/x86_64-linux-gnu/libOpenNI2.so;libusb::libusb)
[1.396s] [0m** WARNING ** io features related to pcap will be disabled[0m
[1.509s] -- Eigen found (include: /usr/include/eigen3, version: 3.4.0)
[1.514s] -- OpenNI found (version: 1.5.4.0, include: /usr/include/ni, lib: /usr/lib/libOpenNI.so;libusb::libusb)
[1.519s] -- OpenNI2 found (version: 2.2.0.33, include: /usr/include/openni2, lib: /usr/lib/x86_64-linux-gnu/libOpenNI2.so;libusb::libusb)
[1.632s] -- Found Qhull version 8.0.2
[1.741s] -- OpenNI found (version: 1.5.4.0, include: /usr/include/ni, lib: /usr/lib/libOpenNI.so;libusb::libusb)
[1.846s] -- looking for PCL_COMMON
[1.847s] -- looking for PCL_KDTREE
[1.847s] -- looking for PCL_OCTREE
[1.847s] -- looking for PCL_SEARCH
[1.847s] -- looking for PCL_SAMPLE_CONSENSUS
[1.847s] -- looking for PCL_FILTERS
[1.848s] -- looking for PCL_2D
[1.848s] -- looking for PCL_GEOMETRY
[1.848s] -- looking for PCL_IO
[1.848s] -- looking for PCL_FEATURES
[1.849s] -- looking for PCL_ML
[1.849s] -- looking for PCL_SEGMENTATION
[1.849s] -- looking for PCL_VISUALIZATION
[1.849s] -- looking for PCL_SURFACE
[1.850s] -- looking for PCL_REGISTRATION
[1.850s] -- looking for PCL_KEYPOINTS
[1.850s] -- looking for PCL_TRACKING
[1.850s] -- looking for PCL_RECOGNITION
[1.851s] -- looking for PCL_STEREO
[1.851s] -- looking for PCL_APPS
[1.851s] -- looking for PCL_IN_HAND_SCANNER
[1.851s] -- looking for PCL_MODELER
[1.852s] -- looking for PCL_POINT_CLOUD_EDITOR
[1.852s] -- looking for PCL_OUTOFCORE
[1.852s] -- looking for PCL_PEOPLE
[2.011s] -- Configuring done
[2.075s] -- Generating done
[2.078s] -- Build files have been written to: /home/upsilon/Desktop/fresh/build/dis_tutorial3
[2.090s] Invoked command in '/home/upsilon/Desktop/fresh/build/dis_tutorial3' returned '0': CMAKE_PREFIX_PATH=${CMAKE_PREFIX_PATH}:/opt/ros/humble /usr/bin/cmake /home/upsilon/Desktop/fresh/src/dis_tutorial3 -DCMAKE_INSTALL_PREFIX=/home/upsilon/Desktop/fresh/install/dis_tutorial3
[2.092s] Invoking command in '/home/upsilon/Desktop/fresh/build/dis_tutorial3': CMAKE_PREFIX_PATH=${CMAKE_PREFIX_PATH}:/opt/ros/humble /usr/bin/cmake --build /home/upsilon/Desktop/fresh/build/dis_tutorial3 -- -j16 -l16
[2.129s] [35m[1mConsolidate compiler generated dependencies of target pcl_forwarder[0m
[2.129s] [35m[1mConsolidate compiler generated dependencies of target planes[0m
[2.129s] [35m[1mConsolidate compiler generated dependencies of target cylinder_segmentation[0m
[2.158s] [ 50%] Built target pcl_forwarder
[2.158s] [ 66%] Built target planes
[2.163s] [100%] Built target cylinder_segmentation
[2.173s] Invoked command in '/home/upsilon/Desktop/fresh/build/dis_tutorial3' returned '0': CMAKE_PREFIX_PATH=${CMAKE_PREFIX_PATH}:/opt/ros/humble /usr/bin/cmake --build /home/upsilon/Desktop/fresh/build/dis_tutorial3 -- -j16 -l16
[2.202s] Invoking command in '/home/upsilon/Desktop/fresh/build/dis_tutorial3': CMAKE_PREFIX_PATH=${CMAKE_PREFIX_PATH}:/opt/ros/humble /usr/bin/cmake --install /home/upsilon/Desktop/fresh/build/dis_tutorial3
[2.208s] -- Install configuration: ""
[2.209s] -- Execute custom install script
[2.209s] -- Up-to-date symlink: /home/upsilon/Desktop/fresh/install/dis_tutorial3/lib/dis_tutorial3/pcl_forwarder
[2.209s] -- Up-to-date symlink: /home/upsilon/Desktop/fresh/install/dis_tutorial3/lib/dis_tutorial3/planes
[2.209s] -- Up-to-date symlink: /home/upsilon/Desktop/fresh/install/dis_tutorial3/lib/dis_tutorial3/cylinder_segmentation
[2.210s] -- Up-to-date symlink: /home/upsilon/Desktop/fresh/install/dis_tutorial3/share/dis_tutorial3//launch/dis_sim.launch.py
[2.210s] -- Up-to-date symlink: /home/upsilon/Desktop/fresh/install/dis_tutorial3/share/dis_tutorial3//launch/ignition.launch.py
[2.210s] -- Up-to-date symlink: /home/upsilon/Desktop/fresh/install/dis_tutorial3/share/dis_tutorial3//launch/localization.launch.py
[2.210s] -- Up-to-date symlink: /home/upsilon/Desktop/fresh/install/dis_tutorial3/share/dis_tutorial3//launch/nav2.launch.py
[2.210s] -- Up-to-date symlink: /home/upsilon/Desktop/fresh/install/dis_tutorial3/share/dis_tutorial3//launch/sim_turtlebot_nav.launch.py
[2.211s] -- Up-to-date symlink: /home/upsilon/Desktop/fresh/install/dis_tutorial3/share/dis_tutorial3//launch/sim_turtlebot_slam.launch.py
[2.211s] -- Up-to-date symlink: /home/upsilon/Desktop/fresh/install/dis_tutorial3/share/dis_tutorial3//launch/slam.launch.py
[2.211s] -- Up-to-date symlink: /home/upsilon/Desktop/fresh/install/dis_tutorial3/share/dis_tutorial3//launch/turtlebot4_spawn.launch.py
[2.211s] -- Up-to-date symlink: /home/upsilon/Desktop/fresh/install/dis_tutorial3/share/dis_tutorial3//launch/turtlebot4_spawn_nav.launch.py
[2.211s] -- Up-to-date symlink: /home/upsilon/Desktop/fresh/install/dis_tutorial3/share/dis_tutorial3//config/laser_filter_chain.yaml
[2.211s] -- Up-to-date symlink: /home/upsilon/Desktop/fresh/install/dis_tutorial3/share/dis_tutorial3//config/localization.yaml
[2.211s] -- Up-to-date symlink: /home/upsilon/Desktop/fresh/install/dis_tutorial3/share/dis_tutorial3//config/nav2.yaml
[2.212s] -- Up-to-date symlink: /home/upsilon/Desktop/fresh/install/dis_tutorial3/share/dis_tutorial3//config/slam.yaml
[2.212s] -- Up-to-date symlink: /home/upsilon/Desktop/fresh/install/dis_tutorial3/share/dis_tutorial3//worlds/dis.sdf
[2.212s] -- Up-to-date symlink: /home/upsilon/Desktop/fresh/install/dis_tutorial3/share/dis_tutorial3//worlds/meshes/cylinders.jpg
[2.213s] -- Up-to-date symlink: /home/upsilon/Desktop/fresh/install/dis_tutorial3/share/dis_tutorial3//worlds/meshes/davinci.jpg
[2.213s] -- Up-to-date symlink: /home/upsilon/Desktop/fresh/install/dis_tutorial3/share/dis_tutorial3//worlds/meshes/fakering1.jpg
[2.213s] -- Up-to-date symlink: /home/upsilon/Desktop/fresh/install/dis_tutorial3/share/dis_tutorial3//worlds/meshes/fakering2.jpg
[2.213s] -- Up-to-date symlink: /home/upsilon/Desktop/fresh/install/dis_tutorial3/share/dis_tutorial3//worlds/meshes/fakering3.jpg
[2.213s] -- Up-to-date symlink: /home/upsilon/Desktop/fresh/install/dis_tutorial3/share/dis_tutorial3//worlds/meshes/ground.jpg
[2.213s] -- Up-to-date symlink: /home/upsilon/Desktop/fresh/install/dis_tutorial3/share/dis_tutorial3//worlds/meshes/map.dae
[2.213s] -- Up-to-date symlink: /home/upsilon/Desktop/fresh/install/dis_tutorial3/share/dis_tutorial3//worlds/meshes/map_colliders.dae
[2.213s] -- Up-to-date symlink: /home/upsilon/Desktop/fresh/install/dis_tutorial3/share/dis_tutorial3//worlds/meshes/mona1.jpg
[2.214s] -- Up-to-date symlink: /home/upsilon/Desktop/fresh/install/dis_tutorial3/share/dis_tutorial3//worlds/meshes/objects.jpg
[2.214s] -- Up-to-date symlink: /home/upsilon/Desktop/fresh/install/dis_tutorial3/share/dis_tutorial3//worlds/meshes/parking_space.jpg
[2.214s] -- Up-to-date symlink: /home/upsilon/Desktop/fresh/install/dis_tutorial3/share/dis_tutorial3//worlds/meshes/person1.jpg
[2.214s] -- Up-to-date symlink: /home/upsilon/Desktop/fresh/install/dis_tutorial3/share/dis_tutorial3//worlds/meshes/person2.jpg
[2.214s] -- Up-to-date symlink: /home/upsilon/Desktop/fresh/install/dis_tutorial3/share/dis_tutorial3//worlds/meshes/person3.jpg
[2.214s] -- Up-to-date symlink: /home/upsilon/Desktop/fresh/install/dis_tutorial3/share/dis_tutorial3//worlds/meshes/person4.jpg
[2.214s] -- Up-to-date symlink: /home/upsilon/Desktop/fresh/install/dis_tutorial3/share/dis_tutorial3//worlds/meshes/person5.jpg
[2.214s] -- Up-to-date symlink: /home/upsilon/Desktop/fresh/install/dis_tutorial3/share/dis_tutorial3//worlds/meshes/qr1.jpg
[2.214s] -- Up-to-date symlink: /home/upsilon/Desktop/fresh/install/dis_tutorial3/share/dis_tutorial3//worlds/meshes/qr2.jpg
[2.215s] -- Up-to-date symlink: /home/upsilon/Desktop/fresh/install/dis_tutorial3/share/dis_tutorial3//worlds/meshes/wood.jpg
[2.215s] -- Up-to-date symlink: /home/upsilon/Desktop/fresh/install/dis_tutorial3/share/dis_tutorial3//worlds/task2_exam.sdf
[2.215s] -- Up-to-date symlink: /home/upsilon/Desktop/fresh/install/dis_tutorial3/share/dis_tutorial3//worlds/task2_exam_meshes/cylinders.jpg
[2.215s] -- Up-to-date symlink: /home/upsilon/Desktop/fresh/install/dis_tutorial3/share/dis_tutorial3//worlds/task2_exam_meshes/fakering1.jpg
[2.215s] -- Up-to-date symlink: /home/upsilon/Desktop/fresh/install/dis_tutorial3/share/dis_tutorial3//worlds/task2_exam_meshes/fakering2.jpg
[2.215s] -- Up-to-date symlink: /home/upsilon/Desktop/fresh/install/dis_tutorial3/share/dis_tutorial3//worlds/task2_exam_meshes/fakering3.jpg
[2.215s] -- Up-to-date symlink: /home/upsilon/Desktop/fresh/install/dis_tutorial3/share/dis_tutorial3//worlds/task2_exam_meshes/ground.jpg
[2.215s] -- Up-to-date symlink: /home/upsilon/Desktop/fresh/install/dis_tutorial3/share/dis_tutorial3//worlds/task2_exam_meshes/map.dae
[2.216s] -- Up-to-date symlink: /home/upsilon/Desktop/fresh/install/dis_tutorial3/share/dis_tutorial3//worlds/task2_exam_meshes/map_colliders.dae
[2.216s] -- Up-to-date symlink: /home/upsilon/Desktop/fresh/install/dis_tutorial3/share/dis_tutorial3//worlds/task2_exam_meshes/objects.jpg
[2.216s] -- Up-to-date symlink: /home/upsilon/Desktop/fresh/install/dis_tutorial3/share/dis_tutorial3//worlds/task2_exam_meshes/parking_space.jpg
[2.216s] -- Up-to-date symlink: /home/upsilon/Desktop/fresh/install/dis_tutorial3/share/dis_tutorial3//maps/.pgm
[2.216s] -- Up-to-date symlink: /home/upsilon/Desktop/fresh/install/dis_tutorial3/share/dis_tutorial3//maps/.yaml
[2.216s] -- Up-to-date symlink: /home/upsilon/Desktop/fresh/install/dis_tutorial3/share/dis_tutorial3//maps/map.pgm
[2.216s] -- Up-to-date symlink: /home/upsilon/Desktop/fresh/install/dis_tutorial3/share/dis_tutorial3//maps/map.yaml
[2.216s] -- Up-to-date symlink: /home/upsilon/Desktop/fresh/install/dis_tutorial3/share/dis_tutorial3//maps/upsilon.pgm
[2.217s] -- Up-to-date symlink: /home/upsilon/Desktop/fresh/install/dis_tutorial3/share/dis_tutorial3//maps/upsilon.yaml
[2.217s] -- Up-to-date symlink: /home/upsilon/Desktop/fresh/install/dis_tutorial3/lib/dis_tutorial3/detect_people.py
[2.217s] -- Up-to-date symlink: /home/upsilon/Desktop/fresh/install/dis_tutorial3/lib/dis_tutorial3/robot_commander.py
[2.217s] -- Up-to-date symlink: /home/upsilon/Desktop/fresh/install/dis_tutorial3/lib/dis_tutorial3/detect_rings.py
[2.217s] -- Up-to-date symlink: /home/upsilon/Desktop/fresh/install/dis_tutorial3/lib/dis_tutorial3/detect_parking.py
[2.217s] -- Up-to-date symlink: /home/upsilon/Desktop/fresh/install/dis_tutorial3/share/ament_index/resource_index/package_run_dependencies/dis_tutorial3
[2.217s] -- Up-to-date symlink: /home/upsilon/Desktop/fresh/install/dis_tutorial3/share/ament_index/resource_index/parent_prefix_path/dis_tutorial3
[2.218s] -- Up-to-date symlink: /home/upsilon/Desktop/fresh/install/dis_tutorial3/share/dis_tutorial3/environment/ament_prefix_path.sh
[2.218s] -- Up-to-date symlink: /home/upsilon/Desktop/fresh/install/dis_tutorial3/share/dis_tutorial3/environment/ament_prefix_path.dsv
[2.218s] -- Up-to-date symlink: /home/upsilon/Desktop/fresh/install/dis_tutorial3/share/dis_tutorial3/environment/path.sh
[2.218s] -- Up-to-date symlink: /home/upsilon/Desktop/fresh/install/dis_tutorial3/share/dis_tutorial3/environment/path.dsv
[2.218s] -- Up-to-date symlink: /home/upsilon/Desktop/fresh/install/dis_tutorial3/share/dis_tutorial3/local_setup.bash
[2.218s] -- Up-to-date symlink: /home/upsilon/Desktop/fresh/install/dis_tutorial3/share/dis_tutorial3/local_setup.sh
[2.218s] -- Up-to-date symlink: /home/upsilon/Desktop/fresh/install/dis_tutorial3/share/dis_tutorial3/local_setup.zsh
[2.219s] -- Up-to-date symlink: /home/upsilon/Desktop/fresh/install/dis_tutorial3/share/dis_tutorial3/local_setup.dsv
[2.219s] -- Symlinking: /home/upsilon/Desktop/fresh/install/dis_tutorial3/share/dis_tutorial3/package.dsv
[2.227s] -- Up-to-date symlink: /home/upsilon/Desktop/fresh/install/dis_tutorial3/share/ament_index/resource_index/packages/dis_tutorial3
[2.227s] -- Up-to-date symlink: /home/upsilon/Desktop/fresh/install/dis_tutorial3/share/dis_tutorial3/cmake/dis_tutorial3Config.cmake
[2.227s] -- Up-to-date symlink: /home/upsilon/Desktop/fresh/install/dis_tutorial3/share/dis_tutorial3/cmake/dis_tutorial3Config-version.cmake
[2.227s] -- Up-to-date symlink: /home/upsilon/Desktop/fresh/install/dis_tutorial3/share/dis_tutorial3/package.xml
[2.229s] Invoked command in '/home/upsilon/Desktop/fresh/build/dis_tutorial3' returned '0': CMAKE_PREFIX_PATH=${CMAKE_PREFIX_PATH}:/opt/ros/humble /usr/bin/cmake --install /home/upsilon/Desktop/fresh/build/dis_tutorial3
