[0.799s] DEBUG:colcon:Command line arguments: ['/usr/bin/colcon', 'build', '--symlink-install']
[0.799s] DEBUG:colcon:Parsed command line arguments: Namespace(log_base=None, log_level=None, verb_name='build', build_base='build', install_base='install', merge_install=False, symlink_install=True, test_result_base=None, continue_on_error=False, executor='parallel', parallel_workers=8, event_handlers=None, ignore_user_meta=False, metas=['./colcon.meta'], base_paths=['.'], packages_ignore=None, packages_ignore_regex=None, paths=None, packages_up_to=None, packages_up_to_regex=None, packages_above=None, packages_above_and_dependencies=None, packages_above_depth=None, packages_select_by_dep=None, packages_skip_by_dep=None, packages_skip_up_to=None, packages_select_build_failed=False, packages_skip_build_finished=False, packages_select_test_failures=False, packages_skip_test_passed=False, packages_select=None, packages_skip=None, packages_select_regex=None, packages_skip_regex=None, packages_start=None, packages_end=None, allow_overriding=[], cmake_args=None, cmake_target=None, cmake_target_skip_unavailable=False, cmake_clean_cache=False, cmake_clean_first=False, cmake_force_configure=False, ament_cmake_args=None, catkin_cmake_args=None, catkin_skip_building_tests=False, verb_parser=<colcon_defaults.argument_parser.defaults.DefaultArgumentsDecorator object at 0x7c53d3905bd0>, verb_extension=<colcon_core.verb.build.BuildVerb object at 0x7c53d39063b0>, main=<bound method BuildVerb.main of <colcon_core.verb.build.BuildVerb object at 0x7c53d39063b0>>)
[0.837s] Level 1:colcon.colcon_core.package_discovery:discover_packages(colcon_meta) check parameters
[0.837s] Level 1:colcon.colcon_core.package_discovery:discover_packages(recursive) check parameters
[0.837s] Level 1:colcon.colcon_core.package_discovery:discover_packages(ignore) check parameters
[0.837s] Level 1:colcon.colcon_core.package_discovery:discover_packages(path) check parameters
[0.837s] Level 1:colcon.colcon_core.package_discovery:discover_packages(colcon_meta) discover
[0.837s] Level 1:colcon.colcon_core.package_discovery:discover_packages(recursive) discover
[0.837s] INFO:colcon.colcon_core.package_discovery:Crawling recursively for packages in '/home/sienna/Desktop/combine_test/task2_src'
[0.837s] Level 1:colcon.colcon_core.package_identification:_identify(.) by extensions ['ignore', 'ignore_ament_install']
[0.837s] Level 1:colcon.colcon_core.package_identification:_identify(.) by extension 'ignore'
[0.837s] Level 1:colcon.colcon_core.package_identification:_identify(.) by extension 'ignore_ament_install'
[0.837s] Level 1:colcon.colcon_core.package_identification:_identify(.) by extensions ['colcon_pkg']
[0.837s] Level 1:colcon.colcon_core.package_identification:_identify(.) by extension 'colcon_pkg'
[0.837s] Level 1:colcon.colcon_core.package_identification:_identify(.) by extensions ['colcon_meta']
[0.837s] Level 1:colcon.colcon_core.package_identification:_identify(.) by extension 'colcon_meta'
[0.837s] Level 1:colcon.colcon_core.package_identification:_identify(.) by extensions ['ros']
[0.837s] Level 1:colcon.colcon_core.package_identification:_identify(.) by extension 'ros'
[0.846s] Level 1:colcon.colcon_core.package_identification:_identify(.) by extensions ['cmake', 'python']
[0.846s] Level 1:colcon.colcon_core.package_identification:_identify(.) by extension 'cmake'
[0.846s] Level 1:colcon.colcon_core.package_identification:_identify(.) by extension 'python'
[0.846s] Level 1:colcon.colcon_core.package_identification:_identify(.) by extensions ['python_setup_py']
[0.846s] Level 1:colcon.colcon_core.package_identification:_identify(.) by extension 'python_setup_py'
[0.846s] Level 1:colcon.colcon_core.package_identification:_identify(RInS_Teamproject-task2) by extensions ['ignore', 'ignore_ament_install']
[0.846s] Level 1:colcon.colcon_core.package_identification:_identify(RInS_Teamproject-task2) by extension 'ignore'
[0.846s] Level 1:colcon.colcon_core.package_identification:_identify(RInS_Teamproject-task2) by extension 'ignore_ament_install'
[0.846s] Level 1:colcon.colcon_core.package_identification:_identify(RInS_Teamproject-task2) by extensions ['colcon_pkg']
[0.846s] Level 1:colcon.colcon_core.package_identification:_identify(RInS_Teamproject-task2) by extension 'colcon_pkg'
[0.846s] Level 1:colcon.colcon_core.package_identification:_identify(RInS_Teamproject-task2) by extensions ['colcon_meta']
[0.847s] Level 1:colcon.colcon_core.package_identification:_identify(RInS_Teamproject-task2) by extension 'colcon_meta'
[0.847s] Level 1:colcon.colcon_core.package_identification:_identify(RInS_Teamproject-task2) by extensions ['ros']
[0.847s] Level 1:colcon.colcon_core.package_identification:_identify(RInS_Teamproject-task2) by extension 'ros'
[0.847s] Level 1:colcon.colcon_core.package_identification:_identify(RInS_Teamproject-task2) by extensions ['cmake', 'python']
[0.847s] Level 1:colcon.colcon_core.package_identification:_identify(RInS_Teamproject-task2) by extension 'cmake'
[0.847s] Level 1:colcon.colcon_core.package_identification:_identify(RInS_Teamproject-task2) by extension 'python'
[0.847s] Level 1:colcon.colcon_core.package_identification:_identify(RInS_Teamproject-task2) by extensions ['python_setup_py']
[0.847s] Level 1:colcon.colcon_core.package_identification:_identify(RInS_Teamproject-task2) by extension 'python_setup_py'
[0.847s] Level 1:colcon.colcon_core.package_identification:_identify(RInS_Teamproject-task2/dis_tutorial3-main) by extensions ['ignore', 'ignore_ament_install']
[0.847s] Level 1:colcon.colcon_core.package_identification:_identify(RInS_Teamproject-task2/dis_tutorial3-main) by extension 'ignore'
[0.847s] Level 1:colcon.colcon_core.package_identification:_identify(RInS_Teamproject-task2/dis_tutorial3-main) by extension 'ignore_ament_install'
[0.847s] Level 1:colcon.colcon_core.package_identification:_identify(RInS_Teamproject-task2/dis_tutorial3-main) by extensions ['colcon_pkg']
[0.847s] Level 1:colcon.colcon_core.package_identification:_identify(RInS_Teamproject-task2/dis_tutorial3-main) by extension 'colcon_pkg'
[0.847s] Level 1:colcon.colcon_core.package_identification:_identify(RInS_Teamproject-task2/dis_tutorial3-main) by extensions ['colcon_meta']
[0.847s] Level 1:colcon.colcon_core.package_identification:_identify(RInS_Teamproject-task2/dis_tutorial3-main) by extension 'colcon_meta'
[0.847s] Level 1:colcon.colcon_core.package_identification:_identify(RInS_Teamproject-task2/dis_tutorial3-main) by extensions ['ros']
[0.847s] Level 1:colcon.colcon_core.package_identification:_identify(RInS_Teamproject-task2/dis_tutorial3-main) by extension 'ros'
[0.850s] DEBUG:colcon.colcon_core.package_identification:Package 'RInS_Teamproject-task2/dis_tutorial3-main' with type 'ros.ament_cmake' and name 'dis_tutorial3'
[0.850s] Level 1:colcon.colcon_core.package_identification:_identify(build) by extensions ['ignore', 'ignore_ament_install']
[0.850s] Level 1:colcon.colcon_core.package_identification:_identify(build) by extension 'ignore'
[0.850s] Level 1:colcon.colcon_core.package_identification:_identify(build) ignored
[0.850s] Level 1:colcon.colcon_core.package_identification:_identify(dis_tutorial7-main) by extensions ['ignore', 'ignore_ament_install']
[0.850s] Level 1:colcon.colcon_core.package_identification:_identify(dis_tutorial7-main) by extension 'ignore'
[0.850s] Level 1:colcon.colcon_core.package_identification:_identify(dis_tutorial7-main) by extension 'ignore_ament_install'
[0.850s] Level 1:colcon.colcon_core.package_identification:_identify(dis_tutorial7-main) by extensions ['colcon_pkg']
[0.850s] Level 1:colcon.colcon_core.package_identification:_identify(dis_tutorial7-main) by extension 'colcon_pkg'
[0.850s] Level 1:colcon.colcon_core.package_identification:_identify(dis_tutorial7-main) by extensions ['colcon_meta']
[0.850s] Level 1:colcon.colcon_core.package_identification:_identify(dis_tutorial7-main) by extension 'colcon_meta'
[0.850s] Level 1:colcon.colcon_core.package_identification:_identify(dis_tutorial7-main) by extensions ['ros']
[0.850s] Level 1:colcon.colcon_core.package_identification:_identify(dis_tutorial7-main) by extension 'ros'
[0.851s] DEBUG:colcon.colcon_core.package_identification:Package 'dis_tutorial7-main' with type 'ros.ament_cmake' and name 'dis_tutorial7'
[0.851s] Level 1:colcon.colcon_core.package_identification:_identify(install) by extensions ['ignore', 'ignore_ament_install']
[0.851s] Level 1:colcon.colcon_core.package_identification:_identify(install) by extension 'ignore'
[0.851s] Level 1:colcon.colcon_core.package_identification:_identify(install) ignored
[0.851s] Level 1:colcon.colcon_core.package_identification:_identify(log) by extensions ['ignore', 'ignore_ament_install']
[0.851s] Level 1:colcon.colcon_core.package_identification:_identify(log) by extension 'ignore'
[0.851s] Level 1:colcon.colcon_core.package_identification:_identify(log) ignored
[0.851s] Level 1:colcon.colcon_core.package_discovery:discover_packages(recursive) using defaults
[0.852s] Level 1:colcon.colcon_core.package_discovery:discover_packages(ignore) discover
[0.852s] Level 1:colcon.colcon_core.package_discovery:discover_packages(ignore) using defaults
[0.852s] Level 1:colcon.colcon_core.package_discovery:discover_packages(path) discover
[0.852s] Level 1:colcon.colcon_core.package_discovery:discover_packages(path) using defaults
[0.925s] Level 1:colcon.colcon_core.package_discovery:discover_packages(prefix_path) check parameters
[0.925s] Level 1:colcon.colcon_core.package_discovery:discover_packages(prefix_path) discover
[0.949s] DEBUG:colcon.colcon_installed_package_information.package_discovery:Found 2 installed packages in /home/sienna/Desktop/combine_test/task2_src/install
[0.962s] DEBUG:colcon.colcon_installed_package_information.package_discovery:Found 385 installed packages in /opt/ros/humble
[0.963s] Level 1:colcon.colcon_core.package_discovery:discover_packages(prefix_path) using defaults
[1.061s] Level 5:colcon.colcon_core.verb:set package 'dis_tutorial3' build argument 'cmake_args' from command line to 'None'
[1.061s] Level 5:colcon.colcon_core.verb:set package 'dis_tutorial3' build argument 'cmake_target' from command line to 'None'
[1.061s] Level 5:colcon.colcon_core.verb:set package 'dis_tutorial3' build argument 'cmake_target_skip_unavailable' from command line to 'False'
[1.062s] Level 5:colcon.colcon_core.verb:set package 'dis_tutorial3' build argument 'cmake_clean_cache' from command line to 'False'
[1.062s] Level 5:colcon.colcon_core.verb:set package 'dis_tutorial3' build argument 'cmake_clean_first' from command line to 'False'
[1.062s] Level 5:colcon.colcon_core.verb:set package 'dis_tutorial3' build argument 'cmake_force_configure' from command line to 'False'
[1.062s] Level 5:colcon.colcon_core.verb:set package 'dis_tutorial3' build argument 'ament_cmake_args' from command line to 'None'
[1.062s] Level 5:colcon.colcon_core.verb:set package 'dis_tutorial3' build argument 'catkin_cmake_args' from command line to 'None'
[1.062s] Level 5:colcon.colcon_core.verb:set package 'dis_tutorial3' build argument 'catkin_skip_building_tests' from command line to 'False'
[1.062s] DEBUG:colcon.colcon_core.verb:Building package 'dis_tutorial3' with the following arguments: {'ament_cmake_args': None, 'build_base': '/home/sienna/Desktop/combine_test/task2_src/build/dis_tutorial3', 'catkin_cmake_args': None, 'catkin_skip_building_tests': False, 'cmake_args': None, 'cmake_clean_cache': False, 'cmake_clean_first': False, 'cmake_force_configure': False, 'cmake_target': None, 'cmake_target_skip_unavailable': False, 'install_base': '/home/sienna/Desktop/combine_test/task2_src/install/dis_tutorial3', 'merge_install': False, 'path': '/home/sienna/Desktop/combine_test/task2_src/RInS_Teamproject-task2/dis_tutorial3-main', 'symlink_install': True, 'test_result_base': None}
[1.073s] Level 5:colcon.colcon_core.verb:set package 'dis_tutorial7' build argument 'cmake_args' from command line to 'None'
[1.074s] Level 5:colcon.colcon_core.verb:set package 'dis_tutorial7' build argument 'cmake_target' from command line to 'None'
[1.074s] Level 5:colcon.colcon_core.verb:set package 'dis_tutorial7' build argument 'cmake_target_skip_unavailable' from command line to 'False'
[1.074s] Level 5:colcon.colcon_core.verb:set package 'dis_tutorial7' build argument 'cmake_clean_cache' from command line to 'False'
[1.074s] Level 5:colcon.colcon_core.verb:set package 'dis_tutorial7' build argument 'cmake_clean_first' from command line to 'False'
[1.074s] Level 5:colcon.colcon_core.verb:set package 'dis_tutorial7' build argument 'cmake_force_configure' from command line to 'False'
[1.074s] Level 5:colcon.colcon_core.verb:set package 'dis_tutorial7' build argument 'ament_cmake_args' from command line to 'None'
[1.074s] Level 5:colcon.colcon_core.verb:set package 'dis_tutorial7' build argument 'catkin_cmake_args' from command line to 'None'
[1.074s] Level 5:colcon.colcon_core.verb:set package 'dis_tutorial7' build argument 'catkin_skip_building_tests' from command line to 'False'
[1.074s] DEBUG:colcon.colcon_core.verb:Building package 'dis_tutorial7' with the following arguments: {'ament_cmake_args': None, 'build_base': '/home/sienna/Desktop/combine_test/task2_src/build/dis_tutorial7', 'catkin_cmake_args': None, 'catkin_skip_building_tests': False, 'cmake_args': None, 'cmake_clean_cache': False, 'cmake_clean_first': False, 'cmake_force_configure': False, 'cmake_target': None, 'cmake_target_skip_unavailable': False, 'install_base': '/home/sienna/Desktop/combine_test/task2_src/install/dis_tutorial7', 'merge_install': False, 'path': '/home/sienna/Desktop/combine_test/task2_src/dis_tutorial7-main', 'symlink_install': True, 'test_result_base': None}
[1.085s] INFO:colcon.colcon_core.executor:Executing jobs using 'parallel' executor
[1.098s] DEBUG:colcon.colcon_parallel_executor.executor.parallel:run_until_complete
[1.098s] INFO:colcon.colcon_ros.task.ament_cmake.build:Building ROS package in '/home/sienna/Desktop/combine_test/task2_src/RInS_Teamproject-task2/dis_tutorial3-main' with build type 'ament_cmake'
[1.098s] INFO:colcon.colcon_cmake.task.cmake.build:Building CMake package in '/home/sienna/Desktop/combine_test/task2_src/RInS_Teamproject-task2/dis_tutorial3-main'
[1.112s] INFO:colcon.colcon_core.plugin_system:Skipping extension 'colcon_core.shell.bat': Not used on non-Windows systems
[1.112s] INFO:colcon.colcon_core.shell:Skip shell extension 'powershell' for command environment: Not usable outside of PowerShell
[1.112s] DEBUG:colcon.colcon_core.shell:Skip shell extension 'dsv' for command environment
[1.152s] INFO:colcon.colcon_ros.task.ament_cmake.build:Building ROS package in '/home/sienna/Desktop/combine_test/task2_src/dis_tutorial7-main' with build type 'ament_cmake'
[1.152s] INFO:colcon.colcon_cmake.task.cmake.build:Building CMake package in '/home/sienna/Desktop/combine_test/task2_src/dis_tutorial7-main'
[1.166s] INFO:colcon.colcon_core.shell:Skip shell extension 'powershell' for command environment: Not usable outside of PowerShell
[1.166s] DEBUG:colcon.colcon_core.shell:Skip shell extension 'dsv' for command environment
[1.211s] DEBUG:colcon.colcon_core.event_handler.log_command:Invoking command in '/home/sienna/Desktop/combine_test/task2_src/build/dis_tutorial3': CMAKE_PREFIX_PATH=${CMAKE_PREFIX_PATH}:/opt/ros/humble /usr/bin/cmake --build /home/sienna/Desktop/combine_test/task2_src/build/dis_tutorial3 -- -j8 -l8
[1.214s] DEBUG:colcon.colcon_core.event_handler.log_command:Invoking command in '/home/sienna/Desktop/combine_test/task2_src/build/dis_tutorial7': CMAKE_PREFIX_PATH=${CMAKE_PREFIX_PATH}:/opt/ros/humble /usr/bin/cmake --build /home/sienna/Desktop/combine_test/task2_src/build/dis_tutorial7 -- -j8 -l8
[1.246s] DEBUG:colcon.colcon_core.event_handler.log_command:Invoked command in '/home/sienna/Desktop/combine_test/task2_src/build/dis_tutorial7' returned '0': CMAKE_PREFIX_PATH=${CMAKE_PREFIX_PATH}:/opt/ros/humble /usr/bin/cmake --build /home/sienna/Desktop/combine_test/task2_src/build/dis_tutorial7 -- -j8 -l8
[1.272s] DEBUG:colcon.colcon_core.event_handler.log_command:Invoking command in '/home/sienna/Desktop/combine_test/task2_src/build/dis_tutorial7': CMAKE_PREFIX_PATH=${CMAKE_PREFIX_PATH}:/opt/ros/humble /usr/bin/cmake --install /home/sienna/Desktop/combine_test/task2_src/build/dis_tutorial7
[1.278s] DEBUG:colcon.colcon_core.event_handler.log_command:Invoked command in '/home/sienna/Desktop/combine_test/task2_src/build/dis_tutorial3' returned '0': CMAKE_PREFIX_PATH=${CMAKE_PREFIX_PATH}:/opt/ros/humble /usr/bin/cmake --build /home/sienna/Desktop/combine_test/task2_src/build/dis_tutorial3 -- -j8 -l8
[1.293s] Level 1:colcon.colcon_core.environment:create_environment_scripts_only(dis_tutorial7)
[1.293s] DEBUG:colcon.colcon_core.event_handler.log_command:Invoked command in '/home/sienna/Desktop/combine_test/task2_src/build/dis_tutorial7' returned '0': CMAKE_PREFIX_PATH=${CMAKE_PREFIX_PATH}:/opt/ros/humble /usr/bin/cmake --install /home/sienna/Desktop/combine_test/task2_src/build/dis_tutorial7
[1.308s] Level 1:colcon.colcon_core.environment:checking '/home/sienna/Desktop/combine_test/task2_src/install/dis_tutorial7' for CMake module files
[1.309s] Level 1:colcon.colcon_core.environment:checking '/home/sienna/Desktop/combine_test/task2_src/install/dis_tutorial7' for CMake config files
[1.309s] Level 1:colcon.colcon_core.shell:create_environment_hook('dis_tutorial7', 'cmake_prefix_path')
[1.321s] INFO:colcon.colcon_core.shell:Creating environment hook '/home/sienna/Desktop/combine_test/task2_src/install/dis_tutorial7/share/dis_tutorial7/hook/cmake_prefix_path.ps1'
[1.322s] INFO:colcon.colcon_core.shell:Creating environment descriptor '/home/sienna/Desktop/combine_test/task2_src/install/dis_tutorial7/share/dis_tutorial7/hook/cmake_prefix_path.dsv'
[1.322s] INFO:colcon.colcon_core.shell:Creating environment hook '/home/sienna/Desktop/combine_test/task2_src/install/dis_tutorial7/share/dis_tutorial7/hook/cmake_prefix_path.sh'
[1.323s] Level 1:colcon.colcon_core.environment:checking '/home/sienna/Desktop/combine_test/task2_src/install/dis_tutorial7/lib'
[1.323s] Level 1:colcon.colcon_core.environment:checking '/home/sienna/Desktop/combine_test/task2_src/install/dis_tutorial7/bin'
[1.323s] Level 1:colcon.colcon_core.environment:checking '/home/sienna/Desktop/combine_test/task2_src/install/dis_tutorial7/lib/pkgconfig/dis_tutorial7.pc'
[1.323s] Level 1:colcon.colcon_core.environment:checking '/home/sienna/Desktop/combine_test/task2_src/install/dis_tutorial7/lib/python3.10/site-packages'
[1.323s] Level 1:colcon.colcon_core.environment:checking '/home/sienna/Desktop/combine_test/task2_src/install/dis_tutorial7/bin'
[1.337s] INFO:colcon.colcon_core.shell:Creating package script '/home/sienna/Desktop/combine_test/task2_src/install/dis_tutorial7/share/dis_tutorial7/package.ps1'
[1.337s] INFO:colcon.colcon_core.shell:Creating package descriptor '/home/sienna/Desktop/combine_test/task2_src/install/dis_tutorial7/share/dis_tutorial7/package.dsv'
[1.338s] INFO:colcon.colcon_core.shell:Creating package script '/home/sienna/Desktop/combine_test/task2_src/install/dis_tutorial7/share/dis_tutorial7/package.sh'
[1.338s] INFO:colcon.colcon_core.shell:Creating package script '/home/sienna/Desktop/combine_test/task2_src/install/dis_tutorial7/share/dis_tutorial7/package.bash'
[1.339s] INFO:colcon.colcon_core.shell:Creating package script '/home/sienna/Desktop/combine_test/task2_src/install/dis_tutorial7/share/dis_tutorial7/package.zsh'
[1.339s] Level 1:colcon.colcon_core.environment:create_file_with_runtime_dependencies(/home/sienna/Desktop/combine_test/task2_src/install/dis_tutorial7/share/colcon-core/packages/dis_tutorial7)
[1.343s] DEBUG:colcon.colcon_core.event_handler.log_command:Invoking command in '/home/sienna/Desktop/combine_test/task2_src/build/dis_tutorial3': CMAKE_PREFIX_PATH=${CMAKE_PREFIX_PATH}:/opt/ros/humble /usr/bin/cmake --install /home/sienna/Desktop/combine_test/task2_src/build/dis_tutorial3
[1.372s] Level 1:colcon.colcon_core.environment:create_environment_scripts_only(dis_tutorial7)
[1.384s] Level 1:colcon.colcon_core.environment:checking '/home/sienna/Desktop/combine_test/task2_src/install/dis_tutorial7' for CMake module files
[1.384s] Level 1:colcon.colcon_core.environment:checking '/home/sienna/Desktop/combine_test/task2_src/install/dis_tutorial7' for CMake config files
[1.385s] Level 1:colcon.colcon_core.shell:create_environment_hook('dis_tutorial7', 'cmake_prefix_path')
[1.397s] INFO:colcon.colcon_core.shell:Creating environment hook '/home/sienna/Desktop/combine_test/task2_src/install/dis_tutorial7/share/dis_tutorial7/hook/cmake_prefix_path.ps1'
[1.397s] INFO:colcon.colcon_core.shell:Creating environment descriptor '/home/sienna/Desktop/combine_test/task2_src/install/dis_tutorial7/share/dis_tutorial7/hook/cmake_prefix_path.dsv'
[1.397s] INFO:colcon.colcon_core.shell:Creating environment hook '/home/sienna/Desktop/combine_test/task2_src/install/dis_tutorial7/share/dis_tutorial7/hook/cmake_prefix_path.sh'
[1.398s] Level 1:colcon.colcon_core.environment:checking '/home/sienna/Desktop/combine_test/task2_src/install/dis_tutorial7/lib'
[1.398s] Level 1:colcon.colcon_core.environment:checking '/home/sienna/Desktop/combine_test/task2_src/install/dis_tutorial7/bin'
[1.398s] Level 1:colcon.colcon_core.environment:checking '/home/sienna/Desktop/combine_test/task2_src/install/dis_tutorial7/lib/pkgconfig/dis_tutorial7.pc'
[1.398s] Level 1:colcon.colcon_core.environment:checking '/home/sienna/Desktop/combine_test/task2_src/install/dis_tutorial7/lib/python3.10/site-packages'
[1.398s] Level 1:colcon.colcon_core.environment:checking '/home/sienna/Desktop/combine_test/task2_src/install/dis_tutorial7/bin'
[1.410s] INFO:colcon.colcon_core.shell:Creating package script '/home/sienna/Desktop/combine_test/task2_src/install/dis_tutorial7/share/dis_tutorial7/package.ps1'
[1.411s] INFO:colcon.colcon_core.shell:Creating package descriptor '/home/sienna/Desktop/combine_test/task2_src/install/dis_tutorial7/share/dis_tutorial7/package.dsv'
[1.411s] INFO:colcon.colcon_core.shell:Creating package script '/home/sienna/Desktop/combine_test/task2_src/install/dis_tutorial7/share/dis_tutorial7/package.sh'
[1.412s] INFO:colcon.colcon_core.shell:Creating package script '/home/sienna/Desktop/combine_test/task2_src/install/dis_tutorial7/share/dis_tutorial7/package.bash'
[1.412s] INFO:colcon.colcon_core.shell:Creating package script '/home/sienna/Desktop/combine_test/task2_src/install/dis_tutorial7/share/dis_tutorial7/package.zsh'
[1.412s] Level 1:colcon.colcon_core.environment:create_file_with_runtime_dependencies(/home/sienna/Desktop/combine_test/task2_src/install/dis_tutorial7/share/colcon-core/packages/dis_tutorial7)
[1.414s] Level 1:colcon.colcon_core.environment:create_environment_scripts_only(dis_tutorial3)
[1.414s] DEBUG:colcon.colcon_core.event_handler.log_command:Invoked command in '/home/sienna/Desktop/combine_test/task2_src/build/dis_tutorial3' returned '0': CMAKE_PREFIX_PATH=${CMAKE_PREFIX_PATH}:/opt/ros/humble /usr/bin/cmake --install /home/sienna/Desktop/combine_test/task2_src/build/dis_tutorial3
[1.428s] Level 1:colcon.colcon_core.environment:checking '/home/sienna/Desktop/combine_test/task2_src/install/dis_tutorial3' for CMake module files
[1.429s] Level 1:colcon.colcon_core.environment:checking '/home/sienna/Desktop/combine_test/task2_src/install/dis_tutorial3' for CMake config files
[1.429s] Level 1:colcon.colcon_core.shell:create_environment_hook('dis_tutorial3', 'cmake_prefix_path')
[1.441s] INFO:colcon.colcon_core.shell:Creating environment hook '/home/sienna/Desktop/combine_test/task2_src/install/dis_tutorial3/share/dis_tutorial3/hook/cmake_prefix_path.ps1'
[1.442s] INFO:colcon.colcon_core.shell:Creating environment descriptor '/home/sienna/Desktop/combine_test/task2_src/install/dis_tutorial3/share/dis_tutorial3/hook/cmake_prefix_path.dsv'
[1.442s] INFO:colcon.colcon_core.shell:Creating environment hook '/home/sienna/Desktop/combine_test/task2_src/install/dis_tutorial3/share/dis_tutorial3/hook/cmake_prefix_path.sh'
[1.442s] Level 1:colcon.colcon_core.environment:checking '/home/sienna/Desktop/combine_test/task2_src/install/dis_tutorial3/lib'
[1.442s] Level 1:colcon.colcon_core.environment:checking '/home/sienna/Desktop/combine_test/task2_src/install/dis_tutorial3/bin'
[1.442s] Level 1:colcon.colcon_core.environment:checking '/home/sienna/Desktop/combine_test/task2_src/install/dis_tutorial3/lib/pkgconfig/dis_tutorial3.pc'
[1.443s] Level 1:colcon.colcon_core.environment:checking '/home/sienna/Desktop/combine_test/task2_src/install/dis_tutorial3/lib/python3.10/site-packages'
[1.443s] Level 1:colcon.colcon_core.environment:checking '/home/sienna/Desktop/combine_test/task2_src/install/dis_tutorial3/bin'
[1.455s] INFO:colcon.colcon_core.shell:Creating package script '/home/sienna/Desktop/combine_test/task2_src/install/dis_tutorial3/share/dis_tutorial3/package.ps1'
[1.455s] INFO:colcon.colcon_core.shell:Creating package descriptor '/home/sienna/Desktop/combine_test/task2_src/install/dis_tutorial3/share/dis_tutorial3/package.dsv'
[1.456s] INFO:colcon.colcon_core.shell:Creating package script '/home/sienna/Desktop/combine_test/task2_src/install/dis_tutorial3/share/dis_tutorial3/package.sh'
[1.456s] INFO:colcon.colcon_core.shell:Creating package script '/home/sienna/Desktop/combine_test/task2_src/install/dis_tutorial3/share/dis_tutorial3/package.bash'
[1.456s] INFO:colcon.colcon_core.shell:Creating package script '/home/sienna/Desktop/combine_test/task2_src/install/dis_tutorial3/share/dis_tutorial3/package.zsh'
[1.456s] Level 1:colcon.colcon_core.environment:create_file_with_runtime_dependencies(/home/sienna/Desktop/combine_test/task2_src/install/dis_tutorial3/share/colcon-core/packages/dis_tutorial3)
[1.500s] Level 1:colcon.colcon_core.environment:create_environment_scripts_only(dis_tutorial3)
[1.513s] Level 1:colcon.colcon_core.environment:checking '/home/sienna/Desktop/combine_test/task2_src/install/dis_tutorial3' for CMake module files
[1.514s] Level 1:colcon.colcon_core.environment:checking '/home/sienna/Desktop/combine_test/task2_src/install/dis_tutorial3' for CMake config files
[1.514s] Level 1:colcon.colcon_core.shell:create_environment_hook('dis_tutorial3', 'cmake_prefix_path')
[1.527s] INFO:colcon.colcon_core.shell:Creating environment hook '/home/sienna/Desktop/combine_test/task2_src/install/dis_tutorial3/share/dis_tutorial3/hook/cmake_prefix_path.ps1'
[1.528s] INFO:colcon.colcon_core.shell:Creating environment descriptor '/home/sienna/Desktop/combine_test/task2_src/install/dis_tutorial3/share/dis_tutorial3/hook/cmake_prefix_path.dsv'
[1.528s] INFO:colcon.colcon_core.shell:Creating environment hook '/home/sienna/Desktop/combine_test/task2_src/install/dis_tutorial3/share/dis_tutorial3/hook/cmake_prefix_path.sh'
[1.528s] Level 1:colcon.colcon_core.environment:checking '/home/sienna/Desktop/combine_test/task2_src/install/dis_tutorial3/lib'
[1.528s] Level 1:colcon.colcon_core.environment:checking '/home/sienna/Desktop/combine_test/task2_src/install/dis_tutorial3/bin'
[1.529s] Level 1:colcon.colcon_core.environment:checking '/home/sienna/Desktop/combine_test/task2_src/install/dis_tutorial3/lib/pkgconfig/dis_tutorial3.pc'
[1.529s] Level 1:colcon.colcon_core.environment:checking '/home/sienna/Desktop/combine_test/task2_src/install/dis_tutorial3/lib/python3.10/site-packages'
[1.529s] Level 1:colcon.colcon_core.environment:checking '/home/sienna/Desktop/combine_test/task2_src/install/dis_tutorial3/bin'
[1.541s] INFO:colcon.colcon_core.shell:Creating package script '/home/sienna/Desktop/combine_test/task2_src/install/dis_tutorial3/share/dis_tutorial3/package.ps1'
[1.541s] INFO:colcon.colcon_core.shell:Creating package descriptor '/home/sienna/Desktop/combine_test/task2_src/install/dis_tutorial3/share/dis_tutorial3/package.dsv'
[1.542s] INFO:colcon.colcon_core.shell:Creating package script '/home/sienna/Desktop/combine_test/task2_src/install/dis_tutorial3/share/dis_tutorial3/package.sh'
[1.542s] INFO:colcon.colcon_core.shell:Creating package script '/home/sienna/Desktop/combine_test/task2_src/install/dis_tutorial3/share/dis_tutorial3/package.bash'
[1.542s] INFO:colcon.colcon_core.shell:Creating package script '/home/sienna/Desktop/combine_test/task2_src/install/dis_tutorial3/share/dis_tutorial3/package.zsh'
[1.543s] Level 1:colcon.colcon_core.environment:create_file_with_runtime_dependencies(/home/sienna/Desktop/combine_test/task2_src/install/dis_tutorial3/share/colcon-core/packages/dis_tutorial3)
[1.543s] DEBUG:colcon.colcon_parallel_executor.executor.parallel:closing loop
[1.543s] DEBUG:colcon.colcon_parallel_executor.executor.parallel:loop closed
[1.543s] DEBUG:colcon.colcon_parallel_executor.executor.parallel:run_until_complete finished with '0'
[1.543s] DEBUG:colcon.colcon_core.event_reactor:joining thread
[1.561s] INFO:colcon.colcon_core.plugin_system:Skipping extension 'colcon_notification.desktop_notification.terminal_notifier': Not used on non-Darwin systems
[1.561s] INFO:colcon.colcon_core.plugin_system:Skipping extension 'colcon_notification.desktop_notification.win32': Not used on non-Windows systems
[1.561s] INFO:colcon.colcon_notification.desktop_notification:Sending desktop notification using 'notify2'
[1.570s] DEBUG:colcon.colcon_core.event_reactor:joined thread
[1.583s] INFO:colcon.colcon_core.shell:Creating prefix script '/home/sienna/Desktop/combine_test/task2_src/install/local_setup.ps1'
[1.584s] INFO:colcon.colcon_core.shell:Creating prefix util module '/home/sienna/Desktop/combine_test/task2_src/install/_local_setup_util_ps1.py'
[1.585s] INFO:colcon.colcon_core.shell:Creating prefix chain script '/home/sienna/Desktop/combine_test/task2_src/install/setup.ps1'
[1.599s] INFO:colcon.colcon_core.shell:Creating prefix script '/home/sienna/Desktop/combine_test/task2_src/install/local_setup.sh'
[1.599s] INFO:colcon.colcon_core.shell:Creating prefix util module '/home/sienna/Desktop/combine_test/task2_src/install/_local_setup_util_sh.py'
[1.600s] INFO:colcon.colcon_core.shell:Creating prefix chain script '/home/sienna/Desktop/combine_test/task2_src/install/setup.sh'
[1.613s] INFO:colcon.colcon_core.shell:Creating prefix script '/home/sienna/Desktop/combine_test/task2_src/install/local_setup.bash'
[1.614s] INFO:colcon.colcon_core.shell:Creating prefix chain script '/home/sienna/Desktop/combine_test/task2_src/install/setup.bash'
[1.627s] INFO:colcon.colcon_core.shell:Creating prefix script '/home/sienna/Desktop/combine_test/task2_src/install/local_setup.zsh'
[1.627s] INFO:colcon.colcon_core.shell:Creating prefix chain script '/home/sienna/Desktop/combine_test/task2_src/install/setup.zsh'
