[0.065s] Invoking command in '/home/upsilon/Desktop/fresh/build/dis_tutorial7': CMAKE_PREFIX_PATH=/opt/ros/humble /usr/bin/cmake /home/upsilon/Desktop/fresh/src/dis_tutorial7 -DAMENT_CMAKE_SYMLINK_INSTALL=1 -DCMAKE_INSTALL_PREFIX=/home/upsilon/Desktop/fresh/install/dis_tutorial7
[0.151s] -- The C compiler identification is GNU 11.4.0
[0.224s] -- The CXX compiler identification is GNU 11.4.0
[0.230s] -- Detecting C compiler ABI info
[0.289s] -- Detecting C compiler ABI info - done
[0.294s] -- Check for working C compiler: /usr/bin/cc - skipped
[0.294s] -- Detecting C compile features
[0.294s] -- Detecting C compile features - done
[0.297s] -- Detecting CXX compiler ABI info
[0.362s] -- Detecting CXX compiler ABI info - done
[0.367s] -- Check for working CXX compiler: /usr/bin/c++ - skipped
[0.367s] -- Detecting CXX compile features
[0.367s] -- Detecting CXX compile features - done
[0.370s] -- Found ament_cmake: 1.3.8 (/opt/ros/humble/share/ament_cmake/cmake)
[0.482s] -- Found Python3: /usr/bin/python3 (found version "3.10.12") found components: Interpreter 
[0.530s] -- Override CMake install command with custom implementation using symlinks instead of copying resources
[0.561s] -- Found rclcpp: 16.0.8 (/opt/ros/humble/share/rclcpp/cmake)
[0.607s] -- Found rosidl_generator_c: 3.1.5 (/opt/ros/humble/share/rosidl_generator_c/cmake)
[0.612s] -- Found rosidl_adapter: 3.1.5 (/opt/ros/humble/share/rosidl_adapter/cmake)
[0.621s] -- Found rosidl_generator_cpp: 3.1.5 (/opt/ros/humble/share/rosidl_generator_cpp/cmake)
[0.635s] -- Using all available rosidl_typesupport_c: rosidl_typesupport_fastrtps_c;rosidl_typesupport_introspection_c
[0.653s] -- Using all available rosidl_typesupport_cpp: rosidl_typesupport_fastrtps_cpp;rosidl_typesupport_introspection_cpp
[0.715s] -- Found rmw_implementation_cmake: 6.1.1 (/opt/ros/humble/share/rmw_implementation_cmake/cmake)
[0.718s] -- Found rmw_fastrtps_cpp: 6.2.6 (/opt/ros/humble/share/rmw_fastrtps_cpp/cmake)
[0.814s] -- Found OpenSSL: /usr/lib/x86_64-linux-gnu/libcrypto.so (found version "3.0.2")  
[0.840s] -- Found FastRTPS: /opt/ros/humble/include  
[0.882s] -- Using RMW implementation 'rmw_fastrtps_cpp' as default
[0.892s] -- Looking for pthread.h
[0.958s] -- Looking for pthread.h - found
[0.958s] -- Performing Test CMAKE_HAVE_LIBC_PTHREAD
[1.017s] -- Performing Test CMAKE_HAVE_LIBC_PTHREAD - Success
[1.018s] -- Found Threads: TRUE  
[1.137s] -- Found rclpy: 3.3.12 (/opt/ros/humble/share/rclpy/cmake)
[1.139s] -- Found std_srvs: 4.2.3 (/opt/ros/humble/share/std_srvs/cmake)
[1.201s] -- Configuring done
[1.205s] -- Generating done
[1.206s] -- Build files have been written to: /home/upsilon/Desktop/fresh/build/dis_tutorial7
[1.213s] Invoked command in '/home/upsilon/Desktop/fresh/build/dis_tutorial7' returned '0': CMAKE_PREFIX_PATH=/opt/ros/humble /usr/bin/cmake /home/upsilon/Desktop/fresh/src/dis_tutorial7 -DAMENT_CMAKE_SYMLINK_INSTALL=1 -DCMAKE_INSTALL_PREFIX=/home/upsilon/Desktop/fresh/install/dis_tutorial7
[1.215s] Invoking command in '/home/upsilon/Desktop/fresh/build/dis_tutorial7': CMAKE_PREFIX_PATH=/opt/ros/humble /usr/bin/cmake --build /home/upsilon/Desktop/fresh/build/dis_tutorial7 -- -j16 -l16
[1.249s] Invoked command in '/home/upsilon/Desktop/fresh/build/dis_tutorial7' returned '0': CMAKE_PREFIX_PATH=/opt/ros/humble /usr/bin/cmake --build /home/upsilon/Desktop/fresh/build/dis_tutorial7 -- -j16 -l16
[1.277s] Invoking command in '/home/upsilon/Desktop/fresh/build/dis_tutorial7': CMAKE_PREFIX_PATH=/opt/ros/humble /usr/bin/cmake --install /home/upsilon/Desktop/fresh/build/dis_tutorial7
[1.282s] -- Install configuration: ""
[1.283s] -- Execute custom install script
[1.283s] -- Symlinking: /home/upsilon/Desktop/fresh/install/dis_tutorial7/share/dis_tutorial7//launch/control.py
[1.290s] -- Symlinking: /home/upsilon/Desktop/fresh/install/dis_tutorial7/share/dis_tutorial7//launch/create3_ignition_nodes.launch.py
[1.297s] -- Symlinking: /home/upsilon/Desktop/fresh/install/dis_tutorial7/share/dis_tutorial7//launch/create3_nodes.launch.py
[1.304s] -- Symlinking: /home/upsilon/Desktop/fresh/install/dis_tutorial7/share/dis_tutorial7//launch/create3_ros_ignition_bridge.launch.py
[1.311s] -- Symlinking: /home/upsilon/Desktop/fresh/install/dis_tutorial7/share/dis_tutorial7//launch/robot_description.launch.py
[1.318s] -- Symlinking: /home/upsilon/Desktop/fresh/install/dis_tutorial7/share/dis_tutorial7//launch/ros_ign_bridge.launch.py
[1.326s] -- Symlinking: /home/upsilon/Desktop/fresh/install/dis_tutorial7/share/dis_tutorial7//launch/sim_turtlebot_nav.launch.py
[1.332s] -- Symlinking: /home/upsilon/Desktop/fresh/install/dis_tutorial7/share/dis_tutorial7//launch/turtlebot4_nodes.launch.py
[1.340s] -- Symlinking: /home/upsilon/Desktop/fresh/install/dis_tutorial7/share/dis_tutorial7//launch/turtlebot4_spawn.launch.py
[1.348s] -- Symlinking: /home/upsilon/Desktop/fresh/install/dis_tutorial7/share/dis_tutorial7//launch/view_robot.launch.py
[1.355s] -- Symlinking: /home/upsilon/Desktop/fresh/install/dis_tutorial7/share/dis_tutorial7//meshes/camera_bracket.dae
[1.363s] -- Symlinking: /home/upsilon/Desktop/fresh/install/dis_tutorial7/share/dis_tutorial7//meshes/oakd_lite.dae
[1.370s] -- Symlinking: /home/upsilon/Desktop/fresh/install/dis_tutorial7/share/dis_tutorial7//meshes/oakd_pro.dae
[1.377s] -- Symlinking: /home/upsilon/Desktop/fresh/install/dis_tutorial7/share/dis_tutorial7//meshes/rplidar.dae
[1.384s] -- Symlinking: /home/upsilon/Desktop/fresh/install/dis_tutorial7/share/dis_tutorial7//meshes/shell.dae
[1.392s] -- Symlinking: /home/upsilon/Desktop/fresh/install/dis_tutorial7/share/dis_tutorial7//meshes/shell_collision.dae
[1.399s] -- Symlinking: /home/upsilon/Desktop/fresh/install/dis_tutorial7/share/dis_tutorial7//meshes/top_camera_pro.dae
[1.406s] -- Symlinking: /home/upsilon/Desktop/fresh/install/dis_tutorial7/share/dis_tutorial7//meshes/tower.dae
[1.413s] -- Symlinking: /home/upsilon/Desktop/fresh/install/dis_tutorial7/share/dis_tutorial7//meshes/tower_sensor_plate.dae
[1.420s] -- Symlinking: /home/upsilon/Desktop/fresh/install/dis_tutorial7/share/dis_tutorial7//meshes/tower_standoff.dae
[1.427s] -- Symlinking: /home/upsilon/Desktop/fresh/install/dis_tutorial7/share/dis_tutorial7//meshes/weight_block.dae
[1.434s] -- Symlinking: /home/upsilon/Desktop/fresh/install/dis_tutorial7/share/dis_tutorial7//urdf/arm/arm.urdf.xacro
[1.442s] -- Symlinking: /home/upsilon/Desktop/fresh/install/dis_tutorial7/share/dis_tutorial7//urdf/create/create3.urdf.xacro
[1.450s] -- Symlinking: /home/upsilon/Desktop/fresh/install/dis_tutorial7/share/dis_tutorial7//urdf/lite/turtlebot4.urdf.xacro
[1.457s] -- Symlinking: /home/upsilon/Desktop/fresh/install/dis_tutorial7/share/dis_tutorial7//urdf/sensors/camera_bracket.urdf.xacro
[1.464s] -- Symlinking: /home/upsilon/Desktop/fresh/install/dis_tutorial7/share/dis_tutorial7//urdf/sensors/oakd.urdf.xacro
[1.471s] -- Symlinking: /home/upsilon/Desktop/fresh/install/dis_tutorial7/share/dis_tutorial7//urdf/sensors/rplidar.urdf.xacro
[1.479s] -- Symlinking: /home/upsilon/Desktop/fresh/install/dis_tutorial7/share/dis_tutorial7//urdf/standard/tower_sensor_plate.urdf.xacro
[1.486s] -- Symlinking: /home/upsilon/Desktop/fresh/install/dis_tutorial7/share/dis_tutorial7//urdf/standard/tower_standoff.urdf.xacro
[1.493s] -- Symlinking: /home/upsilon/Desktop/fresh/install/dis_tutorial7/share/dis_tutorial7//urdf/standard/turtlebot4.urdf.xacro
[1.500s] -- Symlinking: /home/upsilon/Desktop/fresh/install/dis_tutorial7/share/dis_tutorial7//urdf/standard/weight_block.urdf.xacro
[1.507s] -- Symlinking: /home/upsilon/Desktop/fresh/install/dis_tutorial7/share/dis_tutorial7//config/all_controls.yaml
[1.515s] -- Symlinking: /home/upsilon/Desktop/fresh/install/dis_tutorial7/share/dis_tutorial7//config/all_controls_jtc.yaml
[1.522s] -- Symlinking: /home/upsilon/Desktop/fresh/install/dis_tutorial7/share/dis_tutorial7//config/arm_controller_position.yaml
[1.529s] -- Symlinking: /home/upsilon/Desktop/fresh/install/dis_tutorial7/share/dis_tutorial7//config/control.yaml
[1.536s] -- Symlinking: /home/upsilon/Desktop/fresh/install/dis_tutorial7/lib/dis_tutorial7/arm_mover_actions.py
[1.544s] -- Symlinking: /home/upsilon/Desktop/fresh/install/dis_tutorial7/share/ament_index/resource_index/package_run_dependencies/dis_tutorial7
[1.551s] -- Symlinking: /home/upsilon/Desktop/fresh/install/dis_tutorial7/share/ament_index/resource_index/parent_prefix_path/dis_tutorial7
[1.558s] -- Symlinking: /home/upsilon/Desktop/fresh/install/dis_tutorial7/share/dis_tutorial7/environment/ament_prefix_path.sh
[1.566s] -- Symlinking: /home/upsilon/Desktop/fresh/install/dis_tutorial7/share/dis_tutorial7/environment/ament_prefix_path.dsv
[1.573s] -- Symlinking: /home/upsilon/Desktop/fresh/install/dis_tutorial7/share/dis_tutorial7/environment/path.sh
[1.580s] -- Symlinking: /home/upsilon/Desktop/fresh/install/dis_tutorial7/share/dis_tutorial7/environment/path.dsv
[1.587s] -- Symlinking: /home/upsilon/Desktop/fresh/install/dis_tutorial7/share/dis_tutorial7/local_setup.bash
[1.594s] -- Symlinking: /home/upsilon/Desktop/fresh/install/dis_tutorial7/share/dis_tutorial7/local_setup.sh
[1.602s] -- Symlinking: /home/upsilon/Desktop/fresh/install/dis_tutorial7/share/dis_tutorial7/local_setup.zsh
[1.609s] -- Symlinking: /home/upsilon/Desktop/fresh/install/dis_tutorial7/share/dis_tutorial7/local_setup.dsv
[1.616s] -- Symlinking: /home/upsilon/Desktop/fresh/install/dis_tutorial7/share/dis_tutorial7/package.dsv
[1.623s] -- Symlinking: /home/upsilon/Desktop/fresh/install/dis_tutorial7/share/ament_index/resource_index/packages/dis_tutorial7
[1.631s] -- Symlinking: /home/upsilon/Desktop/fresh/install/dis_tutorial7/share/dis_tutorial7/cmake/dis_tutorial7Config.cmake
[1.638s] -- Symlinking: /home/upsilon/Desktop/fresh/install/dis_tutorial7/share/dis_tutorial7/cmake/dis_tutorial7Config-version.cmake
[1.646s] -- Symlinking: /home/upsilon/Desktop/fresh/install/dis_tutorial7/share/dis_tutorial7/package.xml
[1.655s] Invoked command in '/home/upsilon/Desktop/fresh/build/dis_tutorial7' returned '0': CMAKE_PREFIX_PATH=/opt/ros/humble /usr/bin/cmake --install /home/upsilon/Desktop/fresh/build/dis_tutorial7
