[0.062s] Invoking command in '/home/sienna/Desktop/combine_test/task2_src/build/dis_tutorial7': CMAKE_PREFIX_PATH=${CMAKE_PREFIX_PATH}:/opt/ros/humble /usr/bin/cmake --build /home/sienna/Desktop/combine_test/task2_src/build/dis_tutorial7 -- -j8 -l8
[0.094s] Invoked command in '/home/sienna/Desktop/combine_test/task2_src/build/dis_tutorial7' returned '0': CMAKE_PREFIX_PATH=${CMAKE_PREFIX_PATH}:/opt/ros/humble /usr/bin/cmake --build /home/sienna/Desktop/combine_test/task2_src/build/dis_tutorial7 -- -j8 -l8
[0.120s] Invoking command in '/home/sienna/Desktop/combine_test/task2_src/build/dis_tutorial7': CMAKE_PREFIX_PATH=${CMAKE_PREFIX_PATH}:/opt/ros/humble /usr/bin/cmake --install /home/sienna/Desktop/combine_test/task2_src/build/dis_tutorial7
[0.127s] -- Install configuration: ""
[0.127s] -- Execute custom install script
[0.127s] -- Up-to-date symlink: /home/sienna/Desktop/combine_test/task2_src/install/dis_tutorial7/share/dis_tutorial7//launch/control.py
[0.127s] -- Up-to-date symlink: /home/sienna/Desktop/combine_test/task2_src/install/dis_tutorial7/share/dis_tutorial7//launch/create3_ignition_nodes.launch.py
[0.127s] -- Up-to-date symlink: /home/sienna/Desktop/combine_test/task2_src/install/dis_tutorial7/share/dis_tutorial7//launch/create3_nodes.launch.py
[0.127s] -- Up-to-date symlink: /home/sienna/Desktop/combine_test/task2_src/install/dis_tutorial7/share/dis_tutorial7//launch/create3_ros_ignition_bridge.launch.py
[0.128s] -- Up-to-date symlink: /home/sienna/Desktop/combine_test/task2_src/install/dis_tutorial7/share/dis_tutorial7//launch/robot_description.launch.py
[0.128s] -- Up-to-date symlink: /home/sienna/Desktop/combine_test/task2_src/install/dis_tutorial7/share/dis_tutorial7//launch/ros_ign_bridge.launch.py
[0.128s] -- Up-to-date symlink: /home/sienna/Desktop/combine_test/task2_src/install/dis_tutorial7/share/dis_tutorial7//launch/sim_turtlebot_nav.launch.py
[0.128s] -- Up-to-date symlink: /home/sienna/Desktop/combine_test/task2_src/install/dis_tutorial7/share/dis_tutorial7//launch/turtlebot4_nodes.launch.py
[0.128s] -- Up-to-date symlink: /home/sienna/Desktop/combine_test/task2_src/install/dis_tutorial7/share/dis_tutorial7//launch/turtlebot4_spawn.launch.py
[0.128s] -- Up-to-date symlink: /home/sienna/Desktop/combine_test/task2_src/install/dis_tutorial7/share/dis_tutorial7//launch/view_robot.launch.py
[0.128s] -- Up-to-date symlink: /home/sienna/Desktop/combine_test/task2_src/install/dis_tutorial7/share/dis_tutorial7//meshes/camera_bracket.dae
[0.128s] -- Up-to-date symlink: /home/sienna/Desktop/combine_test/task2_src/install/dis_tutorial7/share/dis_tutorial7//meshes/oakd_lite.dae
[0.128s] -- Up-to-date symlink: /home/sienna/Desktop/combine_test/task2_src/install/dis_tutorial7/share/dis_tutorial7//meshes/oakd_pro.dae
[0.129s] -- Up-to-date symlink: /home/sienna/Desktop/combine_test/task2_src/install/dis_tutorial7/share/dis_tutorial7//meshes/rplidar.dae
[0.129s] -- Up-to-date symlink: /home/sienna/Desktop/combine_test/task2_src/install/dis_tutorial7/share/dis_tutorial7//meshes/shell.dae
[0.129s] -- Up-to-date symlink: /home/sienna/Desktop/combine_test/task2_src/install/dis_tutorial7/share/dis_tutorial7//meshes/shell_collision.dae
[0.129s] -- Up-to-date symlink: /home/sienna/Desktop/combine_test/task2_src/install/dis_tutorial7/share/dis_tutorial7//meshes/top_camera_pro.dae
[0.129s] -- Up-to-date symlink: /home/sienna/Desktop/combine_test/task2_src/install/dis_tutorial7/share/dis_tutorial7//meshes/tower.dae
[0.129s] -- Up-to-date symlink: /home/sienna/Desktop/combine_test/task2_src/install/dis_tutorial7/share/dis_tutorial7//meshes/tower_sensor_plate.dae
[0.129s] -- Up-to-date symlink: /home/sienna/Desktop/combine_test/task2_src/install/dis_tutorial7/share/dis_tutorial7//meshes/tower_standoff.dae
[0.129s] -- Up-to-date symlink: /home/sienna/Desktop/combine_test/task2_src/install/dis_tutorial7/share/dis_tutorial7//meshes/weight_block.dae
[0.129s] -- Up-to-date symlink: /home/sienna/Desktop/combine_test/task2_src/install/dis_tutorial7/share/dis_tutorial7//urdf/arm/arm.urdf.xacro
[0.130s] -- Up-to-date symlink: /home/sienna/Desktop/combine_test/task2_src/install/dis_tutorial7/share/dis_tutorial7//urdf/create/create3.urdf.xacro
[0.130s] -- Up-to-date symlink: /home/sienna/Desktop/combine_test/task2_src/install/dis_tutorial7/share/dis_tutorial7//urdf/lite/turtlebot4.urdf.xacro
[0.130s] -- Up-to-date symlink: /home/sienna/Desktop/combine_test/task2_src/install/dis_tutorial7/share/dis_tutorial7//urdf/sensors/camera_bracket.urdf.xacro
[0.130s] -- Up-to-date symlink: /home/sienna/Desktop/combine_test/task2_src/install/dis_tutorial7/share/dis_tutorial7//urdf/sensors/oakd.urdf.xacro
[0.130s] -- Up-to-date symlink: /home/sienna/Desktop/combine_test/task2_src/install/dis_tutorial7/share/dis_tutorial7//urdf/sensors/rplidar.urdf.xacro
[0.130s] -- Up-to-date symlink: /home/sienna/Desktop/combine_test/task2_src/install/dis_tutorial7/share/dis_tutorial7//urdf/standard/tower_sensor_plate.urdf.xacro
[0.130s] -- Up-to-date symlink: /home/sienna/Desktop/combine_test/task2_src/install/dis_tutorial7/share/dis_tutorial7//urdf/standard/tower_standoff.urdf.xacro
[0.130s] -- Up-to-date symlink: /home/sienna/Desktop/combine_test/task2_src/install/dis_tutorial7/share/dis_tutorial7//urdf/standard/turtlebot4.urdf.xacro
[0.130s] -- Up-to-date symlink: /home/sienna/Desktop/combine_test/task2_src/install/dis_tutorial7/share/dis_tutorial7//urdf/standard/weight_block.urdf.xacro
[0.130s] -- Up-to-date symlink: /home/sienna/Desktop/combine_test/task2_src/install/dis_tutorial7/share/dis_tutorial7//config/all_controls.yaml
[0.130s] -- Up-to-date symlink: /home/sienna/Desktop/combine_test/task2_src/install/dis_tutorial7/share/dis_tutorial7//config/all_controls_jtc.yaml
[0.130s] -- Up-to-date symlink: /home/sienna/Desktop/combine_test/task2_src/install/dis_tutorial7/share/dis_tutorial7//config/arm_controller_position.yaml
[0.130s] -- Up-to-date symlink: /home/sienna/Desktop/combine_test/task2_src/install/dis_tutorial7/share/dis_tutorial7//config/control.yaml
[0.131s] -- Up-to-date symlink: /home/sienna/Desktop/combine_test/task2_src/install/dis_tutorial7/lib/dis_tutorial7/arm_mover_actions.py
[0.131s] -- Up-to-date symlink: /home/sienna/Desktop/combine_test/task2_src/install/dis_tutorial7/share/ament_index/resource_index/package_run_dependencies/dis_tutorial7
[0.131s] -- Up-to-date symlink: /home/sienna/Desktop/combine_test/task2_src/install/dis_tutorial7/share/ament_index/resource_index/parent_prefix_path/dis_tutorial7
[0.131s] -- Up-to-date symlink: /home/sienna/Desktop/combine_test/task2_src/install/dis_tutorial7/share/dis_tutorial7/environment/ament_prefix_path.sh
[0.131s] -- Up-to-date symlink: /home/sienna/Desktop/combine_test/task2_src/install/dis_tutorial7/share/dis_tutorial7/environment/ament_prefix_path.dsv
[0.131s] -- Up-to-date symlink: /home/sienna/Desktop/combine_test/task2_src/install/dis_tutorial7/share/dis_tutorial7/environment/path.sh
[0.131s] -- Up-to-date symlink: /home/sienna/Desktop/combine_test/task2_src/install/dis_tutorial7/share/dis_tutorial7/environment/path.dsv
[0.132s] -- Up-to-date symlink: /home/sienna/Desktop/combine_test/task2_src/install/dis_tutorial7/share/dis_tutorial7/local_setup.bash
[0.132s] -- Up-to-date symlink: /home/sienna/Desktop/combine_test/task2_src/install/dis_tutorial7/share/dis_tutorial7/local_setup.sh
[0.132s] -- Up-to-date symlink: /home/sienna/Desktop/combine_test/task2_src/install/dis_tutorial7/share/dis_tutorial7/local_setup.zsh
[0.132s] -- Up-to-date symlink: /home/sienna/Desktop/combine_test/task2_src/install/dis_tutorial7/share/dis_tutorial7/local_setup.dsv
[0.132s] -- Symlinking: /home/sienna/Desktop/combine_test/task2_src/install/dis_tutorial7/share/dis_tutorial7/package.dsv
[0.140s] -- Up-to-date symlink: /home/sienna/Desktop/combine_test/task2_src/install/dis_tutorial7/share/ament_index/resource_index/packages/dis_tutorial7
[0.140s] -- Up-to-date symlink: /home/sienna/Desktop/combine_test/task2_src/install/dis_tutorial7/share/dis_tutorial7/cmake/dis_tutorial7Config.cmake
[0.140s] -- Up-to-date symlink: /home/sienna/Desktop/combine_test/task2_src/install/dis_tutorial7/share/dis_tutorial7/cmake/dis_tutorial7Config-version.cmake
[0.140s] -- Up-to-date symlink: /home/sienna/Desktop/combine_test/task2_src/install/dis_tutorial7/share/dis_tutorial7/package.xml
[0.142s] Invoked command in '/home/sienna/Desktop/combine_test/task2_src/build/dis_tutorial7' returned '0': CMAKE_PREFIX_PATH=${CMAKE_PREFIX_PATH}:/opt/ros/humble /usr/bin/cmake --install /home/sienna/Desktop/combine_test/task2_src/build/dis_tutorial7
