[0.049s] Invoking command in '/home/sienna/Desktop/combine_test/task2_src/build/dis_tutorial7': CMAKE_PREFIX_PATH=/opt/ros/humble /usr/bin/cmake /home/sienna/Desktop/combine_test/task2_src/dis_tutorial7-main -DAMENT_CMAKE_SYMLINK_INSTALL=1 -DCMAKE_INSTALL_PREFIX=/home/sienna/Desktop/combine_test/task2_src/install/dis_tutorial7
[0.130s] -- The C compiler identification is GNU 11.4.0
[0.203s] -- The CXX compiler identification is GNU 11.4.0
[0.211s] -- Detecting C compiler ABI info
[0.272s] -- Detecting C compiler ABI info - done
[0.278s] -- Check for working C compiler: /usr/bin/cc - skipped
[0.278s] -- Detecting C compile features
[0.279s] -- Detecting C compile features - done
[0.282s] -- Detecting CXX compiler ABI info
[0.350s] -- Detecting CXX compiler ABI info - done
[0.357s] -- Check for working CXX compiler: /usr/bin/c++ - skipped
[0.357s] -- Detecting CXX compile features
[0.357s] -- Detecting CXX compile features - done
[0.362s] -- Found ament_cmake: 1.3.8 (/opt/ros/humble/share/ament_cmake/cmake)
[0.499s] -- Found Python3: /usr/bin/python3 (found version "3.10.12") found components: Interpreter 
[0.560s] -- Override CMake install command with custom implementation using symlinks instead of copying resources
[0.590s] -- Found rclcpp: 16.0.8 (/opt/ros/humble/share/rclcpp/cmake)
[0.637s] -- Found rosidl_generator_c: 3.1.5 (/opt/ros/humble/share/rosidl_generator_c/cmake)
[0.642s] -- Found rosidl_adapter: 3.1.5 (/opt/ros/humble/share/rosidl_adapter/cmake)
[0.651s] -- Found rosidl_generator_cpp: 3.1.5 (/opt/ros/humble/share/rosidl_generator_cpp/cmake)
[0.666s] -- Using all available rosidl_typesupport_c: rosidl_typesupport_fastrtps_c;rosidl_typesupport_introspection_c
[0.688s] -- Using all available rosidl_typesupport_cpp: rosidl_typesupport_fastrtps_cpp;rosidl_typesupport_introspection_cpp
[0.754s] -- Found rmw_implementation_cmake: 6.1.1 (/opt/ros/humble/share/rmw_implementation_cmake/cmake)
[0.757s] -- Found rmw_fastrtps_cpp: 6.2.6 (/opt/ros/humble/share/rmw_fastrtps_cpp/cmake)
[0.850s] -- Found OpenSSL: /usr/lib/x86_64-linux-gnu/libcrypto.so (found version "3.0.2")  
[0.876s] -- Found FastRTPS: /opt/ros/humble/include  
[0.918s] -- Using RMW implementation 'rmw_fastrtps_cpp' as default
[0.929s] -- Looking for pthread.h
[1.001s] -- Looking for pthread.h - found
[1.001s] -- Performing Test CMAKE_HAVE_LIBC_PTHREAD
[1.063s] -- Performing Test CMAKE_HAVE_LIBC_PTHREAD - Success
[1.064s] -- Found Threads: TRUE  
[1.204s] -- Found rclpy: 3.3.12 (/opt/ros/humble/share/rclpy/cmake)
[1.206s] -- Found std_srvs: 4.2.3 (/opt/ros/humble/share/std_srvs/cmake)
[1.283s] -- Configuring done
[1.286s] -- Generating done
[1.287s] -- Build files have been written to: /home/sienna/Desktop/combine_test/task2_src/build/dis_tutorial7
[1.295s] Invoked command in '/home/sienna/Desktop/combine_test/task2_src/build/dis_tutorial7' returned '0': CMAKE_PREFIX_PATH=/opt/ros/humble /usr/bin/cmake /home/sienna/Desktop/combine_test/task2_src/dis_tutorial7-main -DAMENT_CMAKE_SYMLINK_INSTALL=1 -DCMAKE_INSTALL_PREFIX=/home/sienna/Desktop/combine_test/task2_src/install/dis_tutorial7
[1.297s] Invoking command in '/home/sienna/Desktop/combine_test/task2_src/build/dis_tutorial7': CMAKE_PREFIX_PATH=/opt/ros/humble /usr/bin/cmake --build /home/sienna/Desktop/combine_test/task2_src/build/dis_tutorial7 -- -j8 -l8
[1.331s] Invoked command in '/home/sienna/Desktop/combine_test/task2_src/build/dis_tutorial7' returned '0': CMAKE_PREFIX_PATH=/opt/ros/humble /usr/bin/cmake --build /home/sienna/Desktop/combine_test/task2_src/build/dis_tutorial7 -- -j8 -l8
[1.356s] Invoking command in '/home/sienna/Desktop/combine_test/task2_src/build/dis_tutorial7': CMAKE_PREFIX_PATH=/opt/ros/humble /usr/bin/cmake --install /home/sienna/Desktop/combine_test/task2_src/build/dis_tutorial7
[1.362s] -- Install configuration: ""
[1.363s] -- Execute custom install script
[1.363s] -- Symlinking: /home/sienna/Desktop/combine_test/task2_src/install/dis_tutorial7/share/dis_tutorial7//launch/control.py
[1.371s] -- Symlinking: /home/sienna/Desktop/combine_test/task2_src/install/dis_tutorial7/share/dis_tutorial7//launch/create3_ignition_nodes.launch.py
[1.379s] -- Symlinking: /home/sienna/Desktop/combine_test/task2_src/install/dis_tutorial7/share/dis_tutorial7//launch/create3_nodes.launch.py
[1.386s] -- Symlinking: /home/sienna/Desktop/combine_test/task2_src/install/dis_tutorial7/share/dis_tutorial7//launch/create3_ros_ignition_bridge.launch.py
[1.394s] -- Symlinking: /home/sienna/Desktop/combine_test/task2_src/install/dis_tutorial7/share/dis_tutorial7//launch/robot_description.launch.py
[1.402s] -- Symlinking: /home/sienna/Desktop/combine_test/task2_src/install/dis_tutorial7/share/dis_tutorial7//launch/ros_ign_bridge.launch.py
[1.409s] -- Symlinking: /home/sienna/Desktop/combine_test/task2_src/install/dis_tutorial7/share/dis_tutorial7//launch/sim_turtlebot_nav.launch.py
[1.417s] -- Symlinking: /home/sienna/Desktop/combine_test/task2_src/install/dis_tutorial7/share/dis_tutorial7//launch/turtlebot4_nodes.launch.py
[1.425s] -- Symlinking: /home/sienna/Desktop/combine_test/task2_src/install/dis_tutorial7/share/dis_tutorial7//launch/turtlebot4_spawn.launch.py
[1.432s] -- Symlinking: /home/sienna/Desktop/combine_test/task2_src/install/dis_tutorial7/share/dis_tutorial7//launch/view_robot.launch.py
[1.440s] -- Symlinking: /home/sienna/Desktop/combine_test/task2_src/install/dis_tutorial7/share/dis_tutorial7//meshes/camera_bracket.dae
[1.448s] -- Symlinking: /home/sienna/Desktop/combine_test/task2_src/install/dis_tutorial7/share/dis_tutorial7//meshes/oakd_lite.dae
[1.456s] -- Symlinking: /home/sienna/Desktop/combine_test/task2_src/install/dis_tutorial7/share/dis_tutorial7//meshes/oakd_pro.dae
[1.463s] -- Symlinking: /home/sienna/Desktop/combine_test/task2_src/install/dis_tutorial7/share/dis_tutorial7//meshes/rplidar.dae
[1.471s] -- Symlinking: /home/sienna/Desktop/combine_test/task2_src/install/dis_tutorial7/share/dis_tutorial7//meshes/shell.dae
[1.478s] -- Symlinking: /home/sienna/Desktop/combine_test/task2_src/install/dis_tutorial7/share/dis_tutorial7//meshes/shell_collision.dae
[1.486s] -- Symlinking: /home/sienna/Desktop/combine_test/task2_src/install/dis_tutorial7/share/dis_tutorial7//meshes/top_camera_pro.dae
[1.494s] -- Symlinking: /home/sienna/Desktop/combine_test/task2_src/install/dis_tutorial7/share/dis_tutorial7//meshes/tower.dae
[1.502s] -- Symlinking: /home/sienna/Desktop/combine_test/task2_src/install/dis_tutorial7/share/dis_tutorial7//meshes/tower_sensor_plate.dae
[1.510s] -- Symlinking: /home/sienna/Desktop/combine_test/task2_src/install/dis_tutorial7/share/dis_tutorial7//meshes/tower_standoff.dae
[1.518s] -- Symlinking: /home/sienna/Desktop/combine_test/task2_src/install/dis_tutorial7/share/dis_tutorial7//meshes/weight_block.dae
[1.526s] -- Symlinking: /home/sienna/Desktop/combine_test/task2_src/install/dis_tutorial7/share/dis_tutorial7//urdf/arm/arm.urdf.xacro
[1.533s] -- Symlinking: /home/sienna/Desktop/combine_test/task2_src/install/dis_tutorial7/share/dis_tutorial7//urdf/create/create3.urdf.xacro
[1.541s] -- Symlinking: /home/sienna/Desktop/combine_test/task2_src/install/dis_tutorial7/share/dis_tutorial7//urdf/lite/turtlebot4.urdf.xacro
[1.549s] -- Symlinking: /home/sienna/Desktop/combine_test/task2_src/install/dis_tutorial7/share/dis_tutorial7//urdf/sensors/camera_bracket.urdf.xacro
[1.557s] -- Symlinking: /home/sienna/Desktop/combine_test/task2_src/install/dis_tutorial7/share/dis_tutorial7//urdf/sensors/oakd.urdf.xacro
[1.564s] -- Symlinking: /home/sienna/Desktop/combine_test/task2_src/install/dis_tutorial7/share/dis_tutorial7//urdf/sensors/rplidar.urdf.xacro
[1.572s] -- Symlinking: /home/sienna/Desktop/combine_test/task2_src/install/dis_tutorial7/share/dis_tutorial7//urdf/standard/tower_sensor_plate.urdf.xacro
[1.579s] -- Symlinking: /home/sienna/Desktop/combine_test/task2_src/install/dis_tutorial7/share/dis_tutorial7//urdf/standard/tower_standoff.urdf.xacro
[1.587s] -- Symlinking: /home/sienna/Desktop/combine_test/task2_src/install/dis_tutorial7/share/dis_tutorial7//urdf/standard/turtlebot4.urdf.xacro
[1.594s] -- Symlinking: /home/sienna/Desktop/combine_test/task2_src/install/dis_tutorial7/share/dis_tutorial7//urdf/standard/weight_block.urdf.xacro
[1.602s] -- Symlinking: /home/sienna/Desktop/combine_test/task2_src/install/dis_tutorial7/share/dis_tutorial7//config/all_controls.yaml
[1.610s] -- Symlinking: /home/sienna/Desktop/combine_test/task2_src/install/dis_tutorial7/share/dis_tutorial7//config/all_controls_jtc.yaml
[1.617s] -- Symlinking: /home/sienna/Desktop/combine_test/task2_src/install/dis_tutorial7/share/dis_tutorial7//config/arm_controller_position.yaml
[1.625s] -- Symlinking: /home/sienna/Desktop/combine_test/task2_src/install/dis_tutorial7/share/dis_tutorial7//config/control.yaml
[1.633s] -- Symlinking: /home/sienna/Desktop/combine_test/task2_src/install/dis_tutorial7/lib/dis_tutorial7/arm_mover_actions.py
[1.641s] -- Symlinking: /home/sienna/Desktop/combine_test/task2_src/install/dis_tutorial7/share/ament_index/resource_index/package_run_dependencies/dis_tutorial7
[1.649s] -- Symlinking: /home/sienna/Desktop/combine_test/task2_src/install/dis_tutorial7/share/ament_index/resource_index/parent_prefix_path/dis_tutorial7
[1.657s] -- Symlinking: /home/sienna/Desktop/combine_test/task2_src/install/dis_tutorial7/share/dis_tutorial7/environment/ament_prefix_path.sh
[1.665s] -- Symlinking: /home/sienna/Desktop/combine_test/task2_src/install/dis_tutorial7/share/dis_tutorial7/environment/ament_prefix_path.dsv
[1.672s] -- Symlinking: /home/sienna/Desktop/combine_test/task2_src/install/dis_tutorial7/share/dis_tutorial7/environment/path.sh
[1.680s] -- Symlinking: /home/sienna/Desktop/combine_test/task2_src/install/dis_tutorial7/share/dis_tutorial7/environment/path.dsv
[1.688s] -- Symlinking: /home/sienna/Desktop/combine_test/task2_src/install/dis_tutorial7/share/dis_tutorial7/local_setup.bash
[1.695s] -- Symlinking: /home/sienna/Desktop/combine_test/task2_src/install/dis_tutorial7/share/dis_tutorial7/local_setup.sh
[1.703s] -- Symlinking: /home/sienna/Desktop/combine_test/task2_src/install/dis_tutorial7/share/dis_tutorial7/local_setup.zsh
[1.711s] -- Symlinking: /home/sienna/Desktop/combine_test/task2_src/install/dis_tutorial7/share/dis_tutorial7/local_setup.dsv
[1.719s] -- Symlinking: /home/sienna/Desktop/combine_test/task2_src/install/dis_tutorial7/share/dis_tutorial7/package.dsv
[1.727s] -- Symlinking: /home/sienna/Desktop/combine_test/task2_src/install/dis_tutorial7/share/ament_index/resource_index/packages/dis_tutorial7
[1.735s] -- Symlinking: /home/sienna/Desktop/combine_test/task2_src/install/dis_tutorial7/share/dis_tutorial7/cmake/dis_tutorial7Config.cmake
[1.743s] -- Symlinking: /home/sienna/Desktop/combine_test/task2_src/install/dis_tutorial7/share/dis_tutorial7/cmake/dis_tutorial7Config-version.cmake
[1.751s] -- Symlinking: /home/sienna/Desktop/combine_test/task2_src/install/dis_tutorial7/share/dis_tutorial7/package.xml
[1.761s] Invoked command in '/home/sienna/Desktop/combine_test/task2_src/build/dis_tutorial7' returned '0': CMAKE_PREFIX_PATH=/opt/ros/humble /usr/bin/cmake --install /home/sienna/Desktop/combine_test/task2_src/build/dis_tutorial7
