[ 50%] Built target pcl_forwarder
[ 66%] Built target planes
[100%] Built target cylinder_segmentation
-- Install configuration: ""
-- Execute custom install script
-- Up-to-date symlink: /home/upsilon/Desktop/fresh/install/dis_tutorial3/lib/dis_tutorial3/pcl_forwarder
-- Up-to-date symlink: /home/upsilon/Desktop/fresh/install/dis_tutorial3/lib/dis_tutorial3/planes
-- Up-to-date symlink: /home/upsilon/Desktop/fresh/install/dis_tutorial3/lib/dis_tutorial3/cylinder_segmentation
-- Up-to-date symlink: /home/upsilon/Desktop/fresh/install/dis_tutorial3/share/dis_tutorial3//launch/dis_sim.launch.py
-- Up-to-date symlink: /home/upsilon/Desktop/fresh/install/dis_tutorial3/share/dis_tutorial3//launch/ignition.launch.py
-- Up-to-date symlink: /home/upsilon/Desktop/fresh/install/dis_tutorial3/share/dis_tutorial3//launch/localization.launch.py
-- Up-to-date symlink: /home/upsilon/Desktop/fresh/install/dis_tutorial3/share/dis_tutorial3//launch/nav2.launch.py
-- Up-to-date symlink: /home/upsilon/Desktop/fresh/install/dis_tutorial3/share/dis_tutorial3//launch/sim_turtlebot_nav.launch.py
-- Up-to-date symlink: /home/upsilon/Desktop/fresh/install/dis_tutorial3/share/dis_tutorial3//launch/sim_turtlebot_slam.launch.py
-- Up-to-date symlink: /home/upsilon/Desktop/fresh/install/dis_tutorial3/share/dis_tutorial3//launch/slam.launch.py
-- Up-to-date symlink: /home/upsilon/Desktop/fresh/install/dis_tutorial3/share/dis_tutorial3//launch/turtlebot4_spawn.launch.py
-- Up-to-date symlink: /home/upsilon/Desktop/fresh/install/dis_tutorial3/share/dis_tutorial3//launch/turtlebot4_spawn_nav.launch.py
-- Up-to-date symlink: /home/upsilon/Desktop/fresh/install/dis_tutorial3/share/dis_tutorial3//config/laser_filter_chain.yaml
-- Up-to-date symlink: /home/upsilon/Desktop/fresh/install/dis_tutorial3/share/dis_tutorial3//config/localization.yaml
-- Up-to-date symlink: /home/upsilon/Desktop/fresh/install/dis_tutorial3/share/dis_tutorial3//config/nav2.yaml
-- Up-to-date symlink: /home/upsilon/Desktop/fresh/install/dis_tutorial3/share/dis_tutorial3//config/slam.yaml
-- Up-to-date symlink: /home/upsilon/Desktop/fresh/install/dis_tutorial3/share/dis_tutorial3//worlds/dis.sdf
-- Up-to-date symlink: /home/upsilon/Desktop/fresh/install/dis_tutorial3/share/dis_tutorial3//worlds/meshes/cylinders.jpg
-- Up-to-date symlink: /home/upsilon/Desktop/fresh/install/dis_tutorial3/share/dis_tutorial3//worlds/meshes/davinci.jpg
-- Up-to-date symlink: /home/upsilon/Desktop/fresh/install/dis_tutorial3/share/dis_tutorial3//worlds/meshes/fakering1.jpg
-- Up-to-date symlink: /home/upsilon/Desktop/fresh/install/dis_tutorial3/share/dis_tutorial3//worlds/meshes/fakering2.jpg
-- Up-to-date symlink: /home/upsilon/Desktop/fresh/install/dis_tutorial3/share/dis_tutorial3//worlds/meshes/fakering3.jpg
-- Up-to-date symlink: /home/upsilon/Desktop/fresh/install/dis_tutorial3/share/dis_tutorial3//worlds/meshes/ground.jpg
-- Up-to-date symlink: /home/upsilon/Desktop/fresh/install/dis_tutorial3/share/dis_tutorial3//worlds/meshes/map.dae
-- Up-to-date symlink: /home/upsilon/Desktop/fresh/install/dis_tutorial3/share/dis_tutorial3//worlds/meshes/map_colliders.dae
-- Up-to-date symlink: /home/upsilon/Desktop/fresh/install/dis_tutorial3/share/dis_tutorial3//worlds/meshes/mona1.jpg
-- Up-to-date symlink: /home/upsilon/Desktop/fresh/install/dis_tutorial3/share/dis_tutorial3//worlds/meshes/objects.jpg
-- Up-to-date symlink: /home/upsilon/Desktop/fresh/install/dis_tutorial3/share/dis_tutorial3//worlds/meshes/parking_space.jpg
-- Up-to-date symlink: /home/upsilon/Desktop/fresh/install/dis_tutorial3/share/dis_tutorial3//worlds/meshes/person1.jpg
-- Up-to-date symlink: /home/upsilon/Desktop/fresh/install/dis_tutorial3/share/dis_tutorial3//worlds/meshes/person2.jpg
-- Up-to-date symlink: /home/upsilon/Desktop/fresh/install/dis_tutorial3/share/dis_tutorial3//worlds/meshes/person3.jpg
-- Up-to-date symlink: /home/upsilon/Desktop/fresh/install/dis_tutorial3/share/dis_tutorial3//worlds/meshes/person4.jpg
-- Up-to-date symlink: /home/upsilon/Desktop/fresh/install/dis_tutorial3/share/dis_tutorial3//worlds/meshes/person5.jpg
-- Up-to-date symlink: /home/upsilon/Desktop/fresh/install/dis_tutorial3/share/dis_tutorial3//worlds/meshes/qr1.jpg
-- Up-to-date symlink: /home/upsilon/Desktop/fresh/install/dis_tutorial3/share/dis_tutorial3//worlds/meshes/qr2.jpg
-- Up-to-date symlink: /home/upsilon/Desktop/fresh/install/dis_tutorial3/share/dis_tutorial3//worlds/meshes/wood.jpg
-- Up-to-date symlink: /home/upsilon/Desktop/fresh/install/dis_tutorial3/share/dis_tutorial3//worlds/task2_exam.sdf
-- Up-to-date symlink: /home/upsilon/Desktop/fresh/install/dis_tutorial3/share/dis_tutorial3//worlds/task2_exam_meshes/cylinders.jpg
-- Up-to-date symlink: /home/upsilon/Desktop/fresh/install/dis_tutorial3/share/dis_tutorial3//worlds/task2_exam_meshes/fakering1.jpg
-- Up-to-date symlink: /home/upsilon/Desktop/fresh/install/dis_tutorial3/share/dis_tutorial3//worlds/task2_exam_meshes/fakering2.jpg
-- Up-to-date symlink: /home/upsilon/Desktop/fresh/install/dis_tutorial3/share/dis_tutorial3//worlds/task2_exam_meshes/fakering3.jpg
-- Up-to-date symlink: /home/upsilon/Desktop/fresh/install/dis_tutorial3/share/dis_tutorial3//worlds/task2_exam_meshes/ground.jpg
-- Up-to-date symlink: /home/upsilon/Desktop/fresh/install/dis_tutorial3/share/dis_tutorial3//worlds/task2_exam_meshes/map.dae
-- Up-to-date symlink: /home/upsilon/Desktop/fresh/install/dis_tutorial3/share/dis_tutorial3//worlds/task2_exam_meshes/map_colliders.dae
-- Up-to-date symlink: /home/upsilon/Desktop/fresh/install/dis_tutorial3/share/dis_tutorial3//worlds/task2_exam_meshes/objects.jpg
-- Up-to-date symlink: /home/upsilon/Desktop/fresh/install/dis_tutorial3/share/dis_tutorial3//worlds/task2_exam_meshes/parking_space.jpg
-- Up-to-date symlink: /home/upsilon/Desktop/fresh/install/dis_tutorial3/share/dis_tutorial3//maps/.pgm
-- Up-to-date symlink: /home/upsilon/Desktop/fresh/install/dis_tutorial3/share/dis_tutorial3//maps/.yaml
-- Up-to-date symlink: /home/upsilon/Desktop/fresh/install/dis_tutorial3/share/dis_tutorial3//maps/map.pgm
-- Up-to-date symlink: /home/upsilon/Desktop/fresh/install/dis_tutorial3/share/dis_tutorial3//maps/map.yaml
-- Up-to-date symlink: /home/upsilon/Desktop/fresh/install/dis_tutorial3/share/dis_tutorial3//maps/upsilon.pgm
-- Up-to-date symlink: /home/upsilon/Desktop/fresh/install/dis_tutorial3/share/dis_tutorial3//maps/upsilon.yaml
-- Up-to-date symlink: /home/upsilon/Desktop/fresh/install/dis_tutorial3/lib/dis_tutorial3/detect_people.py
-- Up-to-date symlink: /home/upsilon/Desktop/fresh/install/dis_tutorial3/lib/dis_tutorial3/robot_commander.py
-- Up-to-date symlink: /home/upsilon/Desktop/fresh/install/dis_tutorial3/lib/dis_tutorial3/detect_rings.py
-- Up-to-date symlink: /home/upsilon/Desktop/fresh/install/dis_tutorial3/lib/dis_tutorial3/detect_parking.py
-- Up-to-date symlink: /home/upsilon/Desktop/fresh/install/dis_tutorial3/share/ament_index/resource_index/package_run_dependencies/dis_tutorial3
-- Up-to-date symlink: /home/upsilon/Desktop/fresh/install/dis_tutorial3/share/ament_index/resource_index/parent_prefix_path/dis_tutorial3
-- Up-to-date symlink: /home/upsilon/Desktop/fresh/install/dis_tutorial3/share/dis_tutorial3/environment/ament_prefix_path.sh
-- Up-to-date symlink: /home/upsilon/Desktop/fresh/install/dis_tutorial3/share/dis_tutorial3/environment/ament_prefix_path.dsv
-- Up-to-date symlink: /home/upsilon/Desktop/fresh/install/dis_tutorial3/share/dis_tutorial3/environment/path.sh
-- Up-to-date symlink: /home/upsilon/Desktop/fresh/install/dis_tutorial3/share/dis_tutorial3/environment/path.dsv
-- Up-to-date symlink: /home/upsilon/Desktop/fresh/install/dis_tutorial3/share/dis_tutorial3/local_setup.bash
-- Up-to-date symlink: /home/upsilon/Desktop/fresh/install/dis_tutorial3/share/dis_tutorial3/local_setup.sh
-- Up-to-date symlink: /home/upsilon/Desktop/fresh/install/dis_tutorial3/share/dis_tutorial3/local_setup.zsh
-- Up-to-date symlink: /home/upsilon/Desktop/fresh/install/dis_tutorial3/share/dis_tutorial3/local_setup.dsv
-- Symlinking: /home/upsilon/Desktop/fresh/install/dis_tutorial3/share/dis_tutorial3/package.dsv
-- Up-to-date symlink: /home/upsilon/Desktop/fresh/install/dis_tutorial3/share/ament_index/resource_index/packages/dis_tutorial3
-- Up-to-date symlink: /home/upsilon/Desktop/fresh/install/dis_tutorial3/share/dis_tutorial3/cmake/dis_tutorial3Config.cmake
-- Up-to-date symlink: /home/upsilon/Desktop/fresh/install/dis_tutorial3/share/dis_tutorial3/cmake/dis_tutorial3Config-version.cmake
-- Up-to-date symlink: /home/upsilon/Desktop/fresh/install/dis_tutorial3/share/dis_tutorial3/package.xml
