[0.791s] DEBUG:colcon:Command line arguments: ['/usr/bin/colcon', 'build', '--symlink-install']
[0.791s] DEBUG:colcon:Parsed command line arguments: Namespace(log_base=None, log_level=None, verb_name='build', build_base='build', install_base='install', merge_install=False, symlink_install=True, test_result_base=None, continue_on_error=False, executor='parallel', parallel_workers=8, event_handlers=None, ignore_user_meta=False, metas=['./colcon.meta'], base_paths=['.'], packages_ignore=None, packages_ignore_regex=None, paths=None, packages_up_to=None, packages_up_to_regex=None, packages_above=None, packages_above_and_dependencies=None, packages_above_depth=None, packages_select_by_dep=None, packages_skip_by_dep=None, packages_skip_up_to=None, packages_select_build_failed=False, packages_skip_build_finished=False, packages_select_test_failures=False, packages_skip_test_passed=False, packages_select=None, packages_skip=None, packages_select_regex=None, packages_skip_regex=None, packages_start=None, packages_end=None, allow_overriding=[], cmake_args=None, cmake_target=None, cmake_target_skip_unavailable=False, cmake_clean_cache=False, cmake_clean_first=False, cmake_force_configure=False, ament_cmake_args=None, catkin_cmake_args=None, catkin_skip_building_tests=False, verb_parser=<colcon_defaults.argument_parser.defaults.DefaultArgumentsDecorator object at 0x79d05ba8dbd0>, verb_extension=<colcon_core.verb.build.BuildVerb object at 0x79d05ba8e3b0>, main=<bound method BuildVerb.main of <colcon_core.verb.build.BuildVerb object at 0x79d05ba8e3b0>>)
[0.828s] Level 1:colcon.colcon_core.package_discovery:discover_packages(colcon_meta) check parameters
[0.828s] Level 1:colcon.colcon_core.package_discovery:discover_packages(recursive) check parameters
[0.828s] Level 1:colcon.colcon_core.package_discovery:discover_packages(ignore) check parameters
[0.829s] Level 1:colcon.colcon_core.package_discovery:discover_packages(path) check parameters
[0.829s] Level 1:colcon.colcon_core.package_discovery:discover_packages(colcon_meta) discover
[0.829s] Level 1:colcon.colcon_core.package_discovery:discover_packages(recursive) discover
[0.829s] INFO:colcon.colcon_core.package_discovery:Crawling recursively for packages in '/home/sienna/Desktop/combine_test/task2_src'
[0.829s] Level 1:colcon.colcon_core.package_identification:_identify(.) by extensions ['ignore', 'ignore_ament_install']
[0.829s] Level 1:colcon.colcon_core.package_identification:_identify(.) by extension 'ignore'
[0.829s] Level 1:colcon.colcon_core.package_identification:_identify(.) by extension 'ignore_ament_install'
[0.829s] Level 1:colcon.colcon_core.package_identification:_identify(.) by extensions ['colcon_pkg']
[0.829s] Level 1:colcon.colcon_core.package_identification:_identify(.) by extension 'colcon_pkg'
[0.829s] Level 1:colcon.colcon_core.package_identification:_identify(.) by extensions ['colcon_meta']
[0.829s] Level 1:colcon.colcon_core.package_identification:_identify(.) by extension 'colcon_meta'
[0.829s] Level 1:colcon.colcon_core.package_identification:_identify(.) by extensions ['ros']
[0.829s] Level 1:colcon.colcon_core.package_identification:_identify(.) by extension 'ros'
[0.837s] Level 1:colcon.colcon_core.package_identification:_identify(.) by extensions ['cmake', 'python']
[0.837s] Level 1:colcon.colcon_core.package_identification:_identify(.) by extension 'cmake'
[0.837s] Level 1:colcon.colcon_core.package_identification:_identify(.) by extension 'python'
[0.838s] Level 1:colcon.colcon_core.package_identification:_identify(.) by extensions ['python_setup_py']
[0.838s] Level 1:colcon.colcon_core.package_identification:_identify(.) by extension 'python_setup_py'
[0.838s] Level 1:colcon.colcon_core.package_identification:_identify(RInS_Teamproject-task2) by extensions ['ignore', 'ignore_ament_install']
[0.838s] Level 1:colcon.colcon_core.package_identification:_identify(RInS_Teamproject-task2) by extension 'ignore'
[0.838s] Level 1:colcon.colcon_core.package_identification:_identify(RInS_Teamproject-task2) by extension 'ignore_ament_install'
[0.838s] Level 1:colcon.colcon_core.package_identification:_identify(RInS_Teamproject-task2) by extensions ['colcon_pkg']
[0.838s] Level 1:colcon.colcon_core.package_identification:_identify(RInS_Teamproject-task2) by extension 'colcon_pkg'
[0.838s] Level 1:colcon.colcon_core.package_identification:_identify(RInS_Teamproject-task2) by extensions ['colcon_meta']
[0.838s] Level 1:colcon.colcon_core.package_identification:_identify(RInS_Teamproject-task2) by extension 'colcon_meta'
[0.838s] Level 1:colcon.colcon_core.package_identification:_identify(RInS_Teamproject-task2) by extensions ['ros']
[0.838s] Level 1:colcon.colcon_core.package_identification:_identify(RInS_Teamproject-task2) by extension 'ros'
[0.838s] Level 1:colcon.colcon_core.package_identification:_identify(RInS_Teamproject-task2) by extensions ['cmake', 'python']
[0.838s] Level 1:colcon.colcon_core.package_identification:_identify(RInS_Teamproject-task2) by extension 'cmake'
[0.838s] Level 1:colcon.colcon_core.package_identification:_identify(RInS_Teamproject-task2) by extension 'python'
[0.838s] Level 1:colcon.colcon_core.package_identification:_identify(RInS_Teamproject-task2) by extensions ['python_setup_py']
[0.838s] Level 1:colcon.colcon_core.package_identification:_identify(RInS_Teamproject-task2) by extension 'python_setup_py'
[0.838s] Level 1:colcon.colcon_core.package_identification:_identify(RInS_Teamproject-task2/dis_tutorial3-main) by extensions ['ignore', 'ignore_ament_install']
[0.838s] Level 1:colcon.colcon_core.package_identification:_identify(RInS_Teamproject-task2/dis_tutorial3-main) by extension 'ignore'
[0.838s] Level 1:colcon.colcon_core.package_identification:_identify(RInS_Teamproject-task2/dis_tutorial3-main) by extension 'ignore_ament_install'
[0.838s] Level 1:colcon.colcon_core.package_identification:_identify(RInS_Teamproject-task2/dis_tutorial3-main) by extensions ['colcon_pkg']
[0.838s] Level 1:colcon.colcon_core.package_identification:_identify(RInS_Teamproject-task2/dis_tutorial3-main) by extension 'colcon_pkg'
[0.838s] Level 1:colcon.colcon_core.package_identification:_identify(RInS_Teamproject-task2/dis_tutorial3-main) by extensions ['colcon_meta']
[0.838s] Level 1:colcon.colcon_core.package_identification:_identify(RInS_Teamproject-task2/dis_tutorial3-main) by extension 'colcon_meta'
[0.838s] Level 1:colcon.colcon_core.package_identification:_identify(RInS_Teamproject-task2/dis_tutorial3-main) by extensions ['ros']
[0.839s] Level 1:colcon.colcon_core.package_identification:_identify(RInS_Teamproject-task2/dis_tutorial3-main) by extension 'ros'
[0.841s] DEBUG:colcon.colcon_core.package_identification:Package 'RInS_Teamproject-task2/dis_tutorial3-main' with type 'ros.ament_cmake' and name 'dis_tutorial3'
[0.841s] Level 1:colcon.colcon_core.package_identification:_identify(build) by extensions ['ignore', 'ignore_ament_install']
[0.841s] Level 1:colcon.colcon_core.package_identification:_identify(build) by extension 'ignore'
[0.841s] Level 1:colcon.colcon_core.package_identification:_identify(build) ignored
[0.841s] Level 1:colcon.colcon_core.package_identification:_identify(dis_tutorial7-main) by extensions ['ignore', 'ignore_ament_install']
[0.841s] Level 1:colcon.colcon_core.package_identification:_identify(dis_tutorial7-main) by extension 'ignore'
[0.841s] Level 1:colcon.colcon_core.package_identification:_identify(dis_tutorial7-main) by extension 'ignore_ament_install'
[0.841s] Level 1:colcon.colcon_core.package_identification:_identify(dis_tutorial7-main) by extensions ['colcon_pkg']
[0.841s] Level 1:colcon.colcon_core.package_identification:_identify(dis_tutorial7-main) by extension 'colcon_pkg'
[0.841s] Level 1:colcon.colcon_core.package_identification:_identify(dis_tutorial7-main) by extensions ['colcon_meta']
[0.842s] Level 1:colcon.colcon_core.package_identification:_identify(dis_tutorial7-main) by extension 'colcon_meta'
[0.842s] Level 1:colcon.colcon_core.package_identification:_identify(dis_tutorial7-main) by extensions ['ros']
[0.842s] Level 1:colcon.colcon_core.package_identification:_identify(dis_tutorial7-main) by extension 'ros'
[0.842s] DEBUG:colcon.colcon_core.package_identification:Package 'dis_tutorial7-main' with type 'ros.ament_cmake' and name 'dis_tutorial7'
[0.842s] Level 1:colcon.colcon_core.package_identification:_identify(install) by extensions ['ignore', 'ignore_ament_install']
[0.842s] Level 1:colcon.colcon_core.package_identification:_identify(install) by extension 'ignore'
[0.843s] Level 1:colcon.colcon_core.package_identification:_identify(install) ignored
[0.843s] Level 1:colcon.colcon_core.package_identification:_identify(log) by extensions ['ignore', 'ignore_ament_install']
[0.843s] Level 1:colcon.colcon_core.package_identification:_identify(log) by extension 'ignore'
[0.843s] Level 1:colcon.colcon_core.package_identification:_identify(log) ignored
[0.843s] Level 1:colcon.colcon_core.package_discovery:discover_packages(recursive) using defaults
[0.843s] Level 1:colcon.colcon_core.package_discovery:discover_packages(ignore) discover
[0.843s] Level 1:colcon.colcon_core.package_discovery:discover_packages(ignore) using defaults
[0.843s] Level 1:colcon.colcon_core.package_discovery:discover_packages(path) discover
[0.843s] Level 1:colcon.colcon_core.package_discovery:discover_packages(path) using defaults
[0.916s] Level 1:colcon.colcon_core.package_discovery:discover_packages(prefix_path) check parameters
[0.916s] Level 1:colcon.colcon_core.package_discovery:discover_packages(prefix_path) discover
[0.939s] DEBUG:colcon.colcon_installed_package_information.package_discovery:Found 2 installed packages in /home/sienna/Desktop/combine_test/task2_src/install
[0.952s] DEBUG:colcon.colcon_installed_package_information.package_discovery:Found 385 installed packages in /opt/ros/humble
[0.953s] Level 1:colcon.colcon_core.package_discovery:discover_packages(prefix_path) using defaults
[1.042s] Level 5:colcon.colcon_core.verb:set package 'dis_tutorial3' build argument 'cmake_args' from command line to 'None'
[1.043s] Level 5:colcon.colcon_core.verb:set package 'dis_tutorial3' build argument 'cmake_target' from command line to 'None'
[1.043s] Level 5:colcon.colcon_core.verb:set package 'dis_tutorial3' build argument 'cmake_target_skip_unavailable' from command line to 'False'
[1.043s] Level 5:colcon.colcon_core.verb:set package 'dis_tutorial3' build argument 'cmake_clean_cache' from command line to 'False'
[1.043s] Level 5:colcon.colcon_core.verb:set package 'dis_tutorial3' build argument 'cmake_clean_first' from command line to 'False'
[1.043s] Level 5:colcon.colcon_core.verb:set package 'dis_tutorial3' build argument 'cmake_force_configure' from command line to 'False'
[1.043s] Level 5:colcon.colcon_core.verb:set package 'dis_tutorial3' build argument 'ament_cmake_args' from command line to 'None'
[1.043s] Level 5:colcon.colcon_core.verb:set package 'dis_tutorial3' build argument 'catkin_cmake_args' from command line to 'None'
[1.043s] Level 5:colcon.colcon_core.verb:set package 'dis_tutorial3' build argument 'catkin_skip_building_tests' from command line to 'False'
[1.043s] DEBUG:colcon.colcon_core.verb:Building package 'dis_tutorial3' with the following arguments: {'ament_cmake_args': None, 'build_base': '/home/sienna/Desktop/combine_test/task2_src/build/dis_tutorial3', 'catkin_cmake_args': None, 'catkin_skip_building_tests': False, 'cmake_args': None, 'cmake_clean_cache': False, 'cmake_clean_first': False, 'cmake_force_configure': False, 'cmake_target': None, 'cmake_target_skip_unavailable': False, 'install_base': '/home/sienna/Desktop/combine_test/task2_src/install/dis_tutorial3', 'merge_install': False, 'path': '/home/sienna/Desktop/combine_test/task2_src/RInS_Teamproject-task2/dis_tutorial3-main', 'symlink_install': True, 'test_result_base': None}
[1.054s] Level 5:colcon.colcon_core.verb:set package 'dis_tutorial7' build argument 'cmake_args' from command line to 'None'
[1.055s] Level 5:colcon.colcon_core.verb:set package 'dis_tutorial7' build argument 'cmake_target' from command line to 'None'
[1.055s] Level 5:colcon.colcon_core.verb:set package 'dis_tutorial7' build argument 'cmake_target_skip_unavailable' from command line to 'False'
[1.055s] Level 5:colcon.colcon_core.verb:set package 'dis_tutorial7' build argument 'cmake_clean_cache' from command line to 'False'
[1.055s] Level 5:colcon.colcon_core.verb:set package 'dis_tutorial7' build argument 'cmake_clean_first' from command line to 'False'
[1.055s] Level 5:colcon.colcon_core.verb:set package 'dis_tutorial7' build argument 'cmake_force_configure' from command line to 'False'
[1.055s] Level 5:colcon.colcon_core.verb:set package 'dis_tutorial7' build argument 'ament_cmake_args' from command line to 'None'
[1.055s] Level 5:colcon.colcon_core.verb:set package 'dis_tutorial7' build argument 'catkin_cmake_args' from command line to 'None'
[1.055s] Level 5:colcon.colcon_core.verb:set package 'dis_tutorial7' build argument 'catkin_skip_building_tests' from command line to 'False'
[1.055s] DEBUG:colcon.colcon_core.verb:Building package 'dis_tutorial7' with the following arguments: {'ament_cmake_args': None, 'build_base': '/home/sienna/Desktop/combine_test/task2_src/build/dis_tutorial7', 'catkin_cmake_args': None, 'catkin_skip_building_tests': False, 'cmake_args': None, 'cmake_clean_cache': False, 'cmake_clean_first': False, 'cmake_force_configure': False, 'cmake_target': None, 'cmake_target_skip_unavailable': False, 'install_base': '/home/sienna/Desktop/combine_test/task2_src/install/dis_tutorial7', 'merge_install': False, 'path': '/home/sienna/Desktop/combine_test/task2_src/dis_tutorial7-main', 'symlink_install': True, 'test_result_base': None}
[1.066s] INFO:colcon.colcon_core.executor:Executing jobs using 'parallel' executor
[1.078s] DEBUG:colcon.colcon_parallel_executor.executor.parallel:run_until_complete
[1.078s] INFO:colcon.colcon_ros.task.ament_cmake.build:Building ROS package in '/home/sienna/Desktop/combine_test/task2_src/RInS_Teamproject-task2/dis_tutorial3-main' with build type 'ament_cmake'
[1.078s] INFO:colcon.colcon_cmake.task.cmake.build:Building CMake package in '/home/sienna/Desktop/combine_test/task2_src/RInS_Teamproject-task2/dis_tutorial3-main'
[1.092s] INFO:colcon.colcon_core.plugin_system:Skipping extension 'colcon_core.shell.bat': Not used on non-Windows systems
[1.093s] INFO:colcon.colcon_core.shell:Skip shell extension 'powershell' for command environment: Not usable outside of PowerShell
[1.093s] DEBUG:colcon.colcon_core.shell:Skip shell extension 'dsv' for command environment
[1.131s] INFO:colcon.colcon_ros.task.ament_cmake.build:Building ROS package in '/home/sienna/Desktop/combine_test/task2_src/dis_tutorial7-main' with build type 'ament_cmake'
[1.131s] INFO:colcon.colcon_cmake.task.cmake.build:Building CMake package in '/home/sienna/Desktop/combine_test/task2_src/dis_tutorial7-main'
[1.145s] INFO:colcon.colcon_core.shell:Skip shell extension 'powershell' for command environment: Not usable outside of PowerShell
[1.145s] DEBUG:colcon.colcon_core.shell:Skip shell extension 'dsv' for command environment
[1.188s] DEBUG:colcon.colcon_core.event_handler.log_command:Invoking command in '/home/sienna/Desktop/combine_test/task2_src/build/dis_tutorial3': CMAKE_PREFIX_PATH=${CMAKE_PREFIX_PATH}:/opt/ros/humble /usr/bin/cmake --build /home/sienna/Desktop/combine_test/task2_src/build/dis_tutorial3 -- -j8 -l8
[1.192s] DEBUG:colcon.colcon_core.event_handler.log_command:Invoking command in '/home/sienna/Desktop/combine_test/task2_src/build/dis_tutorial7': CMAKE_PREFIX_PATH=${CMAKE_PREFIX_PATH}:/opt/ros/humble /usr/bin/cmake --build /home/sienna/Desktop/combine_test/task2_src/build/dis_tutorial7 -- -j8 -l8
[1.222s] DEBUG:colcon.colcon_core.event_handler.log_command:Invoked command in '/home/sienna/Desktop/combine_test/task2_src/build/dis_tutorial7' returned '0': CMAKE_PREFIX_PATH=${CMAKE_PREFIX_PATH}:/opt/ros/humble /usr/bin/cmake --build /home/sienna/Desktop/combine_test/task2_src/build/dis_tutorial7 -- -j8 -l8
[1.247s] DEBUG:colcon.colcon_core.event_handler.log_command:Invoking command in '/home/sienna/Desktop/combine_test/task2_src/build/dis_tutorial7': CMAKE_PREFIX_PATH=${CMAKE_PREFIX_PATH}:/opt/ros/humble /usr/bin/cmake --install /home/sienna/Desktop/combine_test/task2_src/build/dis_tutorial7
[1.253s] DEBUG:colcon.colcon_core.event_handler.log_command:Invoked command in '/home/sienna/Desktop/combine_test/task2_src/build/dis_tutorial3' returned '0': CMAKE_PREFIX_PATH=${CMAKE_PREFIX_PATH}:/opt/ros/humble /usr/bin/cmake --build /home/sienna/Desktop/combine_test/task2_src/build/dis_tutorial3 -- -j8 -l8
[1.267s] Level 1:colcon.colcon_core.environment:create_environment_scripts_only(dis_tutorial7)
[1.267s] DEBUG:colcon.colcon_core.event_handler.log_command:Invoked command in '/home/sienna/Desktop/combine_test/task2_src/build/dis_tutorial7' returned '0': CMAKE_PREFIX_PATH=${CMAKE_PREFIX_PATH}:/opt/ros/humble /usr/bin/cmake --install /home/sienna/Desktop/combine_test/task2_src/build/dis_tutorial7
[1.283s] Level 1:colcon.colcon_core.environment:checking '/home/sienna/Desktop/combine_test/task2_src/install/dis_tutorial7' for CMake module files
[1.283s] Level 1:colcon.colcon_core.environment:checking '/home/sienna/Desktop/combine_test/task2_src/install/dis_tutorial7' for CMake config files
[1.284s] Level 1:colcon.colcon_core.shell:create_environment_hook('dis_tutorial7', 'cmake_prefix_path')
[1.296s] INFO:colcon.colcon_core.shell:Creating environment hook '/home/sienna/Desktop/combine_test/task2_src/install/dis_tutorial7/share/dis_tutorial7/hook/cmake_prefix_path.ps1'
[1.297s] INFO:colcon.colcon_core.shell:Creating environment descriptor '/home/sienna/Desktop/combine_test/task2_src/install/dis_tutorial7/share/dis_tutorial7/hook/cmake_prefix_path.dsv'
[1.297s] INFO:colcon.colcon_core.shell:Creating environment hook '/home/sienna/Desktop/combine_test/task2_src/install/dis_tutorial7/share/dis_tutorial7/hook/cmake_prefix_path.sh'
[1.298s] Level 1:colcon.colcon_core.environment:checking '/home/sienna/Desktop/combine_test/task2_src/install/dis_tutorial7/lib'
[1.298s] Level 1:colcon.colcon_core.environment:checking '/home/sienna/Desktop/combine_test/task2_src/install/dis_tutorial7/bin'
[1.298s] Level 1:colcon.colcon_core.environment:checking '/home/sienna/Desktop/combine_test/task2_src/install/dis_tutorial7/lib/pkgconfig/dis_tutorial7.pc'
[1.298s] Level 1:colcon.colcon_core.environment:checking '/home/sienna/Desktop/combine_test/task2_src/install/dis_tutorial7/lib/python3.10/site-packages'
[1.298s] Level 1:colcon.colcon_core.environment:checking '/home/sienna/Desktop/combine_test/task2_src/install/dis_tutorial7/bin'
[1.311s] INFO:colcon.colcon_core.shell:Creating package script '/home/sienna/Desktop/combine_test/task2_src/install/dis_tutorial7/share/dis_tutorial7/package.ps1'
[1.311s] INFO:colcon.colcon_core.shell:Creating package descriptor '/home/sienna/Desktop/combine_test/task2_src/install/dis_tutorial7/share/dis_tutorial7/package.dsv'
[1.312s] INFO:colcon.colcon_core.shell:Creating package script '/home/sienna/Desktop/combine_test/task2_src/install/dis_tutorial7/share/dis_tutorial7/package.sh'
[1.312s] INFO:colcon.colcon_core.shell:Creating package script '/home/sienna/Desktop/combine_test/task2_src/install/dis_tutorial7/share/dis_tutorial7/package.bash'
[1.313s] INFO:colcon.colcon_core.shell:Creating package script '/home/sienna/Desktop/combine_test/task2_src/install/dis_tutorial7/share/dis_tutorial7/package.zsh'
[1.313s] Level 1:colcon.colcon_core.environment:create_file_with_runtime_dependencies(/home/sienna/Desktop/combine_test/task2_src/install/dis_tutorial7/share/colcon-core/packages/dis_tutorial7)
[1.316s] DEBUG:colcon.colcon_core.event_handler.log_command:Invoking command in '/home/sienna/Desktop/combine_test/task2_src/build/dis_tutorial3': CMAKE_PREFIX_PATH=${CMAKE_PREFIX_PATH}:/opt/ros/humble /usr/bin/cmake --install /home/sienna/Desktop/combine_test/task2_src/build/dis_tutorial3
[1.345s] Level 1:colcon.colcon_core.environment:create_environment_scripts_only(dis_tutorial7)
[1.357s] Level 1:colcon.colcon_core.environment:checking '/home/sienna/Desktop/combine_test/task2_src/install/dis_tutorial7' for CMake module files
[1.357s] Level 1:colcon.colcon_core.environment:checking '/home/sienna/Desktop/combine_test/task2_src/install/dis_tutorial7' for CMake config files
[1.358s] Level 1:colcon.colcon_core.shell:create_environment_hook('dis_tutorial7', 'cmake_prefix_path')
[1.369s] INFO:colcon.colcon_core.shell:Creating environment hook '/home/sienna/Desktop/combine_test/task2_src/install/dis_tutorial7/share/dis_tutorial7/hook/cmake_prefix_path.ps1'
[1.370s] INFO:colcon.colcon_core.shell:Creating environment descriptor '/home/sienna/Desktop/combine_test/task2_src/install/dis_tutorial7/share/dis_tutorial7/hook/cmake_prefix_path.dsv'
[1.370s] INFO:colcon.colcon_core.shell:Creating environment hook '/home/sienna/Desktop/combine_test/task2_src/install/dis_tutorial7/share/dis_tutorial7/hook/cmake_prefix_path.sh'
[1.370s] Level 1:colcon.colcon_core.environment:checking '/home/sienna/Desktop/combine_test/task2_src/install/dis_tutorial7/lib'
[1.371s] Level 1:colcon.colcon_core.environment:checking '/home/sienna/Desktop/combine_test/task2_src/install/dis_tutorial7/bin'
[1.371s] Level 1:colcon.colcon_core.environment:checking '/home/sienna/Desktop/combine_test/task2_src/install/dis_tutorial7/lib/pkgconfig/dis_tutorial7.pc'
[1.371s] Level 1:colcon.colcon_core.environment:checking '/home/sienna/Desktop/combine_test/task2_src/install/dis_tutorial7/lib/python3.10/site-packages'
[1.371s] Level 1:colcon.colcon_core.environment:checking '/home/sienna/Desktop/combine_test/task2_src/install/dis_tutorial7/bin'
[1.383s] INFO:colcon.colcon_core.shell:Creating package script '/home/sienna/Desktop/combine_test/task2_src/install/dis_tutorial7/share/dis_tutorial7/package.ps1'
[1.383s] INFO:colcon.colcon_core.shell:Creating package descriptor '/home/sienna/Desktop/combine_test/task2_src/install/dis_tutorial7/share/dis_tutorial7/package.dsv'
[1.384s] INFO:colcon.colcon_core.shell:Creating package script '/home/sienna/Desktop/combine_test/task2_src/install/dis_tutorial7/share/dis_tutorial7/package.sh'
[1.384s] INFO:colcon.colcon_core.shell:Creating package script '/home/sienna/Desktop/combine_test/task2_src/install/dis_tutorial7/share/dis_tutorial7/package.bash'
[1.384s] INFO:colcon.colcon_core.shell:Creating package script '/home/sienna/Desktop/combine_test/task2_src/install/dis_tutorial7/share/dis_tutorial7/package.zsh'
[1.385s] Level 1:colcon.colcon_core.environment:create_file_with_runtime_dependencies(/home/sienna/Desktop/combine_test/task2_src/install/dis_tutorial7/share/colcon-core/packages/dis_tutorial7)
[1.386s] Level 1:colcon.colcon_core.environment:create_environment_scripts_only(dis_tutorial3)
[1.386s] DEBUG:colcon.colcon_core.event_handler.log_command:Invoked command in '/home/sienna/Desktop/combine_test/task2_src/build/dis_tutorial3' returned '0': CMAKE_PREFIX_PATH=${CMAKE_PREFIX_PATH}:/opt/ros/humble /usr/bin/cmake --install /home/sienna/Desktop/combine_test/task2_src/build/dis_tutorial3
[1.398s] Level 1:colcon.colcon_core.environment:checking '/home/sienna/Desktop/combine_test/task2_src/install/dis_tutorial3' for CMake module files
[1.399s] Level 1:colcon.colcon_core.environment:checking '/home/sienna/Desktop/combine_test/task2_src/install/dis_tutorial3' for CMake config files
[1.399s] Level 1:colcon.colcon_core.shell:create_environment_hook('dis_tutorial3', 'cmake_prefix_path')
[1.411s] INFO:colcon.colcon_core.shell:Creating environment hook '/home/sienna/Desktop/combine_test/task2_src/install/dis_tutorial3/share/dis_tutorial3/hook/cmake_prefix_path.ps1'
[1.412s] INFO:colcon.colcon_core.shell:Creating environment descriptor '/home/sienna/Desktop/combine_test/task2_src/install/dis_tutorial3/share/dis_tutorial3/hook/cmake_prefix_path.dsv'
[1.412s] INFO:colcon.colcon_core.shell:Creating environment hook '/home/sienna/Desktop/combine_test/task2_src/install/dis_tutorial3/share/dis_tutorial3/hook/cmake_prefix_path.sh'
[1.413s] Level 1:colcon.colcon_core.environment:checking '/home/sienna/Desktop/combine_test/task2_src/install/dis_tutorial3/lib'
[1.413s] Level 1:colcon.colcon_core.environment:checking '/home/sienna/Desktop/combine_test/task2_src/install/dis_tutorial3/bin'
[1.413s] Level 1:colcon.colcon_core.environment:checking '/home/sienna/Desktop/combine_test/task2_src/install/dis_tutorial3/lib/pkgconfig/dis_tutorial3.pc'
[1.413s] Level 1:colcon.colcon_core.environment:checking '/home/sienna/Desktop/combine_test/task2_src/install/dis_tutorial3/lib/python3.10/site-packages'
[1.413s] Level 1:colcon.colcon_core.environment:checking '/home/sienna/Desktop/combine_test/task2_src/install/dis_tutorial3/bin'
[1.426s] INFO:colcon.colcon_core.shell:Creating package script '/home/sienna/Desktop/combine_test/task2_src/install/dis_tutorial3/share/dis_tutorial3/package.ps1'
[1.426s] INFO:colcon.colcon_core.shell:Creating package descriptor '/home/sienna/Desktop/combine_test/task2_src/install/dis_tutorial3/share/dis_tutorial3/package.dsv'
[1.427s] INFO:colcon.colcon_core.shell:Creating package script '/home/sienna/Desktop/combine_test/task2_src/install/dis_tutorial3/share/dis_tutorial3/package.sh'
[1.427s] INFO:colcon.colcon_core.shell:Creating package script '/home/sienna/Desktop/combine_test/task2_src/install/dis_tutorial3/share/dis_tutorial3/package.bash'
[1.427s] INFO:colcon.colcon_core.shell:Creating package script '/home/sienna/Desktop/combine_test/task2_src/install/dis_tutorial3/share/dis_tutorial3/package.zsh'
[1.427s] Level 1:colcon.colcon_core.environment:create_file_with_runtime_dependencies(/home/sienna/Desktop/combine_test/task2_src/install/dis_tutorial3/share/colcon-core/packages/dis_tutorial3)
[1.476s] Level 1:colcon.colcon_core.environment:create_environment_scripts_only(dis_tutorial3)
[1.488s] Level 1:colcon.colcon_core.environment:checking '/home/sienna/Desktop/combine_test/task2_src/install/dis_tutorial3' for CMake module files
[1.489s] Level 1:colcon.colcon_core.environment:checking '/home/sienna/Desktop/combine_test/task2_src/install/dis_tutorial3' for CMake config files
[1.489s] Level 1:colcon.colcon_core.shell:create_environment_hook('dis_tutorial3', 'cmake_prefix_path')
[1.501s] INFO:colcon.colcon_core.shell:Creating environment hook '/home/sienna/Desktop/combine_test/task2_src/install/dis_tutorial3/share/dis_tutorial3/hook/cmake_prefix_path.ps1'
[1.502s] INFO:colcon.colcon_core.shell:Creating environment descriptor '/home/sienna/Desktop/combine_test/task2_src/install/dis_tutorial3/share/dis_tutorial3/hook/cmake_prefix_path.dsv'
[1.502s] INFO:colcon.colcon_core.shell:Creating environment hook '/home/sienna/Desktop/combine_test/task2_src/install/dis_tutorial3/share/dis_tutorial3/hook/cmake_prefix_path.sh'
[1.503s] Level 1:colcon.colcon_core.environment:checking '/home/sienna/Desktop/combine_test/task2_src/install/dis_tutorial3/lib'
[1.503s] Level 1:colcon.colcon_core.environment:checking '/home/sienna/Desktop/combine_test/task2_src/install/dis_tutorial3/bin'
[1.503s] Level 1:colcon.colcon_core.environment:checking '/home/sienna/Desktop/combine_test/task2_src/install/dis_tutorial3/lib/pkgconfig/dis_tutorial3.pc'
[1.503s] Level 1:colcon.colcon_core.environment:checking '/home/sienna/Desktop/combine_test/task2_src/install/dis_tutorial3/lib/python3.10/site-packages'
[1.503s] Level 1:colcon.colcon_core.environment:checking '/home/sienna/Desktop/combine_test/task2_src/install/dis_tutorial3/bin'
[1.516s] INFO:colcon.colcon_core.shell:Creating package script '/home/sienna/Desktop/combine_test/task2_src/install/dis_tutorial3/share/dis_tutorial3/package.ps1'
[1.516s] INFO:colcon.colcon_core.shell:Creating package descriptor '/home/sienna/Desktop/combine_test/task2_src/install/dis_tutorial3/share/dis_tutorial3/package.dsv'
[1.516s] INFO:colcon.colcon_core.shell:Creating package script '/home/sienna/Desktop/combine_test/task2_src/install/dis_tutorial3/share/dis_tutorial3/package.sh'
[1.517s] INFO:colcon.colcon_core.shell:Creating package script '/home/sienna/Desktop/combine_test/task2_src/install/dis_tutorial3/share/dis_tutorial3/package.bash'
[1.517s] INFO:colcon.colcon_core.shell:Creating package script '/home/sienna/Desktop/combine_test/task2_src/install/dis_tutorial3/share/dis_tutorial3/package.zsh'
[1.517s] Level 1:colcon.colcon_core.environment:create_file_with_runtime_dependencies(/home/sienna/Desktop/combine_test/task2_src/install/dis_tutorial3/share/colcon-core/packages/dis_tutorial3)
[1.518s] DEBUG:colcon.colcon_parallel_executor.executor.parallel:closing loop
[1.518s] DEBUG:colcon.colcon_parallel_executor.executor.parallel:loop closed
[1.518s] DEBUG:colcon.colcon_parallel_executor.executor.parallel:run_until_complete finished with '0'
[1.518s] DEBUG:colcon.colcon_core.event_reactor:joining thread
[1.534s] INFO:colcon.colcon_core.plugin_system:Skipping extension 'colcon_notification.desktop_notification.terminal_notifier': Not used on non-Darwin systems
[1.534s] INFO:colcon.colcon_core.plugin_system:Skipping extension 'colcon_notification.desktop_notification.win32': Not used on non-Windows systems
[1.534s] INFO:colcon.colcon_notification.desktop_notification:Sending desktop notification using 'notify2'
[1.545s] DEBUG:colcon.colcon_core.event_reactor:joined thread
[1.559s] INFO:colcon.colcon_core.shell:Creating prefix script '/home/sienna/Desktop/combine_test/task2_src/install/local_setup.ps1'
[1.560s] INFO:colcon.colcon_core.shell:Creating prefix util module '/home/sienna/Desktop/combine_test/task2_src/install/_local_setup_util_ps1.py'
[1.561s] INFO:colcon.colcon_core.shell:Creating prefix chain script '/home/sienna/Desktop/combine_test/task2_src/install/setup.ps1'
[1.574s] INFO:colcon.colcon_core.shell:Creating prefix script '/home/sienna/Desktop/combine_test/task2_src/install/local_setup.sh'
[1.574s] INFO:colcon.colcon_core.shell:Creating prefix util module '/home/sienna/Desktop/combine_test/task2_src/install/_local_setup_util_sh.py'
[1.575s] INFO:colcon.colcon_core.shell:Creating prefix chain script '/home/sienna/Desktop/combine_test/task2_src/install/setup.sh'
[1.588s] INFO:colcon.colcon_core.shell:Creating prefix script '/home/sienna/Desktop/combine_test/task2_src/install/local_setup.bash'
[1.588s] INFO:colcon.colcon_core.shell:Creating prefix chain script '/home/sienna/Desktop/combine_test/task2_src/install/setup.bash'
[1.601s] INFO:colcon.colcon_core.shell:Creating prefix script '/home/sienna/Desktop/combine_test/task2_src/install/local_setup.zsh'
[1.602s] INFO:colcon.colcon_core.shell:Creating prefix chain script '/home/sienna/Desktop/combine_test/task2_src/install/setup.zsh'
