[0.111s] Invoking command in '/home/sienna/Desktop/combine_test/task2_src/build/dis_tutorial3': CMAKE_PREFIX_PATH=${CMAKE_PREFIX_PATH}:/opt/ros/humble /usr/bin/cmake --build /home/sienna/Desktop/combine_test/task2_src/build/dis_tutorial3 -- -j8 -l8
[0.215s] [ 66%] Built target planes
[0.215s] [ 66%] Built target pcl_forwarder
[0.219s] [100%] Built target cylinder_segmentation
[0.277s] Invoked command in '/home/sienna/Desktop/combine_test/task2_src/build/dis_tutorial3' returned '0': CMAKE_PREFIX_PATH=${CMAKE_PREFIX_PATH}:/opt/ros/humble /usr/bin/cmake --build /home/sienna/Desktop/combine_test/task2_src/build/dis_tutorial3 -- -j8 -l8
[0.350s] Invoking command in '/home/sienna/Desktop/combine_test/task2_src/build/dis_tutorial3': CMAKE_PREFIX_PATH=${CMAKE_PREFIX_PATH}:/opt/ros/humble /usr/bin/cmake --install /home/sienna/Desktop/combine_test/task2_src/build/dis_tutorial3
[0.356s] -- Install configuration: ""
[0.356s] -- Execute custom install script
[0.357s] -- Up-to-date symlink: /home/sienna/Desktop/combine_test/task2_src/install/dis_tutorial3/lib/dis_tutorial3/pcl_forwarder
[0.358s] -- Up-to-date symlink: /home/sienna/Desktop/combine_test/task2_src/install/dis_tutorial3/lib/dis_tutorial3/planes
[0.358s] -- Up-to-date symlink: /home/sienna/Desktop/combine_test/task2_src/install/dis_tutorial3/lib/dis_tutorial3/cylinder_segmentation
[0.359s] -- Up-to-date symlink: /home/sienna/Desktop/combine_test/task2_src/install/dis_tutorial3/share/dis_tutorial3//launch/create3_nodes.launch.py
[0.359s] -- Up-to-date symlink: /home/sienna/Desktop/combine_test/task2_src/install/dis_tutorial3/share/dis_tutorial3//launch/dis_sim.launch.py
[0.360s] -- Up-to-date symlink: /home/sienna/Desktop/combine_test/task2_src/install/dis_tutorial3/share/dis_tutorial3//launch/ignition.launch.py
[0.360s] -- Up-to-date symlink: /home/sienna/Desktop/combine_test/task2_src/install/dis_tutorial3/share/dis_tutorial3//launch/localization.launch.py
[0.360s] -- Up-to-date symlink: /home/sienna/Desktop/combine_test/task2_src/install/dis_tutorial3/share/dis_tutorial3//launch/nav2.launch.py
[0.360s] -- Up-to-date symlink: /home/sienna/Desktop/combine_test/task2_src/install/dis_tutorial3/share/dis_tutorial3//launch/sim_turtlebot_nav.launch.py
[0.360s] -- Up-to-date symlink: /home/sienna/Desktop/combine_test/task2_src/install/dis_tutorial3/share/dis_tutorial3//launch/sim_turtlebot_slam.launch.py
[0.360s] -- Up-to-date symlink: /home/sienna/Desktop/combine_test/task2_src/install/dis_tutorial3/share/dis_tutorial3//launch/slam.launch.py
[0.361s] -- Up-to-date symlink: /home/sienna/Desktop/combine_test/task2_src/install/dis_tutorial3/share/dis_tutorial3//launch/turtlebot4_spawn.launch.py
[0.361s] -- Up-to-date symlink: /home/sienna/Desktop/combine_test/task2_src/install/dis_tutorial3/share/dis_tutorial3//launch/turtlebot4_spawn_nav.launch.py
[0.361s] -- Up-to-date symlink: /home/sienna/Desktop/combine_test/task2_src/install/dis_tutorial3/share/dis_tutorial3//config/laser_filter_chain.yaml
[0.361s] -- Up-to-date symlink: /home/sienna/Desktop/combine_test/task2_src/install/dis_tutorial3/share/dis_tutorial3//config/localization.yaml
[0.362s] -- Up-to-date symlink: /home/sienna/Desktop/combine_test/task2_src/install/dis_tutorial3/share/dis_tutorial3//config/nav2.yaml
[0.362s] -- Up-to-date symlink: /home/sienna/Desktop/combine_test/task2_src/install/dis_tutorial3/share/dis_tutorial3//config/slam.yaml
[0.364s] -- Up-to-date symlink: /home/sienna/Desktop/combine_test/task2_src/install/dis_tutorial3/share/dis_tutorial3//worlds/demo1.sdf
[0.364s] -- Up-to-date symlink: /home/sienna/Desktop/combine_test/task2_src/install/dis_tutorial3/share/dis_tutorial3//worlds/demo1_meshes/cylinders.jpg
[0.364s] -- Up-to-date symlink: /home/sienna/Desktop/combine_test/task2_src/install/dis_tutorial3/share/dis_tutorial3//worlds/demo1_meshes/fakering1.jpg
[0.364s] -- Up-to-date symlink: /home/sienna/Desktop/combine_test/task2_src/install/dis_tutorial3/share/dis_tutorial3//worlds/demo1_meshes/fakering2.jpg
[0.364s] -- Up-to-date symlink: /home/sienna/Desktop/combine_test/task2_src/install/dis_tutorial3/share/dis_tutorial3//worlds/demo1_meshes/fakering3.jpg
[0.364s] -- Up-to-date symlink: /home/sienna/Desktop/combine_test/task2_src/install/dis_tutorial3/share/dis_tutorial3//worlds/demo1_meshes/ground.jpg
[0.364s] -- Up-to-date symlink: /home/sienna/Desktop/combine_test/task2_src/install/dis_tutorial3/share/dis_tutorial3//worlds/demo1_meshes/map.dae
[0.365s] -- Up-to-date symlink: /home/sienna/Desktop/combine_test/task2_src/install/dis_tutorial3/share/dis_tutorial3//worlds/demo1_meshes/map_colliders.dae
[0.365s] -- Up-to-date symlink: /home/sienna/Desktop/combine_test/task2_src/install/dis_tutorial3/share/dis_tutorial3//worlds/demo1_meshes/objects.jpg
[0.365s] -- Up-to-date symlink: /home/sienna/Desktop/combine_test/task2_src/install/dis_tutorial3/share/dis_tutorial3//worlds/demo1_meshes/parking_space.jpg
[0.365s] -- Up-to-date symlink: /home/sienna/Desktop/combine_test/task2_src/install/dis_tutorial3/share/dis_tutorial3//worlds/demo1_meshes/person1.png
[0.365s] -- Up-to-date symlink: /home/sienna/Desktop/combine_test/task2_src/install/dis_tutorial3/share/dis_tutorial3//worlds/demo1_meshes/person11.png
[0.365s] -- Up-to-date symlink: /home/sienna/Desktop/combine_test/task2_src/install/dis_tutorial3/share/dis_tutorial3//worlds/demo1_meshes/person2.png
[0.365s] -- Up-to-date symlink: /home/sienna/Desktop/combine_test/task2_src/install/dis_tutorial3/share/dis_tutorial3//worlds/demo1_meshes/person3.png
[0.365s] -- Up-to-date symlink: /home/sienna/Desktop/combine_test/task2_src/install/dis_tutorial3/share/dis_tutorial3//worlds/demo1_meshes/person4.png
[0.366s] -- Up-to-date symlink: /home/sienna/Desktop/combine_test/task2_src/install/dis_tutorial3/share/dis_tutorial3//worlds/demo1_meshes/person5.png
[0.366s] -- Up-to-date symlink: /home/sienna/Desktop/combine_test/task2_src/install/dis_tutorial3/share/dis_tutorial3//worlds/demo1_meshes/qr1.jpg
[0.366s] -- Up-to-date symlink: /home/sienna/Desktop/combine_test/task2_src/install/dis_tutorial3/share/dis_tutorial3//worlds/demo1_meshes/qr2.jpg
[0.366s] -- Up-to-date symlink: /home/sienna/Desktop/combine_test/task2_src/install/dis_tutorial3/share/dis_tutorial3//worlds/demo2.sdf
[0.366s] -- Up-to-date symlink: /home/sienna/Desktop/combine_test/task2_src/install/dis_tutorial3/share/dis_tutorial3//worlds/demo2_meshes/cylinders.jpg
[0.366s] -- Up-to-date symlink: /home/sienna/Desktop/combine_test/task2_src/install/dis_tutorial3/share/dis_tutorial3//worlds/demo2_meshes/fakering1.jpg
[0.366s] -- Up-to-date symlink: /home/sienna/Desktop/combine_test/task2_src/install/dis_tutorial3/share/dis_tutorial3//worlds/demo2_meshes/fakering2.jpg
[0.366s] -- Up-to-date symlink: /home/sienna/Desktop/combine_test/task2_src/install/dis_tutorial3/share/dis_tutorial3//worlds/demo2_meshes/fakering3.jpg
[0.367s] -- Up-to-date symlink: /home/sienna/Desktop/combine_test/task2_src/install/dis_tutorial3/share/dis_tutorial3//worlds/demo2_meshes/ground.jpg
[0.367s] -- Up-to-date symlink: /home/sienna/Desktop/combine_test/task2_src/install/dis_tutorial3/share/dis_tutorial3//worlds/demo2_meshes/map.dae
[0.367s] -- Up-to-date symlink: /home/sienna/Desktop/combine_test/task2_src/install/dis_tutorial3/share/dis_tutorial3//worlds/demo2_meshes/map_colliders.dae
[0.367s] -- Up-to-date symlink: /home/sienna/Desktop/combine_test/task2_src/install/dis_tutorial3/share/dis_tutorial3//worlds/demo2_meshes/objects.jpg
[0.367s] -- Up-to-date symlink: /home/sienna/Desktop/combine_test/task2_src/install/dis_tutorial3/share/dis_tutorial3//worlds/demo2_meshes/parking_space.jpg
[0.367s] -- Up-to-date symlink: /home/sienna/Desktop/combine_test/task2_src/install/dis_tutorial3/share/dis_tutorial3//worlds/demo2_meshes/person18.png
[0.367s] -- Up-to-date symlink: /home/sienna/Desktop/combine_test/task2_src/install/dis_tutorial3/share/dis_tutorial3//worlds/demo2_meshes/person20.png
[0.368s] -- Up-to-date symlink: /home/sienna/Desktop/combine_test/task2_src/install/dis_tutorial3/share/dis_tutorial3//worlds/demo2_meshes/person6.png
[0.368s] -- Up-to-date symlink: /home/sienna/Desktop/combine_test/task2_src/install/dis_tutorial3/share/dis_tutorial3//worlds/demo2_meshes/person7.png
[0.368s] -- Up-to-date symlink: /home/sienna/Desktop/combine_test/task2_src/install/dis_tutorial3/share/dis_tutorial3//worlds/demo2_meshes/person8.png
[0.368s] -- Up-to-date symlink: /home/sienna/Desktop/combine_test/task2_src/install/dis_tutorial3/share/dis_tutorial3//worlds/demo2_meshes/person9.png
[0.368s] -- Up-to-date symlink: /home/sienna/Desktop/combine_test/task2_src/install/dis_tutorial3/share/dis_tutorial3//worlds/demo2_meshes/qr1.jpg
[0.369s] -- Up-to-date symlink: /home/sienna/Desktop/combine_test/task2_src/install/dis_tutorial3/share/dis_tutorial3//worlds/demo2_meshes/qr2.jpg
[0.369s] -- Up-to-date symlink: /home/sienna/Desktop/combine_test/task2_src/install/dis_tutorial3/share/dis_tutorial3//worlds/dis.sdf
[0.369s] -- Up-to-date symlink: /home/sienna/Desktop/combine_test/task2_src/install/dis_tutorial3/share/dis_tutorial3//worlds/dis_meshes/cylinders.jpg
[0.369s] -- Up-to-date symlink: /home/sienna/Desktop/combine_test/task2_src/install/dis_tutorial3/share/dis_tutorial3//worlds/dis_meshes/davinci.jpg
[0.369s] -- Up-to-date symlink: /home/sienna/Desktop/combine_test/task2_src/install/dis_tutorial3/share/dis_tutorial3//worlds/dis_meshes/fakering1.jpg
[0.370s] -- Up-to-date symlink: /home/sienna/Desktop/combine_test/task2_src/install/dis_tutorial3/share/dis_tutorial3//worlds/dis_meshes/fakering2.jpg
[0.370s] -- Up-to-date symlink: /home/sienna/Desktop/combine_test/task2_src/install/dis_tutorial3/share/dis_tutorial3//worlds/dis_meshes/fakering3.jpg
[0.370s] -- Up-to-date symlink: /home/sienna/Desktop/combine_test/task2_src/install/dis_tutorial3/share/dis_tutorial3//worlds/dis_meshes/ground.jpg
[0.370s] -- Up-to-date symlink: /home/sienna/Desktop/combine_test/task2_src/install/dis_tutorial3/share/dis_tutorial3//worlds/dis_meshes/map.dae
[0.370s] -- Up-to-date symlink: /home/sienna/Desktop/combine_test/task2_src/install/dis_tutorial3/share/dis_tutorial3//worlds/dis_meshes/map_colliders.dae
[0.370s] -- Up-to-date symlink: /home/sienna/Desktop/combine_test/task2_src/install/dis_tutorial3/share/dis_tutorial3//worlds/dis_meshes/mona1.jpg
[0.370s] -- Up-to-date symlink: /home/sienna/Desktop/combine_test/task2_src/install/dis_tutorial3/share/dis_tutorial3//worlds/dis_meshes/objects.jpg
[0.370s] -- Up-to-date symlink: /home/sienna/Desktop/combine_test/task2_src/install/dis_tutorial3/share/dis_tutorial3//worlds/dis_meshes/parking_space.jpg
[0.371s] -- Up-to-date symlink: /home/sienna/Desktop/combine_test/task2_src/install/dis_tutorial3/share/dis_tutorial3//worlds/dis_meshes/person1.jpg
[0.371s] -- Up-to-date symlink: /home/sienna/Desktop/combine_test/task2_src/install/dis_tutorial3/share/dis_tutorial3//worlds/dis_meshes/person2.jpg
[0.371s] -- Up-to-date symlink: /home/sienna/Desktop/combine_test/task2_src/install/dis_tutorial3/share/dis_tutorial3//worlds/dis_meshes/person3.jpg
[0.371s] -- Up-to-date symlink: /home/sienna/Desktop/combine_test/task2_src/install/dis_tutorial3/share/dis_tutorial3//worlds/dis_meshes/person4.jpg
[0.371s] -- Up-to-date symlink: /home/sienna/Desktop/combine_test/task2_src/install/dis_tutorial3/share/dis_tutorial3//worlds/dis_meshes/person5.jpg
[0.371s] -- Up-to-date symlink: /home/sienna/Desktop/combine_test/task2_src/install/dis_tutorial3/share/dis_tutorial3//worlds/dis_meshes/qr1.jpg
[0.371s] -- Up-to-date symlink: /home/sienna/Desktop/combine_test/task2_src/install/dis_tutorial3/share/dis_tutorial3//worlds/dis_meshes/qr2.jpg
[0.371s] -- Up-to-date symlink: /home/sienna/Desktop/combine_test/task2_src/install/dis_tutorial3/share/dis_tutorial3//worlds/dis_meshes/wood.jpg
[0.372s] -- Up-to-date symlink: /home/sienna/Desktop/combine_test/task2_src/install/dis_tutorial3/share/dis_tutorial3//worlds/empty.sdf
[0.372s] -- Up-to-date symlink: /home/sienna/Desktop/combine_test/task2_src/install/dis_tutorial3/share/dis_tutorial3//worlds/task2_demo1.sdf
[0.372s] -- Up-to-date symlink: /home/sienna/Desktop/combine_test/task2_src/install/dis_tutorial3/share/dis_tutorial3//worlds/task2_demo1_meshes/cylinders.jpg
[0.372s] -- Up-to-date symlink: /home/sienna/Desktop/combine_test/task2_src/install/dis_tutorial3/share/dis_tutorial3//worlds/task2_demo1_meshes/fakering1.jpg
[0.372s] -- Up-to-date symlink: /home/sienna/Desktop/combine_test/task2_src/install/dis_tutorial3/share/dis_tutorial3//worlds/task2_demo1_meshes/fakering2.jpg
[0.372s] -- Up-to-date symlink: /home/sienna/Desktop/combine_test/task2_src/install/dis_tutorial3/share/dis_tutorial3//worlds/task2_demo1_meshes/fakering3.jpg
[0.372s] -- Up-to-date symlink: /home/sienna/Desktop/combine_test/task2_src/install/dis_tutorial3/share/dis_tutorial3//worlds/task2_demo1_meshes/ground.jpg
[0.373s] -- Up-to-date symlink: /home/sienna/Desktop/combine_test/task2_src/install/dis_tutorial3/share/dis_tutorial3//worlds/task2_demo1_meshes/map.dae
[0.373s] -- Up-to-date symlink: /home/sienna/Desktop/combine_test/task2_src/install/dis_tutorial3/share/dis_tutorial3//worlds/task2_demo1_meshes/map_colliders.dae
[0.373s] -- Up-to-date symlink: /home/sienna/Desktop/combine_test/task2_src/install/dis_tutorial3/share/dis_tutorial3//worlds/task2_demo1_meshes/objects.jpg
[0.373s] -- Up-to-date symlink: /home/sienna/Desktop/combine_test/task2_src/install/dis_tutorial3/share/dis_tutorial3//worlds/task2_demo1_meshes/parking_space.jpg
[0.373s] -- Up-to-date symlink: /home/sienna/Desktop/combine_test/task2_src/install/dis_tutorial3/share/dis_tutorial3//worlds/task2_demo2.sdf
[0.374s] -- Up-to-date symlink: /home/sienna/Desktop/combine_test/task2_src/install/dis_tutorial3/share/dis_tutorial3//worlds/task2_demo2_meshes/cylinders.jpg
[0.374s] -- Up-to-date symlink: /home/sienna/Desktop/combine_test/task2_src/install/dis_tutorial3/share/dis_tutorial3//worlds/task2_demo2_meshes/fakering1.jpg
[0.374s] -- Up-to-date symlink: /home/sienna/Desktop/combine_test/task2_src/install/dis_tutorial3/share/dis_tutorial3//worlds/task2_demo2_meshes/fakering2.jpg
[0.374s] -- Up-to-date symlink: /home/sienna/Desktop/combine_test/task2_src/install/dis_tutorial3/share/dis_tutorial3//worlds/task2_demo2_meshes/fakering3.jpg
[0.375s] -- Up-to-date symlink: /home/sienna/Desktop/combine_test/task2_src/install/dis_tutorial3/share/dis_tutorial3//worlds/task2_demo2_meshes/ground.jpg
[0.375s] -- Up-to-date symlink: /home/sienna/Desktop/combine_test/task2_src/install/dis_tutorial3/share/dis_tutorial3//worlds/task2_demo2_meshes/map.dae
[0.375s] -- Up-to-date symlink: /home/sienna/Desktop/combine_test/task2_src/install/dis_tutorial3/share/dis_tutorial3//worlds/task2_demo2_meshes/map_colliders.dae
[0.375s] -- Up-to-date symlink: /home/sienna/Desktop/combine_test/task2_src/install/dis_tutorial3/share/dis_tutorial3//worlds/task2_demo2_meshes/objects.jpg
[0.375s] -- Up-to-date symlink: /home/sienna/Desktop/combine_test/task2_src/install/dis_tutorial3/share/dis_tutorial3//worlds/task2_demo2_meshes/parking_space.jpg
[0.376s] -- Up-to-date symlink: /home/sienna/Desktop/combine_test/task2_src/install/dis_tutorial3/share/dis_tutorial3//maps/map.pgm
[0.376s] -- Up-to-date symlink: /home/sienna/Desktop/combine_test/task2_src/install/dis_tutorial3/share/dis_tutorial3//maps/map.yaml
[0.376s] -- Up-to-date symlink: /home/sienna/Desktop/combine_test/task2_src/install/dis_tutorial3/lib/dis_tutorial3/detect_people.py
[0.376s] -- Up-to-date symlink: /home/sienna/Desktop/combine_test/task2_src/install/dis_tutorial3/lib/dis_tutorial3/robot_commander.py
[0.376s] -- Up-to-date symlink: /home/sienna/Desktop/combine_test/task2_src/install/dis_tutorial3/lib/dis_tutorial3/detect_rings.py
[0.377s] -- Up-to-date symlink: /home/sienna/Desktop/combine_test/task2_src/install/dis_tutorial3/share/ament_index/resource_index/package_run_dependencies/dis_tutorial3
[0.377s] -- Up-to-date symlink: /home/sienna/Desktop/combine_test/task2_src/install/dis_tutorial3/share/ament_index/resource_index/parent_prefix_path/dis_tutorial3
[0.377s] -- Up-to-date symlink: /home/sienna/Desktop/combine_test/task2_src/install/dis_tutorial3/share/dis_tutorial3/environment/ament_prefix_path.sh
[0.377s] -- Up-to-date symlink: /home/sienna/Desktop/combine_test/task2_src/install/dis_tutorial3/share/dis_tutorial3/environment/ament_prefix_path.dsv
[0.377s] -- Up-to-date symlink: /home/sienna/Desktop/combine_test/task2_src/install/dis_tutorial3/share/dis_tutorial3/environment/path.sh
[0.377s] -- Up-to-date symlink: /home/sienna/Desktop/combine_test/task2_src/install/dis_tutorial3/share/dis_tutorial3/environment/path.dsv
[0.378s] -- Up-to-date symlink: /home/sienna/Desktop/combine_test/task2_src/install/dis_tutorial3/share/dis_tutorial3/local_setup.bash
[0.378s] -- Up-to-date symlink: /home/sienna/Desktop/combine_test/task2_src/install/dis_tutorial3/share/dis_tutorial3/local_setup.sh
[0.378s] -- Up-to-date symlink: /home/sienna/Desktop/combine_test/task2_src/install/dis_tutorial3/share/dis_tutorial3/local_setup.zsh
[0.378s] -- Up-to-date symlink: /home/sienna/Desktop/combine_test/task2_src/install/dis_tutorial3/share/dis_tutorial3/local_setup.dsv
[0.378s] -- Symlinking: /home/sienna/Desktop/combine_test/task2_src/install/dis_tutorial3/share/dis_tutorial3/package.dsv
[0.386s] -- Up-to-date symlink: /home/sienna/Desktop/combine_test/task2_src/install/dis_tutorial3/share/ament_index/resource_index/packages/dis_tutorial3
[0.386s] -- Up-to-date symlink: /home/sienna/Desktop/combine_test/task2_src/install/dis_tutorial3/share/dis_tutorial3/cmake/dis_tutorial3Config.cmake
[0.386s] -- Up-to-date symlink: /home/sienna/Desktop/combine_test/task2_src/install/dis_tutorial3/share/dis_tutorial3/cmake/dis_tutorial3Config-version.cmake
[0.386s] -- Up-to-date symlink: /home/sienna/Desktop/combine_test/task2_src/install/dis_tutorial3/share/dis_tutorial3/package.xml
[0.388s] Invoked command in '/home/sienna/Desktop/combine_test/task2_src/build/dis_tutorial3' returned '0': CMAKE_PREFIX_PATH=${CMAKE_PREFIX_PATH}:/opt/ros/humble /usr/bin/cmake --install /home/sienna/Desktop/combine_test/task2_src/build/dis_tutorial3
